[2025-12-15T14:44:22.481+0000] {local_task_job_runner.py:120} INFO - ::group::Pre task execution logs
[2025-12-15T14:44:22.510+0000] {taskinstance.py:2073} INFO - Dependencies all met for dep_context=non-requeueable deps ti=<TaskInstance: mfg_raw_ingestion_dag.ingest_raw_to_snowflake manual__2025-12-15T14:28:06.606588+00:00 [queued]>
[2025-12-15T14:44:22.518+0000] {taskinstance.py:2073} INFO - Dependencies all met for dep_context=requeueable deps ti=<TaskInstance: mfg_raw_ingestion_dag.ingest_raw_to_snowflake manual__2025-12-15T14:28:06.606588+00:00 [queued]>
[2025-12-15T14:44:22.519+0000] {taskinstance.py:2303} INFO - Starting attempt 2 of 3
[2025-12-15T14:44:22.534+0000] {taskinstance.py:2327} INFO - Executing <Task(BashOperator): ingest_raw_to_snowflake> on 2025-12-15 14:28:06.606588+00:00
[2025-12-15T14:44:22.540+0000] {standard_task_runner.py:90} INFO - Running: ['***', 'tasks', 'run', 'mfg_raw_ingestion_dag', 'ingest_raw_to_snowflake', 'manual__2025-12-15T14:28:06.606588+00:00', '--job-id', '31', '--raw', '--subdir', 'DAGS_FOLDER/mfg_raw_ingestion_dag.py', '--cfg-path', '/tmp/tmp2c31ffuu']
[2025-12-15T14:44:22.542+0000] {standard_task_runner.py:91} INFO - Job 31: Subtask ingest_raw_to_snowflake
[2025-12-15T14:44:22.544+0000] {logging_mixin.py:188} WARNING - /home/***/.local/lib/python3.12/site-packages/***/task/task_runner/standard_task_runner.py:61 DeprecationWarning: This process (pid=3963) is multi-threaded, use of fork() may lead to deadlocks in the child.
[2025-12-15T14:44:22.544+0000] {standard_task_runner.py:63} INFO - Started process 3964 to run task
[2025-12-15T14:44:22.594+0000] {task_command.py:426} INFO - Running <TaskInstance: mfg_raw_ingestion_dag.ingest_raw_to_snowflake manual__2025-12-15T14:28:06.606588+00:00 [running]> on host 3799fda194bc
[2025-12-15T14:44:22.672+0000] {taskinstance.py:2644} INFO - Exporting env vars: AIRFLOW_CTX_DAG_OWNER='data-engineering' AIRFLOW_CTX_DAG_ID='mfg_raw_ingestion_dag' AIRFLOW_CTX_TASK_ID='ingest_raw_to_snowflake' AIRFLOW_CTX_EXECUTION_DATE='2025-12-15T14:28:06.606588+00:00' AIRFLOW_CTX_TRY_NUMBER='2' AIRFLOW_CTX_DAG_RUN_ID='manual__2025-12-15T14:28:06.606588+00:00'
[2025-12-15T14:44:22.673+0000] {taskinstance.py:430} INFO - ::endgroup::
[2025-12-15T14:44:22.689+0000] {subprocess.py:63} INFO - Tmp dir root location: /tmp
[2025-12-15T14:44:22.691+0000] {subprocess.py:75} INFO - Running command: ['/usr/bin/bash', '-c', 'set -euo pipefail; python /opt/***/ingestion/python/load_raw_to_snowflake.py']
[2025-12-15T14:44:22.699+0000] {subprocess.py:86} INFO - Output:
[2025-12-15T14:44:24.324+0000] {subprocess.py:93} INFO - [INFO] 2025-12-15 14:44:24 - Loaded environment variables from /opt/***/.env
[2025-12-15T14:44:24.330+0000] {subprocess.py:93} INFO - [INFO] 2025-12-15 14:44:24 - Starting RAW load. load_run_id=da4e2aaf-e897-4843-9cf8-3f093bf778e6
[2025-12-15T14:44:24.330+0000] {subprocess.py:93} INFO - [INFO] 2025-12-15 14:44:24 - Using data directory: /opt/***/data/raw/source_system
[2025-12-15T14:44:24.331+0000] {subprocess.py:93} INFO - [INFO] 2025-12-15 14:44:24 - Connecting to Snowflake...
[2025-12-15T14:44:25.638+0000] {subprocess.py:93} INFO - [INFO] 2025-12-15 14:44:25 - Ensuring RAW tables exist (run-aware append-only)...
[2025-12-15T14:44:26.629+0000] {subprocess.py:93} INFO - [INFO] 2025-12-15 14:44:26 - RAW tables are ready.
[2025-12-15T14:44:26.630+0000] {subprocess.py:93} INFO - [INFO] 2025-12-15 14:44:26 - Ensuring RAW_LOAD_AUDIT table exists...
[2025-12-15T14:44:26.880+0000] {subprocess.py:93} INFO - [INFO] 2025-12-15 14:44:26 - RAW_LOAD_AUDIT is ready.
[2025-12-15T14:44:26.893+0000] {subprocess.py:93} INFO - [INFO] 2025-12-15 14:44:26 - Read 500 rows from materials.csv
[2025-12-15T14:44:26.917+0000] {subprocess.py:93} INFO - [INFO] 2025-12-15 14:44:26 - Read 10,000 rows from batches.csv
[2025-12-15T14:44:26.948+0000] {subprocess.py:93} INFO - [INFO] 2025-12-15 14:44:26 - Read 10,000 rows from production_orders.csv
[2025-12-15T14:44:32.256+0000] {subprocess.py:93} INFO - [ERROR] 2025-12-15 14:44:32 - [MATERIALS] Load failed: 000904 (42000): SQL compilation error: error line 2 at position 11
[2025-12-15T14:44:32.256+0000] {subprocess.py:93} INFO - invalid identifier 'LOAD_RUN_ID'
[2025-12-15T14:44:32.257+0000] {subprocess.py:93} INFO - Traceback (most recent call last):
[2025-12-15T14:44:32.257+0000] {subprocess.py:93} INFO -   File "/opt/***/ingestion/python/load_raw_to_snowflake.py", line 272, in load_df
[2025-12-15T14:44:32.258+0000] {subprocess.py:93} INFO -     _audit(cur, load_run_id, source_name, table_name, rows_read, int(rows_loaded), "SUCCESS", None)
[2025-12-15T14:44:32.259+0000] {subprocess.py:93} INFO -   File "/opt/***/ingestion/python/load_raw_to_snowflake.py", line 220, in _audit
[2025-12-15T14:44:32.259+0000] {subprocess.py:93} INFO -     cur.execute(
[2025-12-15T14:44:32.259+0000] {subprocess.py:93} INFO -   File "/home/***/.local/lib/python3.12/site-packages/snowflake/connector/cursor.py", line 1134, in execute
[2025-12-15T14:44:32.260+0000] {subprocess.py:93} INFO -     Error.errorhandler_wrapper(self.connection, self, error_class, errvalue)
[2025-12-15T14:44:32.261+0000] {subprocess.py:93} INFO -   File "/home/***/.local/lib/python3.12/site-packages/snowflake/connector/errors.py", line 286, in errorhandler_wrapper
[2025-12-15T14:44:32.261+0000] {subprocess.py:93} INFO -     handed_over = Error.hand_to_other_handler(
[2025-12-15T14:44:32.262+0000] {subprocess.py:93} INFO -                   ^^^^^^^^^^^^^^^^^^^^^^^^^^^^
[2025-12-15T14:44:32.262+0000] {subprocess.py:93} INFO -   File "/home/***/.local/lib/python3.12/site-packages/snowflake/connector/errors.py", line 341, in hand_to_other_handler
[2025-12-15T14:44:32.262+0000] {subprocess.py:93} INFO -     cursor.errorhandler(connection, cursor, error_class, error_value)
[2025-12-15T14:44:32.263+0000] {subprocess.py:93} INFO -   File "/home/***/.local/lib/python3.12/site-packages/snowflake/connector/errors.py", line 217, in default_errorhandler
[2025-12-15T14:44:32.263+0000] {subprocess.py:93} INFO -     raise error_class(
[2025-12-15T14:44:32.264+0000] {subprocess.py:93} INFO - snowflake.connector.errors.ProgrammingError: 000904 (42000): SQL compilation error: error line 2 at position 11
[2025-12-15T14:44:32.264+0000] {subprocess.py:93} INFO - invalid identifier 'LOAD_RUN_ID'
[2025-12-15T14:44:32.508+0000] {subprocess.py:93} INFO - [ERROR] 2025-12-15 14:44:32 - [MATERIALS] Also failed to write audit row: 000904 (42000): SQL compilation error: error line 2 at position 11
[2025-12-15T14:44:32.509+0000] {subprocess.py:93} INFO - invalid identifier 'LOAD_RUN_ID'
[2025-12-15T14:44:37.330+0000] {subprocess.py:93} INFO - [ERROR] 2025-12-15 14:44:37 - [BATCHES] Load failed: 000904 (42000): SQL compilation error: error line 2 at position 11
[2025-12-15T14:44:37.330+0000] {subprocess.py:93} INFO - invalid identifier 'LOAD_RUN_ID'
[2025-12-15T14:44:37.331+0000] {subprocess.py:93} INFO - Traceback (most recent call last):
[2025-12-15T14:44:37.331+0000] {subprocess.py:93} INFO -   File "/opt/***/ingestion/python/load_raw_to_snowflake.py", line 272, in load_df
[2025-12-15T14:44:37.332+0000] {subprocess.py:93} INFO -     _audit(cur, load_run_id, source_name, table_name, rows_read, int(rows_loaded), "SUCCESS", None)
[2025-12-15T14:44:37.332+0000] {subprocess.py:93} INFO -   File "/opt/***/ingestion/python/load_raw_to_snowflake.py", line 220, in _audit
[2025-12-15T14:44:37.333+0000] {subprocess.py:93} INFO -     cur.execute(
[2025-12-15T14:44:37.333+0000] {subprocess.py:93} INFO -   File "/home/***/.local/lib/python3.12/site-packages/snowflake/connector/cursor.py", line 1134, in execute
[2025-12-15T14:44:37.334+0000] {subprocess.py:93} INFO -     Error.errorhandler_wrapper(self.connection, self, error_class, errvalue)
[2025-12-15T14:44:37.334+0000] {subprocess.py:93} INFO -   File "/home/***/.local/lib/python3.12/site-packages/snowflake/connector/errors.py", line 286, in errorhandler_wrapper
[2025-12-15T14:44:37.335+0000] {subprocess.py:93} INFO -     handed_over = Error.hand_to_other_handler(
[2025-12-15T14:44:37.335+0000] {subprocess.py:93} INFO -                   ^^^^^^^^^^^^^^^^^^^^^^^^^^^^
[2025-12-15T14:44:37.336+0000] {subprocess.py:93} INFO -   File "/home/***/.local/lib/python3.12/site-packages/snowflake/connector/errors.py", line 341, in hand_to_other_handler
[2025-12-15T14:44:37.336+0000] {subprocess.py:93} INFO -     cursor.errorhandler(connection, cursor, error_class, error_value)
[2025-12-15T14:44:37.337+0000] {subprocess.py:93} INFO -   File "/home/***/.local/lib/python3.12/site-packages/snowflake/connector/errors.py", line 217, in default_errorhandler
[2025-12-15T14:44:37.337+0000] {subprocess.py:93} INFO -     raise error_class(
[2025-12-15T14:44:37.338+0000] {subprocess.py:93} INFO - snowflake.connector.errors.ProgrammingError: 000904 (42000): SQL compilation error: error line 2 at position 11
[2025-12-15T14:44:37.338+0000] {subprocess.py:93} INFO - invalid identifier 'LOAD_RUN_ID'
[2025-12-15T14:44:37.584+0000] {subprocess.py:93} INFO - [ERROR] 2025-12-15 14:44:37 - [BATCHES] Also failed to write audit row: 000904 (42000): SQL compilation error: error line 2 at position 11
[2025-12-15T14:44:37.585+0000] {subprocess.py:93} INFO - invalid identifier 'LOAD_RUN_ID'
[2025-12-15T14:44:42.596+0000] {subprocess.py:93} INFO - [ERROR] 2025-12-15 14:44:42 - [PRODUCTION_ORDERS] Load failed: 000904 (42000): SQL compilation error: error line 2 at position 11
[2025-12-15T14:44:42.597+0000] {subprocess.py:93} INFO - invalid identifier 'LOAD_RUN_ID'
[2025-12-15T14:44:42.597+0000] {subprocess.py:93} INFO - Traceback (most recent call last):
[2025-12-15T14:44:42.598+0000] {subprocess.py:93} INFO -   File "/opt/***/ingestion/python/load_raw_to_snowflake.py", line 272, in load_df
[2025-12-15T14:44:42.598+0000] {subprocess.py:93} INFO -     _audit(cur, load_run_id, source_name, table_name, rows_read, int(rows_loaded), "SUCCESS", None)
[2025-12-15T14:44:42.599+0000] {subprocess.py:93} INFO -   File "/opt/***/ingestion/python/load_raw_to_snowflake.py", line 220, in _audit
[2025-12-15T14:44:42.599+0000] {subprocess.py:93} INFO -     cur.execute(
[2025-12-15T14:44:42.600+0000] {subprocess.py:93} INFO -   File "/home/***/.local/lib/python3.12/site-packages/snowflake/connector/cursor.py", line 1134, in execute
[2025-12-15T14:44:42.600+0000] {subprocess.py:93} INFO -     Error.errorhandler_wrapper(self.connection, self, error_class, errvalue)
[2025-12-15T14:44:42.601+0000] {subprocess.py:93} INFO -   File "/home/***/.local/lib/python3.12/site-packages/snowflake/connector/errors.py", line 286, in errorhandler_wrapper
[2025-12-15T14:44:42.601+0000] {subprocess.py:93} INFO -     handed_over = Error.hand_to_other_handler(
[2025-12-15T14:44:42.602+0000] {subprocess.py:93} INFO -                   ^^^^^^^^^^^^^^^^^^^^^^^^^^^^
[2025-12-15T14:44:42.602+0000] {subprocess.py:93} INFO -   File "/home/***/.local/lib/python3.12/site-packages/snowflake/connector/errors.py", line 341, in hand_to_other_handler
[2025-12-15T14:44:42.603+0000] {subprocess.py:93} INFO -     cursor.errorhandler(connection, cursor, error_class, error_value)
[2025-12-15T14:44:42.603+0000] {subprocess.py:93} INFO -   File "/home/***/.local/lib/python3.12/site-packages/snowflake/connector/errors.py", line 217, in default_errorhandler
[2025-12-15T14:44:42.603+0000] {subprocess.py:93} INFO -     raise error_class(
[2025-12-15T14:44:42.604+0000] {subprocess.py:93} INFO - snowflake.connector.errors.ProgrammingError: 000904 (42000): SQL compilation error: error line 2 at position 11
[2025-12-15T14:44:42.604+0000] {subprocess.py:93} INFO - invalid identifier 'LOAD_RUN_ID'
[2025-12-15T14:44:42.849+0000] {subprocess.py:93} INFO - [ERROR] 2025-12-15 14:44:42 - [PRODUCTION_ORDERS] Also failed to write audit row: 000904 (42000): SQL compilation error: error line 2 at position 11
[2025-12-15T14:44:42.850+0000] {subprocess.py:93} INFO - invalid identifier 'LOAD_RUN_ID'
[2025-12-15T14:44:43.309+0000] {subprocess.py:93} INFO - [INFO] 2025-12-15 14:44:43 - Snowflake connection closed.
[2025-12-15T14:44:43.446+0000] {subprocess.py:97} INFO - Command exited with return code 1
[2025-12-15T14:44:43.448+0000] {taskinstance.py:441} INFO - ::group::Post task execution logs
[2025-12-15T14:44:43.456+0000] {taskinstance.py:2890} ERROR - Task failed with exception
Traceback (most recent call last):
  File "/home/airflow/.local/lib/python3.12/site-packages/airflow/models/taskinstance.py", line 460, in _execute_task
    result = _execute_callable(context=context, **execute_callable_kwargs)
             ^^^^^^^^^^^^^^^^^^^^^^^^^^^^^^^^^^^^^^^^^^^^^^^^^^^^^^^^^^^^^
  File "/home/airflow/.local/lib/python3.12/site-packages/airflow/models/taskinstance.py", line 432, in _execute_callable
    return execute_callable(context=context, **execute_callable_kwargs)
           ^^^^^^^^^^^^^^^^^^^^^^^^^^^^^^^^^^^^^^^^^^^^^^^^^^^^^^^^^^^^
  File "/home/airflow/.local/lib/python3.12/site-packages/airflow/models/baseoperator.py", line 400, in wrapper
    return func(self, *args, **kwargs)
           ^^^^^^^^^^^^^^^^^^^^^^^^^^^
  File "/home/airflow/.local/lib/python3.12/site-packages/airflow/operators/bash.py", line 243, in execute
    raise AirflowException(
airflow.exceptions.AirflowException: Bash command failed. The command returned a non-zero exit code 1.
[2025-12-15T14:44:43.460+0000] {taskinstance.py:1205} INFO - Marking task as UP_FOR_RETRY. dag_id=mfg_raw_ingestion_dag, task_id=ingest_raw_to_snowflake, execution_date=20251215T142806, start_date=20251215T144422, end_date=20251215T144443
[2025-12-15T14:44:43.474+0000] {standard_task_runner.py:110} ERROR - Failed to execute job 31 for task ingest_raw_to_snowflake (Bash command failed. The command returned a non-zero exit code 1.; 3964)
[2025-12-15T14:44:43.493+0000] {local_task_job_runner.py:240} INFO - Task exited with return code 1
[2025-12-15T14:44:43.512+0000] {taskinstance.py:3482} INFO - 0 downstream tasks scheduled from follow-on schedule check
[2025-12-15T14:44:43.516+0000] {local_task_job_runner.py:222} INFO - ::endgroup::
