[2025-12-13T22:20:14.769+0000] {local_task_job_runner.py:120} INFO - ::group::Pre task execution logs
[2025-12-13T22:20:14.803+0000] {taskinstance.py:2073} INFO - Dependencies all met for dep_context=non-requeueable deps ti=<TaskInstance: mfg_dbt_transform_dag.dbt_run_marts manual__2025-12-13T22:18:44.299996+00:00 [queued]>
[2025-12-13T22:20:14.812+0000] {taskinstance.py:2073} INFO - Dependencies all met for dep_context=requeueable deps ti=<TaskInstance: mfg_dbt_transform_dag.dbt_run_marts manual__2025-12-13T22:18:44.299996+00:00 [queued]>
[2025-12-13T22:20:14.813+0000] {taskinstance.py:2303} INFO - Starting attempt 1 of 3
[2025-12-13T22:20:14.829+0000] {taskinstance.py:2327} INFO - Executing <Task(BashOperator): dbt_run_marts> on 2025-12-13 22:18:44.299996+00:00
[2025-12-13T22:20:14.838+0000] {standard_task_runner.py:90} INFO - Running: ['***', 'tasks', 'run', 'mfg_dbt_transform_dag', 'dbt_run_marts', 'manual__2025-12-13T22:18:44.299996+00:00', '--job-id', '17', '--raw', '--subdir', 'DAGS_FOLDER/mfg_dbt_transform_dag.py', '--cfg-path', '/tmp/tmpgfbz75iq']
[2025-12-13T22:20:14.841+0000] {standard_task_runner.py:91} INFO - Job 17: Subtask dbt_run_marts
[2025-12-13T22:20:14.841+0000] {logging_mixin.py:188} WARNING - /home/***/.local/lib/python3.12/site-packages/***/task/task_runner/standard_task_runner.py:61 DeprecationWarning: This process (pid=603) is multi-threaded, use of fork() may lead to deadlocks in the child.
[2025-12-13T22:20:14.842+0000] {standard_task_runner.py:63} INFO - Started process 609 to run task
[2025-12-13T22:20:14.902+0000] {task_command.py:426} INFO - Running <TaskInstance: mfg_dbt_transform_dag.dbt_run_marts manual__2025-12-13T22:18:44.299996+00:00 [running]> on host 1cab3e949a95
[2025-12-13T22:20:14.992+0000] {taskinstance.py:2644} INFO - Exporting env vars: AIRFLOW_CTX_DAG_OWNER='data-engineering' AIRFLOW_CTX_DAG_ID='mfg_dbt_transform_dag' AIRFLOW_CTX_TASK_ID='dbt_run_marts' AIRFLOW_CTX_EXECUTION_DATE='2025-12-13T22:18:44.299996+00:00' AIRFLOW_CTX_TRY_NUMBER='1' AIRFLOW_CTX_DAG_RUN_ID='manual__2025-12-13T22:18:44.299996+00:00'
[2025-12-13T22:20:14.993+0000] {taskinstance.py:430} INFO - ::endgroup::
[2025-12-13T22:20:15.009+0000] {subprocess.py:63} INFO - Tmp dir root location: /tmp
[2025-12-13T22:20:15.010+0000] {subprocess.py:75} INFO - Running command: ['/usr/bin/bash', '-c', 'cd /opt/***/dbt_project && dbt run --select marts --profiles-dir /opt/***/dbt_profiles']
[2025-12-13T22:20:15.020+0000] {subprocess.py:86} INFO - Output:
[2025-12-13T22:20:17.666+0000] {subprocess.py:93} INFO - [0m22:20:17  Running with dbt=1.10.15
[2025-12-13T22:20:19.065+0000] {subprocess.py:93} INFO - [0m22:20:19  Registered adapter: snowflake=1.10.4
[2025-12-13T22:20:19.915+0000] {subprocess.py:93} INFO - [0m22:20:19  Found 8 models, 24 data tests, 3 sources, 504 macros
[2025-12-13T22:20:19.922+0000] {subprocess.py:93} INFO - [0m22:20:19
[2025-12-13T22:20:19.924+0000] {subprocess.py:93} INFO - [0m22:20:19  Concurrency: 4 threads (target='dev')
[2025-12-13T22:20:19.925+0000] {subprocess.py:93} INFO - [0m22:20:19
[2025-12-13T22:20:21.920+0000] {subprocess.py:93} INFO - [0m22:20:21  1 of 2 START sql table model ANALYTICS_analytics.mfg_ml_features_orders ........ [RUN]
[2025-12-13T22:20:21.923+0000] {subprocess.py:93} INFO - [0m22:20:21  2 of 2 START sql table model ANALYTICS_analytics.mfg_plant_daily_kpis .......... [RUN]
[2025-12-13T22:20:23.993+0000] {subprocess.py:93} INFO - [0m22:20:23  1 of 2 OK created sql table model ANALYTICS_analytics.mfg_ml_features_orders ... [[32mSUCCESS 1[0m in 2.06s]
[2025-12-13T22:20:25.022+0000] {subprocess.py:93} INFO - [0m22:20:25  2 of 2 OK created sql table model ANALYTICS_analytics.mfg_plant_daily_kpis ..... [[32mSUCCESS 1[0m in 3.09s]
[2025-12-13T22:20:26.092+0000] {subprocess.py:93} INFO - [0m22:20:26
[2025-12-13T22:20:26.100+0000] {subprocess.py:93} INFO - [0m22:20:26  Finished running 2 table models in 0 hours 0 minutes and 6.16 seconds (6.16s).
[2025-12-13T22:20:26.250+0000] {subprocess.py:93} INFO - [0m22:20:26
[2025-12-13T22:20:26.252+0000] {subprocess.py:93} INFO - [0m22:20:26  [32mCompleted successfully[0m
[2025-12-13T22:20:26.255+0000] {subprocess.py:93} INFO - [0m22:20:26
[2025-12-13T22:20:26.257+0000] {subprocess.py:93} INFO - [0m22:20:26  Done. PASS=2 WARN=0 ERROR=0 SKIP=0 NO-OP=0 TOTAL=2
[2025-12-13T22:20:27.993+0000] {subprocess.py:97} INFO - Command exited with return code 0
[2025-12-13T22:20:27.996+0000] {taskinstance.py:441} INFO - ::group::Post task execution logs
[2025-12-13T22:20:28.076+0000] {taskinstance.py:1205} INFO - Marking task as SUCCESS. dag_id=mfg_dbt_transform_dag, task_id=dbt_run_marts, execution_date=20251213T221844, start_date=20251213T222014, end_date=20251213T222028
[2025-12-13T22:20:28.162+0000] {local_task_job_runner.py:240} INFO - Task exited with return code 0
[2025-12-13T22:20:28.207+0000] {taskinstance.py:3482} INFO - 1 downstream tasks scheduled from follow-on schedule check
[2025-12-13T22:20:28.213+0000] {local_task_job_runner.py:222} INFO - ::endgroup::
