[2025-12-13T22:19:46.220+0000] {local_task_job_runner.py:120} INFO - ::group::Pre task execution logs
[2025-12-13T22:19:46.259+0000] {taskinstance.py:2073} INFO - Dependencies all met for dep_context=non-requeueable deps ti=<TaskInstance: mfg_dbt_transform_dag.dbt_run_staging manual__2025-12-13T22:18:44.299996+00:00 [queued]>
[2025-12-13T22:19:46.274+0000] {taskinstance.py:2073} INFO - Dependencies all met for dep_context=requeueable deps ti=<TaskInstance: mfg_dbt_transform_dag.dbt_run_staging manual__2025-12-13T22:18:44.299996+00:00 [queued]>
[2025-12-13T22:19:46.275+0000] {taskinstance.py:2303} INFO - Starting attempt 1 of 3
[2025-12-13T22:19:46.294+0000] {taskinstance.py:2327} INFO - Executing <Task(BashOperator): dbt_run_staging> on 2025-12-13 22:18:44.299996+00:00
[2025-12-13T22:19:46.305+0000] {standard_task_runner.py:90} INFO - Running: ['***', 'tasks', 'run', 'mfg_dbt_transform_dag', 'dbt_run_staging', 'manual__2025-12-13T22:18:44.299996+00:00', '--job-id', '14', '--raw', '--subdir', 'DAGS_FOLDER/mfg_dbt_transform_dag.py', '--cfg-path', '/tmp/tmp1ae27j2_']
[2025-12-13T22:19:46.309+0000] {standard_task_runner.py:91} INFO - Job 14: Subtask dbt_run_staging
[2025-12-13T22:19:46.309+0000] {logging_mixin.py:188} WARNING - /home/***/.local/lib/python3.12/site-packages/***/task/task_runner/standard_task_runner.py:61 DeprecationWarning: This process (pid=514) is multi-threaded, use of fork() may lead to deadlocks in the child.
[2025-12-13T22:19:46.310+0000] {standard_task_runner.py:63} INFO - Started process 515 to run task
[2025-12-13T22:19:46.366+0000] {task_command.py:426} INFO - Running <TaskInstance: mfg_dbt_transform_dag.dbt_run_staging manual__2025-12-13T22:18:44.299996+00:00 [running]> on host 1cab3e949a95
[2025-12-13T22:19:46.466+0000] {taskinstance.py:2644} INFO - Exporting env vars: AIRFLOW_CTX_DAG_OWNER='data-engineering' AIRFLOW_CTX_DAG_ID='mfg_dbt_transform_dag' AIRFLOW_CTX_TASK_ID='dbt_run_staging' AIRFLOW_CTX_EXECUTION_DATE='2025-12-13T22:18:44.299996+00:00' AIRFLOW_CTX_TRY_NUMBER='1' AIRFLOW_CTX_DAG_RUN_ID='manual__2025-12-13T22:18:44.299996+00:00'
[2025-12-13T22:19:46.468+0000] {taskinstance.py:430} INFO - ::endgroup::
[2025-12-13T22:19:46.495+0000] {subprocess.py:63} INFO - Tmp dir root location: /tmp
[2025-12-13T22:19:46.498+0000] {subprocess.py:75} INFO - Running command: ['/usr/bin/bash', '-c', 'cd /opt/***/dbt_project && dbt run --select staging --profiles-dir /opt/***/dbt_profiles']
[2025-12-13T22:19:46.511+0000] {subprocess.py:86} INFO - Output:
[2025-12-13T22:19:49.512+0000] {subprocess.py:93} INFO - [0m22:19:49  Running with dbt=1.10.15
[2025-12-13T22:19:50.906+0000] {subprocess.py:93} INFO - [0m22:19:50  Registered adapter: snowflake=1.10.4
[2025-12-13T22:19:51.860+0000] {subprocess.py:93} INFO - [0m22:19:51  Found 8 models, 24 data tests, 3 sources, 504 macros
[2025-12-13T22:19:51.867+0000] {subprocess.py:93} INFO - [0m22:19:51
[2025-12-13T22:19:51.869+0000] {subprocess.py:93} INFO - [0m22:19:51  Concurrency: 4 threads (target='dev')
[2025-12-13T22:19:51.871+0000] {subprocess.py:93} INFO - [0m22:19:51
[2025-12-13T22:19:53.880+0000] {subprocess.py:93} INFO - [0m22:19:53  1 of 3 START sql view model ANALYTICS_analytics.stg_batches .................... [RUN]
[2025-12-13T22:19:53.882+0000] {subprocess.py:93} INFO - [0m22:19:53  2 of 3 START sql view model ANALYTICS_analytics.stg_materials .................. [RUN]
[2025-12-13T22:19:53.884+0000] {subprocess.py:93} INFO - [0m22:19:53  3 of 3 START sql view model ANALYTICS_analytics.stg_production_orders .......... [RUN]
[2025-12-13T22:19:54.590+0000] {subprocess.py:93} INFO - [0m22:19:54  1 of 3 OK created sql view model ANALYTICS_analytics.stg_batches ............... [[32mSUCCESS 1[0m in 0.70s]
[2025-12-13T22:19:55.605+0000] {subprocess.py:93} INFO - [0m22:19:55  3 of 3 OK created sql view model ANALYTICS_analytics.stg_production_orders ..... [[32mSUCCESS 1[0m in 1.71s]
[2025-12-13T22:19:55.680+0000] {subprocess.py:93} INFO - [0m22:19:55  2 of 3 OK created sql view model ANALYTICS_analytics.stg_materials ............. [[32mSUCCESS 1[0m in 1.79s]
[2025-12-13T22:19:57.041+0000] {subprocess.py:93} INFO - [0m22:19:57
[2025-12-13T22:19:57.043+0000] {subprocess.py:93} INFO - [0m22:19:57  Finished running 3 view models in 0 hours 0 minutes and 5.17 seconds (5.17s).
[2025-12-13T22:19:57.131+0000] {subprocess.py:93} INFO - [0m22:19:57
[2025-12-13T22:19:57.132+0000] {subprocess.py:93} INFO - [0m22:19:57  [32mCompleted successfully[0m
[2025-12-13T22:19:57.133+0000] {subprocess.py:93} INFO - [0m22:19:57
[2025-12-13T22:19:57.135+0000] {subprocess.py:93} INFO - [0m22:19:57  Done. PASS=3 WARN=0 ERROR=0 SKIP=0 NO-OP=0 TOTAL=3
[2025-12-13T22:19:58.099+0000] {subprocess.py:97} INFO - Command exited with return code 0
[2025-12-13T22:19:58.101+0000] {taskinstance.py:441} INFO - ::group::Post task execution logs
[2025-12-13T22:19:58.131+0000] {taskinstance.py:1205} INFO - Marking task as SUCCESS. dag_id=mfg_dbt_transform_dag, task_id=dbt_run_staging, execution_date=20251213T221844, start_date=20251213T221946, end_date=20251213T221958
[2025-12-13T22:19:58.166+0000] {local_task_job_runner.py:240} INFO - Task exited with return code 0
[2025-12-13T22:19:58.187+0000] {taskinstance.py:3482} INFO - 1 downstream tasks scheduled from follow-on schedule check
[2025-12-13T22:19:58.192+0000] {local_task_job_runner.py:222} INFO - ::endgroup::
