[2025-12-14T17:45:55.551+0000] {local_task_job_runner.py:120} INFO - ::group::Pre task execution logs
[2025-12-14T17:45:55.758+0000] {taskinstance.py:2073} INFO - Dependencies all met for dep_context=non-requeueable deps ti=<TaskInstance: mfg_raw_ingestion_dag.dbt_run_all scheduled__2025-12-13T04:00:00+00:00 [queued]>
[2025-12-14T17:45:55.808+0000] {taskinstance.py:2073} INFO - Dependencies all met for dep_context=requeueable deps ti=<TaskInstance: mfg_raw_ingestion_dag.dbt_run_all scheduled__2025-12-13T04:00:00+00:00 [queued]>
[2025-12-14T17:45:55.811+0000] {taskinstance.py:2303} INFO - Starting attempt 1 of 3
[2025-12-14T17:45:55.872+0000] {taskinstance.py:2327} INFO - Executing <Task(BashOperator): dbt_run_all> on 2025-12-13 04:00:00+00:00
[2025-12-14T17:45:55.904+0000] {standard_task_runner.py:90} INFO - Running: ['***', 'tasks', 'run', 'mfg_raw_ingestion_dag', 'dbt_run_all', 'scheduled__2025-12-13T04:00:00+00:00', '--job-id', '49', '--raw', '--subdir', 'DAGS_FOLDER/mfg_raw_ingestion_dag.py', '--cfg-path', '/tmp/tmp4_2b0wza']
[2025-12-14T17:45:55.916+0000] {logging_mixin.py:188} WARNING - /home/***/.local/lib/python3.12/site-packages/***/task/task_runner/standard_task_runner.py:61 DeprecationWarning: This process (pid=4446) is multi-threaded, use of fork() may lead to deadlocks in the child.
[2025-12-14T17:45:55.918+0000] {standard_task_runner.py:91} INFO - Job 49: Subtask dbt_run_all
[2025-12-14T17:45:55.921+0000] {standard_task_runner.py:63} INFO - Started process 4448 to run task
[2025-12-14T17:45:56.151+0000] {task_command.py:426} INFO - Running <TaskInstance: mfg_raw_ingestion_dag.dbt_run_all scheduled__2025-12-13T04:00:00+00:00 [running]> on host 1cab3e949a95
[2025-12-14T17:45:56.683+0000] {taskinstance.py:2644} INFO - Exporting env vars: AIRFLOW_CTX_DAG_OWNER='data-engineering' AIRFLOW_CTX_DAG_ID='mfg_raw_ingestion_dag' AIRFLOW_CTX_TASK_ID='dbt_run_all' AIRFLOW_CTX_EXECUTION_DATE='2025-12-13T04:00:00+00:00' AIRFLOW_CTX_TRY_NUMBER='1' AIRFLOW_CTX_DAG_RUN_ID='scheduled__2025-12-13T04:00:00+00:00'
[2025-12-14T17:45:56.685+0000] {taskinstance.py:430} INFO - ::endgroup::
[2025-12-14T17:45:56.819+0000] {subprocess.py:63} INFO - Tmp dir root location: /tmp
[2025-12-14T17:45:56.825+0000] {subprocess.py:75} INFO - Running command: ['/usr/bin/bash', '-c', 'cd /opt/***/dbt_project && dbt run --profiles-dir /opt/***/dbt_profiles']
[2025-12-14T17:45:56.901+0000] {subprocess.py:86} INFO - Output:
[2025-12-14T17:46:07.306+0000] {subprocess.py:93} INFO - [0m17:46:07  Running with dbt=1.10.15
[2025-12-14T17:46:09.849+0000] {subprocess.py:93} INFO - [0m17:46:09  Registered adapter: snowflake=1.10.4
[2025-12-14T17:46:11.782+0000] {subprocess.py:93} INFO - [0m17:46:11  Found 8 models, 24 data tests, 3 sources, 504 macros
[2025-12-14T17:46:11.791+0000] {subprocess.py:93} INFO - [0m17:46:11
[2025-12-14T17:46:11.794+0000] {subprocess.py:93} INFO - [0m17:46:11  Concurrency: 4 threads (target='dev')
[2025-12-14T17:46:11.796+0000] {subprocess.py:93} INFO - [0m17:46:11
[2025-12-14T17:46:14.009+0000] {subprocess.py:93} INFO - [0m17:46:14  1 of 8 START sql view model ANALYTICS_analytics.stg_batches .................... [RUN]
[2025-12-14T17:46:14.012+0000] {subprocess.py:93} INFO - [0m17:46:14  2 of 8 START sql view model ANALYTICS_analytics.stg_materials .................. [RUN]
[2025-12-14T17:46:14.014+0000] {subprocess.py:93} INFO - [0m17:46:14  3 of 8 START sql view model ANALYTICS_analytics.stg_production_orders .......... [RUN]
[2025-12-14T17:46:14.797+0000] {subprocess.py:93} INFO - [0m17:46:14  1 of 8 OK created sql view model ANALYTICS_analytics.stg_batches ............... [[32mSUCCESS 1[0m in 0.78s]
[2025-12-14T17:46:15.717+0000] {subprocess.py:93} INFO - [0m17:46:15  2 of 8 OK created sql view model ANALYTICS_analytics.stg_materials ............. [[32mSUCCESS 1[0m in 1.70s]
[2025-12-14T17:46:15.726+0000] {subprocess.py:93} INFO - [0m17:46:15  4 of 8 START sql table model ANALYTICS_analytics.core_materials ................ [RUN]
[2025-12-14T17:46:15.849+0000] {subprocess.py:93} INFO - [0m17:46:15  3 of 8 OK created sql view model ANALYTICS_analytics.stg_production_orders ..... [[32mSUCCESS 1[0m in 1.83s]
[2025-12-14T17:46:17.265+0000] {subprocess.py:93} INFO - [0m17:46:17  4 of 8 OK created sql table model ANALYTICS_analytics.core_materials ........... [[32mSUCCESS 1[0m in 1.53s]
[2025-12-14T17:46:17.276+0000] {subprocess.py:93} INFO - [0m17:46:17  5 of 8 START sql table model ANALYTICS_analytics.core_batches .................. [RUN]
[2025-12-14T17:46:17.279+0000] {subprocess.py:93} INFO - [0m17:46:17  6 of 8 START sql table model ANALYTICS_analytics.fct_production_orders ......... [RUN]
[2025-12-14T17:46:18.458+0000] {subprocess.py:93} INFO - [0m17:46:18  5 of 8 OK created sql table model ANALYTICS_analytics.core_batches ............. [[32mSUCCESS 1[0m in 1.17s]
[2025-12-14T17:46:18.547+0000] {subprocess.py:93} INFO - [0m17:46:18  6 of 8 OK created sql table model ANALYTICS_analytics.fct_production_orders .... [[32mSUCCESS 1[0m in 1.26s]
[2025-12-14T17:46:18.561+0000] {subprocess.py:93} INFO - [0m17:46:18  7 of 8 START sql table model ANALYTICS_analytics.mfg_ml_features_orders ........ [RUN]
[2025-12-14T17:46:18.565+0000] {subprocess.py:93} INFO - [0m17:46:18  8 of 8 START sql table model ANALYTICS_analytics.mfg_plant_daily_kpis .......... [RUN]
[2025-12-14T17:46:19.831+0000] {subprocess.py:93} INFO - [0m17:46:19  8 of 8 OK created sql table model ANALYTICS_analytics.mfg_plant_daily_kpis ..... [[32mSUCCESS 1[0m in 1.26s]
[2025-12-14T17:46:19.909+0000] {subprocess.py:93} INFO - [0m17:46:19  7 of 8 OK created sql table model ANALYTICS_analytics.mfg_ml_features_orders ... [[32mSUCCESS 1[0m in 1.34s]
[2025-12-14T17:46:21.947+0000] {subprocess.py:93} INFO - [0m17:46:21
[2025-12-14T17:46:21.949+0000] {subprocess.py:93} INFO - [0m17:46:21  Finished running 5 table models, 3 view models in 0 hours 0 minutes and 10.15 seconds (10.15s).
[2025-12-14T17:46:22.071+0000] {subprocess.py:93} INFO - [0m17:46:22
[2025-12-14T17:46:22.073+0000] {subprocess.py:93} INFO - [0m17:46:22  [32mCompleted successfully[0m
[2025-12-14T17:46:22.075+0000] {subprocess.py:93} INFO - [0m17:46:22
[2025-12-14T17:46:22.077+0000] {subprocess.py:93} INFO - [0m17:46:22  Done. PASS=8 WARN=0 ERROR=0 SKIP=0 NO-OP=0 TOTAL=8
[2025-12-14T17:46:23.394+0000] {subprocess.py:97} INFO - Command exited with return code 0
[2025-12-14T17:46:23.396+0000] {taskinstance.py:441} INFO - ::group::Post task execution logs
[2025-12-14T17:46:23.443+0000] {taskinstance.py:1205} INFO - Marking task as SUCCESS. dag_id=mfg_raw_ingestion_dag, task_id=dbt_run_all, execution_date=20251213T040000, start_date=20251214T174555, end_date=20251214T174623
[2025-12-14T17:46:23.499+0000] {local_task_job_runner.py:240} INFO - Task exited with return code 0
[2025-12-14T17:46:23.531+0000] {taskinstance.py:3482} INFO - 1 downstream tasks scheduled from follow-on schedule check
[2025-12-14T17:46:23.536+0000] {local_task_job_runner.py:222} INFO - ::endgroup::
