[2025-12-15T14:38:42.702+0000] {local_task_job_runner.py:120} INFO - ::group::Pre task execution logs
[2025-12-15T14:38:42.731+0000] {taskinstance.py:2073} INFO - Dependencies all met for dep_context=non-requeueable deps ti=<TaskInstance: mfg_raw_ingestion_dag.ingest_raw_to_snowflake manual__2025-12-15T14:28:00.018189+00:00 [queued]>
[2025-12-15T14:38:42.739+0000] {taskinstance.py:2073} INFO - Dependencies all met for dep_context=requeueable deps ti=<TaskInstance: mfg_raw_ingestion_dag.ingest_raw_to_snowflake manual__2025-12-15T14:28:00.018189+00:00 [queued]>
[2025-12-15T14:38:42.740+0000] {taskinstance.py:2303} INFO - Starting attempt 3 of 3
[2025-12-15T14:38:42.754+0000] {taskinstance.py:2327} INFO - Executing <Task(BashOperator): ingest_raw_to_snowflake> on 2025-12-15 14:28:00.018189+00:00
[2025-12-15T14:38:42.760+0000] {standard_task_runner.py:90} INFO - Running: ['***', 'tasks', 'run', 'mfg_raw_ingestion_dag', 'ingest_raw_to_snowflake', 'manual__2025-12-15T14:28:00.018189+00:00', '--job-id', '29', '--raw', '--subdir', 'DAGS_FOLDER/mfg_raw_ingestion_dag.py', '--cfg-path', '/tmp/tmpibniqvmb']
[2025-12-15T14:38:42.762+0000] {standard_task_runner.py:91} INFO - Job 29: Subtask ingest_raw_to_snowflake
[2025-12-15T14:38:42.766+0000] {logging_mixin.py:188} WARNING - /home/***/.local/lib/python3.12/site-packages/***/task/task_runner/standard_task_runner.py:61 DeprecationWarning: This process (pid=3652) is multi-threaded, use of fork() may lead to deadlocks in the child.
[2025-12-15T14:38:42.767+0000] {standard_task_runner.py:63} INFO - Started process 3653 to run task
[2025-12-15T14:38:42.813+0000] {task_command.py:426} INFO - Running <TaskInstance: mfg_raw_ingestion_dag.ingest_raw_to_snowflake manual__2025-12-15T14:28:00.018189+00:00 [running]> on host 3799fda194bc
[2025-12-15T14:38:42.885+0000] {taskinstance.py:2644} INFO - Exporting env vars: AIRFLOW_CTX_DAG_OWNER='data-engineering' AIRFLOW_CTX_DAG_ID='mfg_raw_ingestion_dag' AIRFLOW_CTX_TASK_ID='ingest_raw_to_snowflake' AIRFLOW_CTX_EXECUTION_DATE='2025-12-15T14:28:00.018189+00:00' AIRFLOW_CTX_TRY_NUMBER='3' AIRFLOW_CTX_DAG_RUN_ID='manual__2025-12-15T14:28:00.018189+00:00'
[2025-12-15T14:38:42.886+0000] {taskinstance.py:430} INFO - ::endgroup::
[2025-12-15T14:38:42.900+0000] {subprocess.py:63} INFO - Tmp dir root location: /tmp
[2025-12-15T14:38:42.902+0000] {subprocess.py:75} INFO - Running command: ['/usr/bin/bash', '-c', 'set -euo pipefail; python /opt/***/ingestion/python/load_raw_to_snowflake.py']
[2025-12-15T14:38:42.909+0000] {subprocess.py:86} INFO - Output:
[2025-12-15T14:38:44.523+0000] {subprocess.py:93} INFO - [INFO] 2025-12-15 14:38:44 - Loaded environment variables from /opt/***/.env
[2025-12-15T14:38:44.527+0000] {subprocess.py:93} INFO - [INFO] 2025-12-15 14:38:44 - Starting RAW load. load_run_id=d50177aa-e9fd-42d2-8432-fdc40a92a15f
[2025-12-15T14:38:44.528+0000] {subprocess.py:93} INFO - [INFO] 2025-12-15 14:38:44 - Using data directory: /opt/***/data/raw/source_system
[2025-12-15T14:38:44.528+0000] {subprocess.py:93} INFO - [INFO] 2025-12-15 14:38:44 - Connecting to Snowflake...
[2025-12-15T14:38:45.909+0000] {subprocess.py:93} INFO - [INFO] 2025-12-15 14:38:45 - Ensuring RAW tables exist (run-aware append-only)...
[2025-12-15T14:38:46.865+0000] {subprocess.py:93} INFO - [INFO] 2025-12-15 14:38:46 - RAW tables are ready.
[2025-12-15T14:38:46.866+0000] {subprocess.py:93} INFO - [INFO] 2025-12-15 14:38:46 - Ensuring RAW_LOAD_AUDIT table exists...
[2025-12-15T14:38:47.138+0000] {subprocess.py:93} INFO - [INFO] 2025-12-15 14:38:47 - RAW_LOAD_AUDIT is ready.
[2025-12-15T14:38:47.151+0000] {subprocess.py:93} INFO - [INFO] 2025-12-15 14:38:47 - Read 500 rows from materials.csv
[2025-12-15T14:38:47.176+0000] {subprocess.py:93} INFO - [INFO] 2025-12-15 14:38:47 - Read 10,000 rows from batches.csv
[2025-12-15T14:38:47.206+0000] {subprocess.py:93} INFO - [INFO] 2025-12-15 14:38:47 - Read 10,000 rows from production_orders.csv
[2025-12-15T14:38:51.823+0000] {subprocess.py:93} INFO - [ERROR] 2025-12-15 14:38:51 - [MATERIALS] Load failed: 000904 (42000): SQL compilation error: error line 2 at position 11
[2025-12-15T14:38:51.824+0000] {subprocess.py:93} INFO - invalid identifier 'LOAD_RUN_ID'
[2025-12-15T14:38:51.825+0000] {subprocess.py:93} INFO - Traceback (most recent call last):
[2025-12-15T14:38:51.825+0000] {subprocess.py:93} INFO -   File "/opt/***/ingestion/python/load_raw_to_snowflake.py", line 272, in load_df
[2025-12-15T14:38:51.826+0000] {subprocess.py:93} INFO -     _audit(cur, load_run_id, source_name, table_name, rows_read, int(rows_loaded), "SUCCESS", None)
[2025-12-15T14:38:51.826+0000] {subprocess.py:93} INFO -   File "/opt/***/ingestion/python/load_raw_to_snowflake.py", line 220, in _audit
[2025-12-15T14:38:51.827+0000] {subprocess.py:93} INFO -     cur.execute(
[2025-12-15T14:38:51.827+0000] {subprocess.py:93} INFO -   File "/home/***/.local/lib/python3.12/site-packages/snowflake/connector/cursor.py", line 1134, in execute
[2025-12-15T14:38:51.828+0000] {subprocess.py:93} INFO -     Error.errorhandler_wrapper(self.connection, self, error_class, errvalue)
[2025-12-15T14:38:51.828+0000] {subprocess.py:93} INFO -   File "/home/***/.local/lib/python3.12/site-packages/snowflake/connector/errors.py", line 286, in errorhandler_wrapper
[2025-12-15T14:38:51.829+0000] {subprocess.py:93} INFO -     handed_over = Error.hand_to_other_handler(
[2025-12-15T14:38:51.829+0000] {subprocess.py:93} INFO -                   ^^^^^^^^^^^^^^^^^^^^^^^^^^^^
[2025-12-15T14:38:51.829+0000] {subprocess.py:93} INFO -   File "/home/***/.local/lib/python3.12/site-packages/snowflake/connector/errors.py", line 341, in hand_to_other_handler
[2025-12-15T14:38:51.830+0000] {subprocess.py:93} INFO -     cursor.errorhandler(connection, cursor, error_class, error_value)
[2025-12-15T14:38:51.831+0000] {subprocess.py:93} INFO -   File "/home/***/.local/lib/python3.12/site-packages/snowflake/connector/errors.py", line 217, in default_errorhandler
[2025-12-15T14:38:51.831+0000] {subprocess.py:93} INFO -     raise error_class(
[2025-12-15T14:38:51.832+0000] {subprocess.py:93} INFO - snowflake.connector.errors.ProgrammingError: 000904 (42000): SQL compilation error: error line 2 at position 11
[2025-12-15T14:38:51.832+0000] {subprocess.py:93} INFO - invalid identifier 'LOAD_RUN_ID'
[2025-12-15T14:38:52.066+0000] {subprocess.py:93} INFO - [ERROR] 2025-12-15 14:38:52 - [MATERIALS] Also failed to write audit row: 000904 (42000): SQL compilation error: error line 2 at position 11
[2025-12-15T14:38:52.066+0000] {subprocess.py:93} INFO - invalid identifier 'LOAD_RUN_ID'
[2025-12-15T14:38:56.516+0000] {subprocess.py:93} INFO - [ERROR] 2025-12-15 14:38:56 - [BATCHES] Load failed: 000904 (42000): SQL compilation error: error line 2 at position 11
[2025-12-15T14:38:56.517+0000] {subprocess.py:93} INFO - invalid identifier 'LOAD_RUN_ID'
[2025-12-15T14:38:56.517+0000] {subprocess.py:93} INFO - Traceback (most recent call last):
[2025-12-15T14:38:56.518+0000] {subprocess.py:93} INFO -   File "/opt/***/ingestion/python/load_raw_to_snowflake.py", line 272, in load_df
[2025-12-15T14:38:56.519+0000] {subprocess.py:93} INFO -     _audit(cur, load_run_id, source_name, table_name, rows_read, int(rows_loaded), "SUCCESS", None)
[2025-12-15T14:38:56.519+0000] {subprocess.py:93} INFO -   File "/opt/***/ingestion/python/load_raw_to_snowflake.py", line 220, in _audit
[2025-12-15T14:38:56.520+0000] {subprocess.py:93} INFO -     cur.execute(
[2025-12-15T14:38:56.520+0000] {subprocess.py:93} INFO -   File "/home/***/.local/lib/python3.12/site-packages/snowflake/connector/cursor.py", line 1134, in execute
[2025-12-15T14:38:56.521+0000] {subprocess.py:93} INFO -     Error.errorhandler_wrapper(self.connection, self, error_class, errvalue)
[2025-12-15T14:38:56.521+0000] {subprocess.py:93} INFO -   File "/home/***/.local/lib/python3.12/site-packages/snowflake/connector/errors.py", line 286, in errorhandler_wrapper
[2025-12-15T14:38:56.522+0000] {subprocess.py:93} INFO -     handed_over = Error.hand_to_other_handler(
[2025-12-15T14:38:56.522+0000] {subprocess.py:93} INFO -                   ^^^^^^^^^^^^^^^^^^^^^^^^^^^^
[2025-12-15T14:38:56.523+0000] {subprocess.py:93} INFO -   File "/home/***/.local/lib/python3.12/site-packages/snowflake/connector/errors.py", line 341, in hand_to_other_handler
[2025-12-15T14:38:56.523+0000] {subprocess.py:93} INFO -     cursor.errorhandler(connection, cursor, error_class, error_value)
[2025-12-15T14:38:56.523+0000] {subprocess.py:93} INFO -   File "/home/***/.local/lib/python3.12/site-packages/snowflake/connector/errors.py", line 217, in default_errorhandler
[2025-12-15T14:38:56.524+0000] {subprocess.py:93} INFO -     raise error_class(
[2025-12-15T14:38:56.524+0000] {subprocess.py:93} INFO - snowflake.connector.errors.ProgrammingError: 000904 (42000): SQL compilation error: error line 2 at position 11
[2025-12-15T14:38:56.525+0000] {subprocess.py:93} INFO - invalid identifier 'LOAD_RUN_ID'
[2025-12-15T14:38:56.749+0000] {subprocess.py:93} INFO - [ERROR] 2025-12-15 14:38:56 - [BATCHES] Also failed to write audit row: 000904 (42000): SQL compilation error: error line 2 at position 11
[2025-12-15T14:38:56.750+0000] {subprocess.py:93} INFO - invalid identifier 'LOAD_RUN_ID'
[2025-12-15T14:39:01.488+0000] {subprocess.py:93} INFO - [ERROR] 2025-12-15 14:39:01 - [PRODUCTION_ORDERS] Load failed: 000904 (42000): SQL compilation error: error line 2 at position 11
[2025-12-15T14:39:01.488+0000] {subprocess.py:93} INFO - invalid identifier 'LOAD_RUN_ID'
[2025-12-15T14:39:01.489+0000] {subprocess.py:93} INFO - Traceback (most recent call last):
[2025-12-15T14:39:01.489+0000] {subprocess.py:93} INFO -   File "/opt/***/ingestion/python/load_raw_to_snowflake.py", line 272, in load_df
[2025-12-15T14:39:01.490+0000] {subprocess.py:93} INFO -     _audit(cur, load_run_id, source_name, table_name, rows_read, int(rows_loaded), "SUCCESS", None)
[2025-12-15T14:39:01.490+0000] {subprocess.py:93} INFO -   File "/opt/***/ingestion/python/load_raw_to_snowflake.py", line 220, in _audit
[2025-12-15T14:39:01.491+0000] {subprocess.py:93} INFO -     cur.execute(
[2025-12-15T14:39:01.491+0000] {subprocess.py:93} INFO -   File "/home/***/.local/lib/python3.12/site-packages/snowflake/connector/cursor.py", line 1134, in execute
[2025-12-15T14:39:01.492+0000] {subprocess.py:93} INFO -     Error.errorhandler_wrapper(self.connection, self, error_class, errvalue)
[2025-12-15T14:39:01.492+0000] {subprocess.py:93} INFO -   File "/home/***/.local/lib/python3.12/site-packages/snowflake/connector/errors.py", line 286, in errorhandler_wrapper
[2025-12-15T14:39:01.492+0000] {subprocess.py:93} INFO -     handed_over = Error.hand_to_other_handler(
[2025-12-15T14:39:01.493+0000] {subprocess.py:93} INFO -                   ^^^^^^^^^^^^^^^^^^^^^^^^^^^^
[2025-12-15T14:39:01.493+0000] {subprocess.py:93} INFO -   File "/home/***/.local/lib/python3.12/site-packages/snowflake/connector/errors.py", line 341, in hand_to_other_handler
[2025-12-15T14:39:01.494+0000] {subprocess.py:93} INFO -     cursor.errorhandler(connection, cursor, error_class, error_value)
[2025-12-15T14:39:01.494+0000] {subprocess.py:93} INFO -   File "/home/***/.local/lib/python3.12/site-packages/snowflake/connector/errors.py", line 217, in default_errorhandler
[2025-12-15T14:39:01.494+0000] {subprocess.py:93} INFO -     raise error_class(
[2025-12-15T14:39:01.495+0000] {subprocess.py:93} INFO - snowflake.connector.errors.ProgrammingError: 000904 (42000): SQL compilation error: error line 2 at position 11
[2025-12-15T14:39:01.496+0000] {subprocess.py:93} INFO - invalid identifier 'LOAD_RUN_ID'
[2025-12-15T14:39:01.753+0000] {subprocess.py:93} INFO - [ERROR] 2025-12-15 14:39:01 - [PRODUCTION_ORDERS] Also failed to write audit row: 000904 (42000): SQL compilation error: error line 2 at position 11
[2025-12-15T14:39:01.754+0000] {subprocess.py:93} INFO - invalid identifier 'LOAD_RUN_ID'
[2025-12-15T14:39:02.176+0000] {subprocess.py:93} INFO - [INFO] 2025-12-15 14:39:02 - Snowflake connection closed.
[2025-12-15T14:39:02.358+0000] {subprocess.py:97} INFO - Command exited with return code 1
[2025-12-15T14:39:02.358+0000] {taskinstance.py:441} INFO - ::group::Post task execution logs
[2025-12-15T14:39:02.368+0000] {taskinstance.py:2890} ERROR - Task failed with exception
Traceback (most recent call last):
  File "/home/airflow/.local/lib/python3.12/site-packages/airflow/models/taskinstance.py", line 460, in _execute_task
    result = _execute_callable(context=context, **execute_callable_kwargs)
             ^^^^^^^^^^^^^^^^^^^^^^^^^^^^^^^^^^^^^^^^^^^^^^^^^^^^^^^^^^^^^
  File "/home/airflow/.local/lib/python3.12/site-packages/airflow/models/taskinstance.py", line 432, in _execute_callable
    return execute_callable(context=context, **execute_callable_kwargs)
           ^^^^^^^^^^^^^^^^^^^^^^^^^^^^^^^^^^^^^^^^^^^^^^^^^^^^^^^^^^^^
  File "/home/airflow/.local/lib/python3.12/site-packages/airflow/models/baseoperator.py", line 400, in wrapper
    return func(self, *args, **kwargs)
           ^^^^^^^^^^^^^^^^^^^^^^^^^^^
  File "/home/airflow/.local/lib/python3.12/site-packages/airflow/operators/bash.py", line 243, in execute
    raise AirflowException(
airflow.exceptions.AirflowException: Bash command failed. The command returned a non-zero exit code 1.
[2025-12-15T14:39:02.372+0000] {taskinstance.py:1205} INFO - Marking task as FAILED. dag_id=mfg_raw_ingestion_dag, task_id=ingest_raw_to_snowflake, execution_date=20251215T142800, start_date=20251215T143842, end_date=20251215T143902
[2025-12-15T14:39:02.386+0000] {standard_task_runner.py:110} ERROR - Failed to execute job 29 for task ingest_raw_to_snowflake (Bash command failed. The command returned a non-zero exit code 1.; 3653)
[2025-12-15T14:39:02.398+0000] {local_task_job_runner.py:240} INFO - Task exited with return code 1
[2025-12-15T14:39:02.416+0000] {taskinstance.py:3482} INFO - 0 downstream tasks scheduled from follow-on schedule check
[2025-12-15T14:39:02.422+0000] {local_task_job_runner.py:222} INFO - ::endgroup::
