[2025-12-15T14:28:00.862+0000] {local_task_job_runner.py:120} INFO - ::group::Pre task execution logs
[2025-12-15T14:28:00.896+0000] {taskinstance.py:2073} INFO - Dependencies all met for dep_context=non-requeueable deps ti=<TaskInstance: mfg_raw_ingestion_dag.ingest_raw_to_snowflake manual__2025-12-15T14:28:00.018189+00:00 [queued]>
[2025-12-15T14:28:00.903+0000] {taskinstance.py:2073} INFO - Dependencies all met for dep_context=requeueable deps ti=<TaskInstance: mfg_raw_ingestion_dag.ingest_raw_to_snowflake manual__2025-12-15T14:28:00.018189+00:00 [queued]>
[2025-12-15T14:28:00.904+0000] {taskinstance.py:2303} INFO - Starting attempt 1 of 3
[2025-12-15T14:28:00.922+0000] {taskinstance.py:2327} INFO - Executing <Task(BashOperator): ingest_raw_to_snowflake> on 2025-12-15 14:28:00.018189+00:00
[2025-12-15T14:28:00.929+0000] {standard_task_runner.py:90} INFO - Running: ['***', 'tasks', 'run', 'mfg_raw_ingestion_dag', 'ingest_raw_to_snowflake', 'manual__2025-12-15T14:28:00.018189+00:00', '--job-id', '27', '--raw', '--subdir', 'DAGS_FOLDER/mfg_raw_ingestion_dag.py', '--cfg-path', '/tmp/tmpnioognzc']
[2025-12-15T14:28:00.932+0000] {standard_task_runner.py:91} INFO - Job 27: Subtask ingest_raw_to_snowflake
[2025-12-15T14:28:00.933+0000] {logging_mixin.py:188} WARNING - /home/***/.local/lib/python3.12/site-packages/***/task/task_runner/standard_task_runner.py:61 DeprecationWarning: This process (pid=3127) is multi-threaded, use of fork() may lead to deadlocks in the child.
[2025-12-15T14:28:00.934+0000] {standard_task_runner.py:63} INFO - Started process 3128 to run task
[2025-12-15T14:28:00.986+0000] {task_command.py:426} INFO - Running <TaskInstance: mfg_raw_ingestion_dag.ingest_raw_to_snowflake manual__2025-12-15T14:28:00.018189+00:00 [running]> on host 3799fda194bc
[2025-12-15T14:28:01.071+0000] {taskinstance.py:2644} INFO - Exporting env vars: AIRFLOW_CTX_DAG_OWNER='data-engineering' AIRFLOW_CTX_DAG_ID='mfg_raw_ingestion_dag' AIRFLOW_CTX_TASK_ID='ingest_raw_to_snowflake' AIRFLOW_CTX_EXECUTION_DATE='2025-12-15T14:28:00.018189+00:00' AIRFLOW_CTX_TRY_NUMBER='1' AIRFLOW_CTX_DAG_RUN_ID='manual__2025-12-15T14:28:00.018189+00:00'
[2025-12-15T14:28:01.073+0000] {taskinstance.py:430} INFO - ::endgroup::
[2025-12-15T14:28:01.091+0000] {subprocess.py:63} INFO - Tmp dir root location: /tmp
[2025-12-15T14:28:01.092+0000] {subprocess.py:75} INFO - Running command: ['/usr/bin/bash', '-c', 'set -euo pipefail; python /opt/***/ingestion/python/load_raw_to_snowflake.py']
[2025-12-15T14:28:01.100+0000] {subprocess.py:86} INFO - Output:
[2025-12-15T14:28:02.660+0000] {subprocess.py:93} INFO - [INFO] 2025-12-15 14:28:02 - Loaded environment variables from /opt/***/.env
[2025-12-15T14:28:02.665+0000] {subprocess.py:93} INFO - [INFO] 2025-12-15 14:28:02 - Starting RAW load. load_run_id=a9f4fcf2-883e-4ab3-91a5-0be319f0cd84
[2025-12-15T14:28:02.666+0000] {subprocess.py:93} INFO - [INFO] 2025-12-15 14:28:02 - Using data directory: /opt/***/data/raw/source_system
[2025-12-15T14:28:02.666+0000] {subprocess.py:93} INFO - [INFO] 2025-12-15 14:28:02 - Connecting to Snowflake...
[2025-12-15T14:28:04.045+0000] {subprocess.py:93} INFO - [INFO] 2025-12-15 14:28:04 - Ensuring RAW tables exist (run-aware append-only)...
[2025-12-15T14:28:04.975+0000] {subprocess.py:93} INFO - [INFO] 2025-12-15 14:28:04 - RAW tables are ready.
[2025-12-15T14:28:04.976+0000] {subprocess.py:93} INFO - [INFO] 2025-12-15 14:28:04 - Ensuring RAW_LOAD_AUDIT table exists...
[2025-12-15T14:28:05.223+0000] {subprocess.py:93} INFO - [INFO] 2025-12-15 14:28:05 - RAW_LOAD_AUDIT is ready.
[2025-12-15T14:28:05.237+0000] {subprocess.py:93} INFO - [INFO] 2025-12-15 14:28:05 - Read 500 rows from materials.csv
[2025-12-15T14:28:05.263+0000] {subprocess.py:93} INFO - [INFO] 2025-12-15 14:28:05 - Read 10,000 rows from batches.csv
[2025-12-15T14:28:05.294+0000] {subprocess.py:93} INFO - [INFO] 2025-12-15 14:28:05 - Read 10,000 rows from production_orders.csv
[2025-12-15T14:28:10.521+0000] {subprocess.py:93} INFO - [ERROR] 2025-12-15 14:28:10 - [MATERIALS] Load failed: 000904 (42000): SQL compilation error: error line 2 at position 11
[2025-12-15T14:28:10.522+0000] {subprocess.py:93} INFO - invalid identifier 'LOAD_RUN_ID'
[2025-12-15T14:28:10.522+0000] {subprocess.py:93} INFO - Traceback (most recent call last):
[2025-12-15T14:28:10.523+0000] {subprocess.py:93} INFO -   File "/opt/***/ingestion/python/load_raw_to_snowflake.py", line 272, in load_df
[2025-12-15T14:28:10.523+0000] {subprocess.py:93} INFO -     _audit(cur, load_run_id, source_name, table_name, rows_read, int(rows_loaded), "SUCCESS", None)
[2025-12-15T14:28:10.523+0000] {subprocess.py:93} INFO -   File "/opt/***/ingestion/python/load_raw_to_snowflake.py", line 220, in _audit
[2025-12-15T14:28:10.524+0000] {subprocess.py:93} INFO -     cur.execute(
[2025-12-15T14:28:10.524+0000] {subprocess.py:93} INFO -   File "/home/***/.local/lib/python3.12/site-packages/snowflake/connector/cursor.py", line 1134, in execute
[2025-12-15T14:28:10.525+0000] {subprocess.py:93} INFO -     Error.errorhandler_wrapper(self.connection, self, error_class, errvalue)
[2025-12-15T14:28:10.525+0000] {subprocess.py:93} INFO -   File "/home/***/.local/lib/python3.12/site-packages/snowflake/connector/errors.py", line 286, in errorhandler_wrapper
[2025-12-15T14:28:10.526+0000] {subprocess.py:93} INFO -     handed_over = Error.hand_to_other_handler(
[2025-12-15T14:28:10.526+0000] {subprocess.py:93} INFO -                   ^^^^^^^^^^^^^^^^^^^^^^^^^^^^
[2025-12-15T14:28:10.527+0000] {subprocess.py:93} INFO -   File "/home/***/.local/lib/python3.12/site-packages/snowflake/connector/errors.py", line 341, in hand_to_other_handler
[2025-12-15T14:28:10.527+0000] {subprocess.py:93} INFO -     cursor.errorhandler(connection, cursor, error_class, error_value)
[2025-12-15T14:28:10.527+0000] {subprocess.py:93} INFO -   File "/home/***/.local/lib/python3.12/site-packages/snowflake/connector/errors.py", line 217, in default_errorhandler
[2025-12-15T14:28:10.528+0000] {subprocess.py:93} INFO -     raise error_class(
[2025-12-15T14:28:10.528+0000] {subprocess.py:93} INFO - snowflake.connector.errors.ProgrammingError: 000904 (42000): SQL compilation error: error line 2 at position 11
[2025-12-15T14:28:10.529+0000] {subprocess.py:93} INFO - invalid identifier 'LOAD_RUN_ID'
[2025-12-15T14:28:11.035+0000] {subprocess.py:93} INFO - [ERROR] 2025-12-15 14:28:11 - [MATERIALS] Also failed to write audit row: 000904 (42000): SQL compilation error: error line 2 at position 11
[2025-12-15T14:28:11.037+0000] {subprocess.py:93} INFO - invalid identifier 'LOAD_RUN_ID'
[2025-12-15T14:28:15.626+0000] {subprocess.py:93} INFO - [ERROR] 2025-12-15 14:28:15 - [BATCHES] Load failed: 000904 (42000): SQL compilation error: error line 2 at position 11
[2025-12-15T14:28:15.627+0000] {subprocess.py:93} INFO - invalid identifier 'LOAD_RUN_ID'
[2025-12-15T14:28:15.628+0000] {subprocess.py:93} INFO - Traceback (most recent call last):
[2025-12-15T14:28:15.628+0000] {subprocess.py:93} INFO -   File "/opt/***/ingestion/python/load_raw_to_snowflake.py", line 272, in load_df
[2025-12-15T14:28:15.629+0000] {subprocess.py:93} INFO -     _audit(cur, load_run_id, source_name, table_name, rows_read, int(rows_loaded), "SUCCESS", None)
[2025-12-15T14:28:15.629+0000] {subprocess.py:93} INFO -   File "/opt/***/ingestion/python/load_raw_to_snowflake.py", line 220, in _audit
[2025-12-15T14:28:15.630+0000] {subprocess.py:93} INFO -     cur.execute(
[2025-12-15T14:28:15.630+0000] {subprocess.py:93} INFO -   File "/home/***/.local/lib/python3.12/site-packages/snowflake/connector/cursor.py", line 1134, in execute
[2025-12-15T14:28:15.631+0000] {subprocess.py:93} INFO -     Error.errorhandler_wrapper(self.connection, self, error_class, errvalue)
[2025-12-15T14:28:15.631+0000] {subprocess.py:93} INFO -   File "/home/***/.local/lib/python3.12/site-packages/snowflake/connector/errors.py", line 286, in errorhandler_wrapper
[2025-12-15T14:28:15.631+0000] {subprocess.py:93} INFO -     handed_over = Error.hand_to_other_handler(
[2025-12-15T14:28:15.632+0000] {subprocess.py:93} INFO -                   ^^^^^^^^^^^^^^^^^^^^^^^^^^^^
[2025-12-15T14:28:15.632+0000] {subprocess.py:93} INFO -   File "/home/***/.local/lib/python3.12/site-packages/snowflake/connector/errors.py", line 341, in hand_to_other_handler
[2025-12-15T14:28:15.633+0000] {subprocess.py:93} INFO -     cursor.errorhandler(connection, cursor, error_class, error_value)
[2025-12-15T14:28:15.633+0000] {subprocess.py:93} INFO -   File "/home/***/.local/lib/python3.12/site-packages/snowflake/connector/errors.py", line 217, in default_errorhandler
[2025-12-15T14:28:15.634+0000] {subprocess.py:93} INFO -     raise error_class(
[2025-12-15T14:28:15.634+0000] {subprocess.py:93} INFO - snowflake.connector.errors.ProgrammingError: 000904 (42000): SQL compilation error: error line 2 at position 11
[2025-12-15T14:28:15.635+0000] {subprocess.py:93} INFO - invalid identifier 'LOAD_RUN_ID'
[2025-12-15T14:28:15.866+0000] {subprocess.py:93} INFO - [ERROR] 2025-12-15 14:28:15 - [BATCHES] Also failed to write audit row: 000904 (42000): SQL compilation error: error line 2 at position 11
[2025-12-15T14:28:15.867+0000] {subprocess.py:93} INFO - invalid identifier 'LOAD_RUN_ID'
[2025-12-15T14:28:20.435+0000] {subprocess.py:93} INFO - [ERROR] 2025-12-15 14:28:20 - [PRODUCTION_ORDERS] Load failed: 000904 (42000): SQL compilation error: error line 2 at position 11
[2025-12-15T14:28:20.435+0000] {subprocess.py:93} INFO - invalid identifier 'LOAD_RUN_ID'
[2025-12-15T14:28:20.436+0000] {subprocess.py:93} INFO - Traceback (most recent call last):
[2025-12-15T14:28:20.436+0000] {subprocess.py:93} INFO -   File "/opt/***/ingestion/python/load_raw_to_snowflake.py", line 272, in load_df
[2025-12-15T14:28:20.437+0000] {subprocess.py:93} INFO -     _audit(cur, load_run_id, source_name, table_name, rows_read, int(rows_loaded), "SUCCESS", None)
[2025-12-15T14:28:20.437+0000] {subprocess.py:93} INFO -   File "/opt/***/ingestion/python/load_raw_to_snowflake.py", line 220, in _audit
[2025-12-15T14:28:20.438+0000] {subprocess.py:93} INFO -     cur.execute(
[2025-12-15T14:28:20.438+0000] {subprocess.py:93} INFO -   File "/home/***/.local/lib/python3.12/site-packages/snowflake/connector/cursor.py", line 1134, in execute
[2025-12-15T14:28:20.439+0000] {subprocess.py:93} INFO -     Error.errorhandler_wrapper(self.connection, self, error_class, errvalue)
[2025-12-15T14:28:20.440+0000] {subprocess.py:93} INFO -   File "/home/***/.local/lib/python3.12/site-packages/snowflake/connector/errors.py", line 286, in errorhandler_wrapper
[2025-12-15T14:28:20.440+0000] {subprocess.py:93} INFO -     handed_over = Error.hand_to_other_handler(
[2025-12-15T14:28:20.441+0000] {subprocess.py:93} INFO -                   ^^^^^^^^^^^^^^^^^^^^^^^^^^^^
[2025-12-15T14:28:20.442+0000] {subprocess.py:93} INFO -   File "/home/***/.local/lib/python3.12/site-packages/snowflake/connector/errors.py", line 341, in hand_to_other_handler
[2025-12-15T14:28:20.443+0000] {subprocess.py:93} INFO -     cursor.errorhandler(connection, cursor, error_class, error_value)
[2025-12-15T14:28:20.444+0000] {subprocess.py:93} INFO -   File "/home/***/.local/lib/python3.12/site-packages/snowflake/connector/errors.py", line 217, in default_errorhandler
[2025-12-15T14:28:20.444+0000] {subprocess.py:93} INFO -     raise error_class(
[2025-12-15T14:28:20.445+0000] {subprocess.py:93} INFO - snowflake.connector.errors.ProgrammingError: 000904 (42000): SQL compilation error: error line 2 at position 11
[2025-12-15T14:28:20.444+0000] {subprocess.py:93} INFO - invalid identifier 'LOAD_RUN_ID'
[2025-12-15T14:28:20.655+0000] {subprocess.py:93} INFO - [ERROR] 2025-12-15 14:28:20 - [PRODUCTION_ORDERS] Also failed to write audit row: 000904 (42000): SQL compilation error: error line 2 at position 11
[2025-12-15T14:28:20.656+0000] {subprocess.py:93} INFO - invalid identifier 'LOAD_RUN_ID'
[2025-12-15T14:28:21.085+0000] {subprocess.py:93} INFO - [INFO] 2025-12-15 14:28:21 - Snowflake connection closed.
[2025-12-15T14:28:21.226+0000] {subprocess.py:97} INFO - Command exited with return code 1
[2025-12-15T14:28:21.227+0000] {taskinstance.py:441} INFO - ::group::Post task execution logs
[2025-12-15T14:28:21.235+0000] {taskinstance.py:2890} ERROR - Task failed with exception
Traceback (most recent call last):
  File "/home/airflow/.local/lib/python3.12/site-packages/airflow/models/taskinstance.py", line 460, in _execute_task
    result = _execute_callable(context=context, **execute_callable_kwargs)
             ^^^^^^^^^^^^^^^^^^^^^^^^^^^^^^^^^^^^^^^^^^^^^^^^^^^^^^^^^^^^^
  File "/home/airflow/.local/lib/python3.12/site-packages/airflow/models/taskinstance.py", line 432, in _execute_callable
    return execute_callable(context=context, **execute_callable_kwargs)
           ^^^^^^^^^^^^^^^^^^^^^^^^^^^^^^^^^^^^^^^^^^^^^^^^^^^^^^^^^^^^
  File "/home/airflow/.local/lib/python3.12/site-packages/airflow/models/baseoperator.py", line 400, in wrapper
    return func(self, *args, **kwargs)
           ^^^^^^^^^^^^^^^^^^^^^^^^^^^
  File "/home/airflow/.local/lib/python3.12/site-packages/airflow/operators/bash.py", line 243, in execute
    raise AirflowException(
airflow.exceptions.AirflowException: Bash command failed. The command returned a non-zero exit code 1.
[2025-12-15T14:28:21.240+0000] {taskinstance.py:1205} INFO - Marking task as UP_FOR_RETRY. dag_id=mfg_raw_ingestion_dag, task_id=ingest_raw_to_snowflake, execution_date=20251215T142800, start_date=20251215T142800, end_date=20251215T142821
[2025-12-15T14:28:21.252+0000] {standard_task_runner.py:110} ERROR - Failed to execute job 27 for task ingest_raw_to_snowflake (Bash command failed. The command returned a non-zero exit code 1.; 3128)
[2025-12-15T14:28:21.267+0000] {local_task_job_runner.py:240} INFO - Task exited with return code 1
[2025-12-15T14:28:21.288+0000] {taskinstance.py:3482} INFO - 0 downstream tasks scheduled from follow-on schedule check
[2025-12-15T14:28:21.293+0000] {local_task_job_runner.py:222} INFO - ::endgroup::
