[2025-12-15T14:33:22.254+0000] {local_task_job_runner.py:120} INFO - ::group::Pre task execution logs
[2025-12-15T14:33:22.283+0000] {taskinstance.py:2073} INFO - Dependencies all met for dep_context=non-requeueable deps ti=<TaskInstance: mfg_raw_ingestion_dag.ingest_raw_to_snowflake manual__2025-12-15T14:28:00.018189+00:00 [queued]>
[2025-12-15T14:33:22.291+0000] {taskinstance.py:2073} INFO - Dependencies all met for dep_context=requeueable deps ti=<TaskInstance: mfg_raw_ingestion_dag.ingest_raw_to_snowflake manual__2025-12-15T14:28:00.018189+00:00 [queued]>
[2025-12-15T14:33:22.292+0000] {taskinstance.py:2303} INFO - Starting attempt 2 of 3
[2025-12-15T14:33:22.306+0000] {taskinstance.py:2327} INFO - Executing <Task(BashOperator): ingest_raw_to_snowflake> on 2025-12-15 14:28:00.018189+00:00
[2025-12-15T14:33:22.313+0000] {standard_task_runner.py:90} INFO - Running: ['***', 'tasks', 'run', 'mfg_raw_ingestion_dag', 'ingest_raw_to_snowflake', 'manual__2025-12-15T14:28:00.018189+00:00', '--job-id', '28', '--raw', '--subdir', 'DAGS_FOLDER/mfg_raw_ingestion_dag.py', '--cfg-path', '/tmp/tmp4q3mngys']
[2025-12-15T14:33:22.316+0000] {standard_task_runner.py:91} INFO - Job 28: Subtask ingest_raw_to_snowflake
[2025-12-15T14:33:22.316+0000] {logging_mixin.py:188} WARNING - /home/***/.local/lib/python3.12/site-packages/***/task/task_runner/standard_task_runner.py:61 DeprecationWarning: This process (pid=3381) is multi-threaded, use of fork() may lead to deadlocks in the child.
[2025-12-15T14:33:22.317+0000] {standard_task_runner.py:63} INFO - Started process 3382 to run task
[2025-12-15T14:33:22.365+0000] {task_command.py:426} INFO - Running <TaskInstance: mfg_raw_ingestion_dag.ingest_raw_to_snowflake manual__2025-12-15T14:28:00.018189+00:00 [running]> on host 3799fda194bc
[2025-12-15T14:33:22.434+0000] {taskinstance.py:2644} INFO - Exporting env vars: AIRFLOW_CTX_DAG_OWNER='data-engineering' AIRFLOW_CTX_DAG_ID='mfg_raw_ingestion_dag' AIRFLOW_CTX_TASK_ID='ingest_raw_to_snowflake' AIRFLOW_CTX_EXECUTION_DATE='2025-12-15T14:28:00.018189+00:00' AIRFLOW_CTX_TRY_NUMBER='2' AIRFLOW_CTX_DAG_RUN_ID='manual__2025-12-15T14:28:00.018189+00:00'
[2025-12-15T14:33:22.435+0000] {taskinstance.py:430} INFO - ::endgroup::
[2025-12-15T14:33:22.449+0000] {subprocess.py:63} INFO - Tmp dir root location: /tmp
[2025-12-15T14:33:22.451+0000] {subprocess.py:75} INFO - Running command: ['/usr/bin/bash', '-c', 'set -euo pipefail; python /opt/***/ingestion/python/load_raw_to_snowflake.py']
[2025-12-15T14:33:22.458+0000] {subprocess.py:86} INFO - Output:
[2025-12-15T14:33:23.962+0000] {subprocess.py:93} INFO - [INFO] 2025-12-15 14:33:23 - Loaded environment variables from /opt/***/.env
[2025-12-15T14:33:23.967+0000] {subprocess.py:93} INFO - [INFO] 2025-12-15 14:33:23 - Starting RAW load. load_run_id=1dd9e06c-de3b-45d8-88bd-2fa31e9ed5b3
[2025-12-15T14:33:23.968+0000] {subprocess.py:93} INFO - [INFO] 2025-12-15 14:33:23 - Using data directory: /opt/***/data/raw/source_system
[2025-12-15T14:33:23.968+0000] {subprocess.py:93} INFO - [INFO] 2025-12-15 14:33:23 - Connecting to Snowflake...
[2025-12-15T14:33:25.362+0000] {subprocess.py:93} INFO - [INFO] 2025-12-15 14:33:25 - Ensuring RAW tables exist (run-aware append-only)...
[2025-12-15T14:33:26.364+0000] {subprocess.py:93} INFO - [INFO] 2025-12-15 14:33:26 - RAW tables are ready.
[2025-12-15T14:33:26.365+0000] {subprocess.py:93} INFO - [INFO] 2025-12-15 14:33:26 - Ensuring RAW_LOAD_AUDIT table exists...
[2025-12-15T14:33:26.632+0000] {subprocess.py:93} INFO - [INFO] 2025-12-15 14:33:26 - RAW_LOAD_AUDIT is ready.
[2025-12-15T14:33:26.645+0000] {subprocess.py:93} INFO - [INFO] 2025-12-15 14:33:26 - Read 500 rows from materials.csv
[2025-12-15T14:33:26.672+0000] {subprocess.py:93} INFO - [INFO] 2025-12-15 14:33:26 - Read 10,000 rows from batches.csv
[2025-12-15T14:33:26.702+0000] {subprocess.py:93} INFO - [INFO] 2025-12-15 14:33:26 - Read 10,000 rows from production_orders.csv
[2025-12-15T14:33:31.651+0000] {subprocess.py:93} INFO - [ERROR] 2025-12-15 14:33:31 - [MATERIALS] Load failed: 000904 (42000): SQL compilation error: error line 2 at position 11
[2025-12-15T14:33:31.651+0000] {subprocess.py:93} INFO - invalid identifier 'LOAD_RUN_ID'
[2025-12-15T14:33:31.652+0000] {subprocess.py:93} INFO - Traceback (most recent call last):
[2025-12-15T14:33:31.652+0000] {subprocess.py:93} INFO -   File "/opt/***/ingestion/python/load_raw_to_snowflake.py", line 272, in load_df
[2025-12-15T14:33:31.653+0000] {subprocess.py:93} INFO -     _audit(cur, load_run_id, source_name, table_name, rows_read, int(rows_loaded), "SUCCESS", None)
[2025-12-15T14:33:31.654+0000] {subprocess.py:93} INFO -   File "/opt/***/ingestion/python/load_raw_to_snowflake.py", line 220, in _audit
[2025-12-15T14:33:31.654+0000] {subprocess.py:93} INFO -     cur.execute(
[2025-12-15T14:33:31.655+0000] {subprocess.py:93} INFO -   File "/home/***/.local/lib/python3.12/site-packages/snowflake/connector/cursor.py", line 1134, in execute
[2025-12-15T14:33:31.655+0000] {subprocess.py:93} INFO -     Error.errorhandler_wrapper(self.connection, self, error_class, errvalue)
[2025-12-15T14:33:31.656+0000] {subprocess.py:93} INFO -   File "/home/***/.local/lib/python3.12/site-packages/snowflake/connector/errors.py", line 286, in errorhandler_wrapper
[2025-12-15T14:33:31.656+0000] {subprocess.py:93} INFO -     handed_over = Error.hand_to_other_handler(
[2025-12-15T14:33:31.657+0000] {subprocess.py:93} INFO -                   ^^^^^^^^^^^^^^^^^^^^^^^^^^^^
[2025-12-15T14:33:31.657+0000] {subprocess.py:93} INFO -   File "/home/***/.local/lib/python3.12/site-packages/snowflake/connector/errors.py", line 341, in hand_to_other_handler
[2025-12-15T14:33:31.658+0000] {subprocess.py:93} INFO -     cursor.errorhandler(connection, cursor, error_class, error_value)
[2025-12-15T14:33:31.658+0000] {subprocess.py:93} INFO -   File "/home/***/.local/lib/python3.12/site-packages/snowflake/connector/errors.py", line 217, in default_errorhandler
[2025-12-15T14:33:31.659+0000] {subprocess.py:93} INFO -     raise error_class(
[2025-12-15T14:33:31.659+0000] {subprocess.py:93} INFO - snowflake.connector.errors.ProgrammingError: 000904 (42000): SQL compilation error: error line 2 at position 11
[2025-12-15T14:33:31.660+0000] {subprocess.py:93} INFO - invalid identifier 'LOAD_RUN_ID'
[2025-12-15T14:33:31.913+0000] {subprocess.py:93} INFO - [ERROR] 2025-12-15 14:33:31 - [MATERIALS] Also failed to write audit row: 000904 (42000): SQL compilation error: error line 2 at position 11
[2025-12-15T14:33:31.914+0000] {subprocess.py:93} INFO - invalid identifier 'LOAD_RUN_ID'
[2025-12-15T14:33:36.770+0000] {subprocess.py:93} INFO - [ERROR] 2025-12-15 14:33:36 - [BATCHES] Load failed: 000904 (42000): SQL compilation error: error line 2 at position 11
[2025-12-15T14:33:36.771+0000] {subprocess.py:93} INFO - invalid identifier 'LOAD_RUN_ID'
[2025-12-15T14:33:36.771+0000] {subprocess.py:93} INFO - Traceback (most recent call last):
[2025-12-15T14:33:36.772+0000] {subprocess.py:93} INFO -   File "/opt/***/ingestion/python/load_raw_to_snowflake.py", line 272, in load_df
[2025-12-15T14:33:36.773+0000] {subprocess.py:93} INFO -     _audit(cur, load_run_id, source_name, table_name, rows_read, int(rows_loaded), "SUCCESS", None)
[2025-12-15T14:33:36.773+0000] {subprocess.py:93} INFO -   File "/opt/***/ingestion/python/load_raw_to_snowflake.py", line 220, in _audit
[2025-12-15T14:33:36.774+0000] {subprocess.py:93} INFO -     cur.execute(
[2025-12-15T14:33:36.774+0000] {subprocess.py:93} INFO -   File "/home/***/.local/lib/python3.12/site-packages/snowflake/connector/cursor.py", line 1134, in execute
[2025-12-15T14:33:36.775+0000] {subprocess.py:93} INFO -     Error.errorhandler_wrapper(self.connection, self, error_class, errvalue)
[2025-12-15T14:33:36.775+0000] {subprocess.py:93} INFO -   File "/home/***/.local/lib/python3.12/site-packages/snowflake/connector/errors.py", line 286, in errorhandler_wrapper
[2025-12-15T14:33:36.776+0000] {subprocess.py:93} INFO -     handed_over = Error.hand_to_other_handler(
[2025-12-15T14:33:36.776+0000] {subprocess.py:93} INFO -                   ^^^^^^^^^^^^^^^^^^^^^^^^^^^^
[2025-12-15T14:33:36.776+0000] {subprocess.py:93} INFO -   File "/home/***/.local/lib/python3.12/site-packages/snowflake/connector/errors.py", line 341, in hand_to_other_handler
[2025-12-15T14:33:36.777+0000] {subprocess.py:93} INFO -     cursor.errorhandler(connection, cursor, error_class, error_value)
[2025-12-15T14:33:36.777+0000] {subprocess.py:93} INFO -   File "/home/***/.local/lib/python3.12/site-packages/snowflake/connector/errors.py", line 217, in default_errorhandler
[2025-12-15T14:33:36.778+0000] {subprocess.py:93} INFO -     raise error_class(
[2025-12-15T14:33:36.778+0000] {subprocess.py:93} INFO - snowflake.connector.errors.ProgrammingError: 000904 (42000): SQL compilation error: error line 2 at position 11
[2025-12-15T14:33:36.779+0000] {subprocess.py:93} INFO - invalid identifier 'LOAD_RUN_ID'
[2025-12-15T14:33:37.014+0000] {subprocess.py:93} INFO - [ERROR] 2025-12-15 14:33:37 - [BATCHES] Also failed to write audit row: 000904 (42000): SQL compilation error: error line 2 at position 11
[2025-12-15T14:33:37.015+0000] {subprocess.py:93} INFO - invalid identifier 'LOAD_RUN_ID'
[2025-12-15T14:33:41.555+0000] {subprocess.py:93} INFO - [ERROR] 2025-12-15 14:33:41 - [PRODUCTION_ORDERS] Load failed: 000904 (42000): SQL compilation error: error line 2 at position 11
[2025-12-15T14:33:41.556+0000] {subprocess.py:93} INFO - invalid identifier 'LOAD_RUN_ID'
[2025-12-15T14:33:41.557+0000] {subprocess.py:93} INFO - Traceback (most recent call last):
[2025-12-15T14:33:41.557+0000] {subprocess.py:93} INFO -   File "/opt/***/ingestion/python/load_raw_to_snowflake.py", line 272, in load_df
[2025-12-15T14:33:41.558+0000] {subprocess.py:93} INFO -     _audit(cur, load_run_id, source_name, table_name, rows_read, int(rows_loaded), "SUCCESS", None)
[2025-12-15T14:33:41.558+0000] {subprocess.py:93} INFO -   File "/opt/***/ingestion/python/load_raw_to_snowflake.py", line 220, in _audit
[2025-12-15T14:33:41.558+0000] {subprocess.py:93} INFO -     cur.execute(
[2025-12-15T14:33:41.559+0000] {subprocess.py:93} INFO -   File "/home/***/.local/lib/python3.12/site-packages/snowflake/connector/cursor.py", line 1134, in execute
[2025-12-15T14:33:41.559+0000] {subprocess.py:93} INFO -     Error.errorhandler_wrapper(self.connection, self, error_class, errvalue)
[2025-12-15T14:33:41.560+0000] {subprocess.py:93} INFO -   File "/home/***/.local/lib/python3.12/site-packages/snowflake/connector/errors.py", line 286, in errorhandler_wrapper
[2025-12-15T14:33:41.560+0000] {subprocess.py:93} INFO -     handed_over = Error.hand_to_other_handler(
[2025-12-15T14:33:41.561+0000] {subprocess.py:93} INFO -                   ^^^^^^^^^^^^^^^^^^^^^^^^^^^^
[2025-12-15T14:33:41.561+0000] {subprocess.py:93} INFO -   File "/home/***/.local/lib/python3.12/site-packages/snowflake/connector/errors.py", line 341, in hand_to_other_handler
[2025-12-15T14:33:41.562+0000] {subprocess.py:93} INFO -     cursor.errorhandler(connection, cursor, error_class, error_value)
[2025-12-15T14:33:41.562+0000] {subprocess.py:93} INFO -   File "/home/***/.local/lib/python3.12/site-packages/snowflake/connector/errors.py", line 217, in default_errorhandler
[2025-12-15T14:33:41.562+0000] {subprocess.py:93} INFO -     raise error_class(
[2025-12-15T14:33:41.563+0000] {subprocess.py:93} INFO - snowflake.connector.errors.ProgrammingError: 000904 (42000): SQL compilation error: error line 2 at position 11
[2025-12-15T14:33:41.563+0000] {subprocess.py:93} INFO - invalid identifier 'LOAD_RUN_ID'
[2025-12-15T14:33:41.816+0000] {subprocess.py:93} INFO - [ERROR] 2025-12-15 14:33:41 - [PRODUCTION_ORDERS] Also failed to write audit row: 000904 (42000): SQL compilation error: error line 2 at position 11
[2025-12-15T14:33:41.817+0000] {subprocess.py:93} INFO - invalid identifier 'LOAD_RUN_ID'
[2025-12-15T14:33:42.258+0000] {subprocess.py:93} INFO - [INFO] 2025-12-15 14:33:42 - Snowflake connection closed.
[2025-12-15T14:33:42.443+0000] {subprocess.py:97} INFO - Command exited with return code 1
[2025-12-15T14:33:42.444+0000] {taskinstance.py:441} INFO - ::group::Post task execution logs
[2025-12-15T14:33:42.454+0000] {taskinstance.py:2890} ERROR - Task failed with exception
Traceback (most recent call last):
  File "/home/airflow/.local/lib/python3.12/site-packages/airflow/models/taskinstance.py", line 460, in _execute_task
    result = _execute_callable(context=context, **execute_callable_kwargs)
             ^^^^^^^^^^^^^^^^^^^^^^^^^^^^^^^^^^^^^^^^^^^^^^^^^^^^^^^^^^^^^
  File "/home/airflow/.local/lib/python3.12/site-packages/airflow/models/taskinstance.py", line 432, in _execute_callable
    return execute_callable(context=context, **execute_callable_kwargs)
           ^^^^^^^^^^^^^^^^^^^^^^^^^^^^^^^^^^^^^^^^^^^^^^^^^^^^^^^^^^^^
  File "/home/airflow/.local/lib/python3.12/site-packages/airflow/models/baseoperator.py", line 400, in wrapper
    return func(self, *args, **kwargs)
           ^^^^^^^^^^^^^^^^^^^^^^^^^^^
  File "/home/airflow/.local/lib/python3.12/site-packages/airflow/operators/bash.py", line 243, in execute
    raise AirflowException(
airflow.exceptions.AirflowException: Bash command failed. The command returned a non-zero exit code 1.
[2025-12-15T14:33:42.458+0000] {taskinstance.py:1205} INFO - Marking task as UP_FOR_RETRY. dag_id=mfg_raw_ingestion_dag, task_id=ingest_raw_to_snowflake, execution_date=20251215T142800, start_date=20251215T143322, end_date=20251215T143342
[2025-12-15T14:33:42.477+0000] {standard_task_runner.py:110} ERROR - Failed to execute job 28 for task ingest_raw_to_snowflake (Bash command failed. The command returned a non-zero exit code 1.; 3382)
[2025-12-15T14:33:42.492+0000] {local_task_job_runner.py:240} INFO - Task exited with return code 1
[2025-12-15T14:33:42.513+0000] {taskinstance.py:3482} INFO - 0 downstream tasks scheduled from follow-on schedule check
[2025-12-15T14:33:42.518+0000] {local_task_job_runner.py:222} INFO - ::endgroup::
