[2025-12-13T22:18:50.317+0000] {local_task_job_runner.py:120} INFO - ::group::Pre task execution logs
[2025-12-13T22:18:50.366+0000] {taskinstance.py:2073} INFO - Dependencies all met for dep_context=non-requeueable deps ti=<TaskInstance: mfg_data_quality_monitoring_dag.dq_check_rowcounts_raw_vs_core manual__2025-12-13T22:18:47.244505+00:00 [queued]>
[2025-12-13T22:18:50.381+0000] {taskinstance.py:2073} INFO - Dependencies all met for dep_context=requeueable deps ti=<TaskInstance: mfg_data_quality_monitoring_dag.dq_check_rowcounts_raw_vs_core manual__2025-12-13T22:18:47.244505+00:00 [queued]>
[2025-12-13T22:18:50.382+0000] {taskinstance.py:2303} INFO - Starting attempt 1 of 2
[2025-12-13T22:18:50.403+0000] {taskinstance.py:2327} INFO - Executing <Task(PythonOperator): dq_check_rowcounts_raw_vs_core> on 2025-12-13 22:18:47.244505+00:00
[2025-12-13T22:18:50.421+0000] {standard_task_runner.py:90} INFO - Running: ['***', 'tasks', 'run', 'mfg_data_quality_monitoring_dag', 'dq_check_rowcounts_raw_vs_core', 'manual__2025-12-13T22:18:47.244505+00:00', '--job-id', '5', '--raw', '--subdir', 'DAGS_FOLDER/mfg_data_quality_monitoring_dag.py', '--cfg-path', '/tmp/tmp7h_p1bd9']
[2025-12-13T22:18:50.428+0000] {logging_mixin.py:188} WARNING - /home/***/.local/lib/python3.12/site-packages/***/task/task_runner/standard_task_runner.py:61 DeprecationWarning: This process (pid=288) is multi-threaded, use of fork() may lead to deadlocks in the child.
[2025-12-13T22:18:50.430+0000] {standard_task_runner.py:91} INFO - Job 5: Subtask dq_check_rowcounts_raw_vs_core
[2025-12-13T22:18:50.430+0000] {standard_task_runner.py:63} INFO - Started process 296 to run task
[2025-12-13T22:18:50.519+0000] {task_command.py:426} INFO - Running <TaskInstance: mfg_data_quality_monitoring_dag.dq_check_rowcounts_raw_vs_core manual__2025-12-13T22:18:47.244505+00:00 [running]> on host 1cab3e949a95
[2025-12-13T22:18:50.666+0000] {taskinstance.py:2644} INFO - Exporting env vars: AIRFLOW_CTX_DAG_OWNER='data-platform' AIRFLOW_CTX_DAG_ID='mfg_data_quality_monitoring_dag' AIRFLOW_CTX_TASK_ID='dq_check_rowcounts_raw_vs_core' AIRFLOW_CTX_EXECUTION_DATE='2025-12-13T22:18:47.244505+00:00' AIRFLOW_CTX_TRY_NUMBER='1' AIRFLOW_CTX_DAG_RUN_ID='manual__2025-12-13T22:18:47.244505+00:00'
[2025-12-13T22:18:50.668+0000] {taskinstance.py:430} INFO - ::endgroup::
[2025-12-13T22:18:50.699+0000] {connection.py:521} INFO - Snowflake Connector for Python Version: 3.18.0, Python Version: 3.12.2, Platform: Linux-6.6.87.2-microsoft-standard-WSL2-x86_64-with-glibc2.36
[2025-12-13T22:18:50.701+0000] {connection.py:1464} INFO - Connecting to GLOBAL Snowflake domain
[2025-12-13T22:18:55.438+0000] {taskinstance.py:441} INFO - ::group::Post task execution logs
[2025-12-13T22:18:55.439+0000] {taskinstance.py:2890} ERROR - Task failed with exception
Traceback (most recent call last):
  File "/home/airflow/.local/lib/python3.12/site-packages/airflow/models/taskinstance.py", line 460, in _execute_task
    result = _execute_callable(context=context, **execute_callable_kwargs)
             ^^^^^^^^^^^^^^^^^^^^^^^^^^^^^^^^^^^^^^^^^^^^^^^^^^^^^^^^^^^^^
  File "/home/airflow/.local/lib/python3.12/site-packages/airflow/models/taskinstance.py", line 432, in _execute_callable
    return execute_callable(context=context, **execute_callable_kwargs)
           ^^^^^^^^^^^^^^^^^^^^^^^^^^^^^^^^^^^^^^^^^^^^^^^^^^^^^^^^^^^^
  File "/home/airflow/.local/lib/python3.12/site-packages/airflow/models/baseoperator.py", line 400, in wrapper
    return func(self, *args, **kwargs)
           ^^^^^^^^^^^^^^^^^^^^^^^^^^^
  File "/home/airflow/.local/lib/python3.12/site-packages/airflow/operators/python.py", line 235, in execute
    return_value = self.execute_callable()
                   ^^^^^^^^^^^^^^^^^^^^^^^
  File "/home/airflow/.local/lib/python3.12/site-packages/airflow/operators/python.py", line 252, in execute_callable
    return self.python_callable(*self.op_args, **self.op_kwargs)
           ^^^^^^^^^^^^^^^^^^^^^^^^^^^^^^^^^^^^^^^^^^^^^^^^^^^^^
  File "/opt/airflow/dags/mfg_data_quality_monitoring_dag.py", line 116, in dq_check_rowcounts_raw_vs_core
    raise AirflowFailException(f"Table-level rowcount mismatch: {errors}")
airflow.exceptions.AirflowFailException: Table-level rowcount mismatch: [{'check': 'table_rowcount_mismatch', 'severity': 'ERROR', 'raw_table': 'RAW.MATERIALS', 'core_table': 'ANALYTICS_ANALYTICS.CORE_MATERIALS', 'raw_count': 0, 'core_count': 500, 'diff': -500}, {'check': 'table_rowcount_mismatch', 'severity': 'ERROR', 'raw_table': 'RAW.BATCHES', 'core_table': 'ANALYTICS_ANALYTICS.CORE_BATCHES', 'raw_count': 0, 'core_count': 10000, 'diff': -10000}, {'check': 'table_rowcount_mismatch', 'severity': 'ERROR', 'raw_table': 'RAW.PRODUCTION_ORDERS', 'core_table': 'ANALYTICS_ANALYTICS.FCT_PRODUCTION_ORDERS', 'raw_count': 0, 'core_count': 10000, 'diff': -10000}]
[2025-12-13T22:18:55.451+0000] {taskinstance.py:1205} INFO - Immediate failure requested. Marking task as FAILED. dag_id=mfg_data_quality_monitoring_dag, task_id=dq_check_rowcounts_raw_vs_core, execution_date=20251213T221847, start_date=20251213T221850, end_date=20251213T221855
[2025-12-13T22:18:55.463+0000] {standard_task_runner.py:110} ERROR - Failed to execute job 5 for task dq_check_rowcounts_raw_vs_core (Table-level rowcount mismatch: [{'check': 'table_rowcount_mismatch', 'severity': 'ERROR', 'raw_table': 'RAW.MATERIALS', 'core_table': 'ANALYTICS_ANALYTICS.CORE_MATERIALS', 'raw_count': 0, 'core_count': 500, 'diff': -500}, {'check': 'table_rowcount_mismatch', 'severity': 'ERROR', 'raw_table': 'RAW.BATCHES', 'core_table': 'ANALYTICS_ANALYTICS.CORE_BATCHES', 'raw_count': 0, 'core_count': 10000, 'diff': -10000}, {'check': 'table_rowcount_mismatch', 'severity': 'ERROR', 'raw_table': 'RAW.PRODUCTION_ORDERS', 'core_table': 'ANALYTICS_ANALYTICS.FCT_PRODUCTION_ORDERS', 'raw_count': 0, 'core_count': 10000, 'diff': -10000}]; 296)
[2025-12-13T22:18:55.499+0000] {local_task_job_runner.py:240} INFO - Task exited with return code 1
[2025-12-13T22:18:55.527+0000] {taskinstance.py:3482} INFO - 0 downstream tasks scheduled from follow-on schedule check
[2025-12-13T22:18:55.534+0000] {local_task_job_runner.py:222} INFO - ::endgroup::
