[2025-12-14T17:46:01.944+0000] {local_task_job_runner.py:120} INFO - ::group::Pre task execution logs
[2025-12-14T17:46:02.082+0000] {taskinstance.py:2073} INFO - Dependencies all met for dep_context=non-requeueable deps ti=<TaskInstance: mfg_dbt_transform_dag.dbt_run_core scheduled__2025-12-13T04:15:00+00:00 [queued]>
[2025-12-14T17:46:02.135+0000] {taskinstance.py:2073} INFO - Dependencies all met for dep_context=requeueable deps ti=<TaskInstance: mfg_dbt_transform_dag.dbt_run_core scheduled__2025-12-13T04:15:00+00:00 [queued]>
[2025-12-14T17:46:02.138+0000] {taskinstance.py:2303} INFO - Starting attempt 1 of 3
[2025-12-14T17:46:02.215+0000] {taskinstance.py:2327} INFO - Executing <Task(BashOperator): dbt_run_core> on 2025-12-13 04:15:00+00:00
[2025-12-14T17:46:02.296+0000] {logging_mixin.py:188} WARNING - /home/***/.local/lib/python3.12/site-packages/***/task/task_runner/standard_task_runner.py:61 DeprecationWarning: This process (pid=4456) is multi-threaded, use of fork() may lead to deadlocks in the child.
[2025-12-14T17:46:02.309+0000] {standard_task_runner.py:63} INFO - Started process 4460 to run task
[2025-12-14T17:46:02.294+0000] {standard_task_runner.py:90} INFO - Running: ['***', 'tasks', 'run', 'mfg_dbt_transform_dag', 'dbt_run_core', 'scheduled__2025-12-13T04:15:00+00:00', '--job-id', '50', '--raw', '--subdir', 'DAGS_FOLDER/mfg_dbt_transform_dag.py', '--cfg-path', '/tmp/tmpssatr_tv']
[2025-12-14T17:46:02.326+0000] {standard_task_runner.py:91} INFO - Job 50: Subtask dbt_run_core
[2025-12-14T17:46:02.628+0000] {task_command.py:426} INFO - Running <TaskInstance: mfg_dbt_transform_dag.dbt_run_core scheduled__2025-12-13T04:15:00+00:00 [running]> on host 1cab3e949a95
[2025-12-14T17:46:03.059+0000] {taskinstance.py:2644} INFO - Exporting env vars: AIRFLOW_CTX_DAG_OWNER='data-engineering' AIRFLOW_CTX_DAG_ID='mfg_dbt_transform_dag' AIRFLOW_CTX_TASK_ID='dbt_run_core' AIRFLOW_CTX_EXECUTION_DATE='2025-12-13T04:15:00+00:00' AIRFLOW_CTX_TRY_NUMBER='1' AIRFLOW_CTX_DAG_RUN_ID='scheduled__2025-12-13T04:15:00+00:00'
[2025-12-14T17:46:03.061+0000] {taskinstance.py:430} INFO - ::endgroup::
[2025-12-14T17:46:03.139+0000] {subprocess.py:63} INFO - Tmp dir root location: /tmp
[2025-12-14T17:46:03.149+0000] {subprocess.py:75} INFO - Running command: ['/usr/bin/bash', '-c', 'cd /opt/***/dbt_project && dbt run --select core --profiles-dir /opt/***/dbt_profiles']
[2025-12-14T17:46:03.186+0000] {subprocess.py:86} INFO - Output:
[2025-12-14T17:46:10.586+0000] {subprocess.py:93} INFO - [0m17:46:10  Running with dbt=1.10.15
[2025-12-14T17:46:13.034+0000] {subprocess.py:93} INFO - [0m17:46:13  Registered adapter: snowflake=1.10.4
[2025-12-14T17:46:14.122+0000] {subprocess.py:93} INFO - [0m17:46:14  Found 8 models, 24 data tests, 3 sources, 504 macros
[2025-12-14T17:46:14.129+0000] {subprocess.py:93} INFO - [0m17:46:14
[2025-12-14T17:46:14.131+0000] {subprocess.py:93} INFO - [0m17:46:14  Concurrency: 4 threads (target='dev')
[2025-12-14T17:46:14.133+0000] {subprocess.py:93} INFO - [0m17:46:14
[2025-12-14T17:46:16.064+0000] {subprocess.py:93} INFO - [0m17:46:16  1 of 3 START sql table model ANALYTICS_analytics.core_materials ................ [RUN]
[2025-12-14T17:46:17.202+0000] {subprocess.py:93} INFO - [0m17:46:17  1 of 3 OK created sql table model ANALYTICS_analytics.core_materials ........... [[32mSUCCESS 1[0m in 1.13s]
[2025-12-14T17:46:17.210+0000] {subprocess.py:93} INFO - [0m17:46:17  2 of 3 START sql table model ANALYTICS_analytics.core_batches .................. [RUN]
[2025-12-14T17:46:17.212+0000] {subprocess.py:93} INFO - [0m17:46:17  3 of 3 START sql table model ANALYTICS_analytics.fct_production_orders ......... [RUN]
[2025-12-14T17:46:19.279+0000] {subprocess.py:93} INFO - [0m17:46:19  2 of 3 OK created sql table model ANALYTICS_analytics.core_batches ............. [[32mSUCCESS 1[0m in 2.06s]
[2025-12-14T17:46:19.760+0000] {subprocess.py:93} INFO - [0m17:46:19  3 of 3 OK created sql table model ANALYTICS_analytics.fct_production_orders .... [[32mSUCCESS 1[0m in 2.54s]
[2025-12-14T17:46:21.322+0000] {subprocess.py:93} INFO - [0m17:46:21
[2025-12-14T17:46:21.328+0000] {subprocess.py:93} INFO - [0m17:46:21  Finished running 3 table models in 0 hours 0 minutes and 7.19 seconds (7.19s).
[2025-12-14T17:46:21.441+0000] {subprocess.py:93} INFO - [0m17:46:21
[2025-12-14T17:46:21.443+0000] {subprocess.py:93} INFO - [0m17:46:21  [32mCompleted successfully[0m
[2025-12-14T17:46:21.444+0000] {subprocess.py:93} INFO - [0m17:46:21
[2025-12-14T17:46:21.446+0000] {subprocess.py:93} INFO - [0m17:46:21  Done. PASS=3 WARN=0 ERROR=0 SKIP=0 NO-OP=0 TOTAL=3
[2025-12-14T17:46:22.688+0000] {subprocess.py:97} INFO - Command exited with return code 0
[2025-12-14T17:46:22.690+0000] {taskinstance.py:441} INFO - ::group::Post task execution logs
[2025-12-14T17:46:22.727+0000] {taskinstance.py:1205} INFO - Marking task as SUCCESS. dag_id=mfg_dbt_transform_dag, task_id=dbt_run_core, execution_date=20251213T041500, start_date=20251214T174602, end_date=20251214T174622
[2025-12-14T17:46:22.756+0000] {local_task_job_runner.py:240} INFO - Task exited with return code 0
[2025-12-14T17:46:22.789+0000] {taskinstance.py:3482} INFO - 1 downstream tasks scheduled from follow-on schedule check
[2025-12-14T17:46:22.794+0000] {local_task_job_runner.py:222} INFO - ::endgroup::
