[2025-12-15T23:24:52.191+0000] {local_task_job_runner.py:120} INFO - ::group::Pre task execution logs
[2025-12-15T23:24:52.220+0000] {taskinstance.py:2073} INFO - Dependencies all met for dep_context=non-requeueable deps ti=<TaskInstance: mfg_raw_ingestion_dag.ingest_raw_to_snowflake manual__2025-12-15T23:13:28.424641+00:00 [queued]>
[2025-12-15T23:24:52.228+0000] {taskinstance.py:2073} INFO - Dependencies all met for dep_context=requeueable deps ti=<TaskInstance: mfg_raw_ingestion_dag.ingest_raw_to_snowflake manual__2025-12-15T23:13:28.424641+00:00 [queued]>
[2025-12-15T23:24:52.229+0000] {taskinstance.py:2303} INFO - Starting attempt 1 of 3
[2025-12-15T23:24:52.242+0000] {taskinstance.py:2327} INFO - Executing <Task(BashOperator): ingest_raw_to_snowflake> on 2025-12-15 23:13:28.424641+00:00
[2025-12-15T23:24:52.249+0000] {standard_task_runner.py:90} INFO - Running: ['***', 'tasks', 'run', 'mfg_raw_ingestion_dag', 'ingest_raw_to_snowflake', 'manual__2025-12-15T23:13:28.424641+00:00', '--job-id', '7', '--raw', '--subdir', 'DAGS_FOLDER/mfg_raw_ingestion_dag.py', '--cfg-path', '/tmp/tmpjp8butmu']
[2025-12-15T23:24:52.251+0000] {standard_task_runner.py:91} INFO - Job 7: Subtask ingest_raw_to_snowflake
[2025-12-15T23:24:52.251+0000] {logging_mixin.py:188} WARNING - /home/***/.local/lib/python3.12/site-packages/***/task/task_runner/standard_task_runner.py:61 DeprecationWarning: This process (pid=1114) is multi-threaded, use of fork() may lead to deadlocks in the child.
[2025-12-15T23:24:52.252+0000] {standard_task_runner.py:63} INFO - Started process 1115 to run task
[2025-12-15T23:24:52.296+0000] {task_command.py:426} INFO - Running <TaskInstance: mfg_raw_ingestion_dag.ingest_raw_to_snowflake manual__2025-12-15T23:13:28.424641+00:00 [running]> on host 7f6a70788018
[2025-12-15T23:24:52.375+0000] {taskinstance.py:2644} INFO - Exporting env vars: AIRFLOW_CTX_DAG_OWNER='data-engineering' AIRFLOW_CTX_DAG_ID='mfg_raw_ingestion_dag' AIRFLOW_CTX_TASK_ID='ingest_raw_to_snowflake' AIRFLOW_CTX_EXECUTION_DATE='2025-12-15T23:13:28.424641+00:00' AIRFLOW_CTX_TRY_NUMBER='1' AIRFLOW_CTX_DAG_RUN_ID='manual__2025-12-15T23:13:28.424641+00:00'
[2025-12-15T23:24:52.376+0000] {taskinstance.py:430} INFO - ::endgroup::
[2025-12-15T23:24:52.389+0000] {subprocess.py:63} INFO - Tmp dir root location: /tmp
[2025-12-15T23:24:52.390+0000] {subprocess.py:75} INFO - Running command: ['/usr/bin/bash', '-c', 'set -euo pipefail; python /opt/***/ingestion/python/load_raw_to_snowflake.py']
[2025-12-15T23:24:52.400+0000] {subprocess.py:86} INFO - Output:
[2025-12-15T23:24:53.948+0000] {subprocess.py:93} INFO - [INFO] 2025-12-15 23:24:53 - Loaded environment variables from /opt/***/.env
[2025-12-15T23:24:53.953+0000] {subprocess.py:93} INFO - [INFO] 2025-12-15 23:24:53 - Starting RAW load. load_id=a20f3b30-e43c-4707-912e-ad2b82cf2c0c
[2025-12-15T23:24:53.954+0000] {subprocess.py:93} INFO - [INFO] 2025-12-15 23:24:53 - Using data directory: /opt/***/data/raw/source_system
[2025-12-15T23:24:53.954+0000] {subprocess.py:93} INFO - [INFO] 2025-12-15 23:24:53 - Connecting to Snowflake...
[2025-12-15T23:24:55.419+0000] {subprocess.py:93} INFO - [INFO] 2025-12-15 23:24:55 - Ensuring RAW tables exist...
[2025-12-15T23:24:56.384+0000] {subprocess.py:93} INFO - [INFO] 2025-12-15 23:24:56 - Ensuring run-aware columns exist (LOAD_RUN_ID, LOADED_AT)...
[2025-12-15T23:24:57.942+0000] {subprocess.py:93} INFO - [INFO] 2025-12-15 23:24:57 - RAW tables are ready (run-aware).
[2025-12-15T23:24:57.943+0000] {subprocess.py:93} INFO - [INFO] 2025-12-15 23:24:57 - Ensuring RAW_LOAD_AUDIT table exists...
[2025-12-15T23:24:58.236+0000] {subprocess.py:93} INFO - [INFO] 2025-12-15 23:24:58 - RAW_LOAD_AUDIT is ready.
[2025-12-15T23:24:58.245+0000] {subprocess.py:93} INFO - [INFO] 2025-12-15 23:24:58 - Read 500 rows from materials.csv
[2025-12-15T23:24:58.268+0000] {subprocess.py:93} INFO - [INFO] 2025-12-15 23:24:58 - Read 10,000 rows from batches.csv
[2025-12-15T23:24:58.295+0000] {subprocess.py:93} INFO - [INFO] 2025-12-15 23:24:58 - Read 10,000 rows from production_orders.csv
[2025-12-15T23:25:03.700+0000] {subprocess.py:93} INFO - [INFO] 2025-12-15 23:25:03 - [MATERIALS] Loaded 500 rows. load_id=a20f3b30-e43c-4707-912e-ad2b82cf2c0c
[2025-12-15T23:25:08.369+0000] {subprocess.py:93} INFO - [INFO] 2025-12-15 23:25:08 - [BATCHES] Loaded 10,000 rows. load_id=a20f3b30-e43c-4707-912e-ad2b82cf2c0c
[2025-12-15T23:25:12.691+0000] {subprocess.py:93} INFO - [INFO] 2025-12-15 23:25:12 - [PRODUCTION_ORDERS] Loaded 10,000 rows. load_id=a20f3b30-e43c-4707-912e-ad2b82cf2c0c
[2025-12-15T23:25:12.692+0000] {subprocess.py:93} INFO - [INFO] 2025-12-15 23:25:12 - RAW ingestion completed successfully.
[2025-12-15T23:25:12.692+0000] {subprocess.py:93} INFO - [INFO] 2025-12-15 23:25:12 - load_id=a20f3b30-e43c-4707-912e-ad2b82cf2c0c
[2025-12-15T23:25:13.165+0000] {subprocess.py:93} INFO - [INFO] 2025-12-15 23:25:13 - Snowflake connection closed.
[2025-12-15T23:25:13.313+0000] {subprocess.py:97} INFO - Command exited with return code 0
[2025-12-15T23:25:13.314+0000] {taskinstance.py:441} INFO - ::group::Post task execution logs
[2025-12-15T23:25:13.336+0000] {taskinstance.py:1205} INFO - Marking task as SUCCESS. dag_id=mfg_raw_ingestion_dag, task_id=ingest_raw_to_snowflake, execution_date=20251215T231328, start_date=20251215T232452, end_date=20251215T232513
[2025-12-15T23:25:13.353+0000] {local_task_job_runner.py:240} INFO - Task exited with return code 0
[2025-12-15T23:25:13.375+0000] {taskinstance.py:3482} INFO - 1 downstream tasks scheduled from follow-on schedule check
[2025-12-15T23:25:13.379+0000] {local_task_job_runner.py:222} INFO - ::endgroup::
