[2025-12-14T20:58:59.340+0000] {local_task_job_runner.py:120} INFO - ::group::Pre task execution logs
[2025-12-14T20:58:59.380+0000] {taskinstance.py:2073} INFO - Dependencies all met for dep_context=non-requeueable deps ti=<TaskInstance: mfg_raw_ingestion_dag.ingest_raw_to_snowflake manual__2025-12-14T20:56:05.479652+00:00 [queued]>
[2025-12-14T20:58:59.391+0000] {taskinstance.py:2073} INFO - Dependencies all met for dep_context=requeueable deps ti=<TaskInstance: mfg_raw_ingestion_dag.ingest_raw_to_snowflake manual__2025-12-14T20:56:05.479652+00:00 [queued]>
[2025-12-14T20:58:59.392+0000] {taskinstance.py:2303} INFO - Starting attempt 1 of 3
[2025-12-14T20:58:59.411+0000] {taskinstance.py:2327} INFO - Executing <Task(BashOperator): ingest_raw_to_snowflake> on 2025-12-14 20:56:05.479652+00:00
[2025-12-14T20:58:59.423+0000] {standard_task_runner.py:90} INFO - Running: ['***', 'tasks', 'run', 'mfg_raw_ingestion_dag', 'ingest_raw_to_snowflake', 'manual__2025-12-14T20:56:05.479652+00:00', '--job-id', '8', '--raw', '--subdir', 'DAGS_FOLDER/mfg_raw_ingestion_dag.py', '--cfg-path', '/tmp/tmp297d333x']
[2025-12-14T20:58:59.426+0000] {standard_task_runner.py:91} INFO - Job 8: Subtask ingest_raw_to_snowflake
[2025-12-14T20:58:59.427+0000] {logging_mixin.py:188} WARNING - /home/***/.local/lib/python3.12/site-packages/***/task/task_runner/standard_task_runner.py:61 DeprecationWarning: This process (pid=2613) is multi-threaded, use of fork() may lead to deadlocks in the child.
[2025-12-14T20:58:59.429+0000] {standard_task_runner.py:63} INFO - Started process 2614 to run task
[2025-12-14T20:58:59.502+0000] {task_command.py:426} INFO - Running <TaskInstance: mfg_raw_ingestion_dag.ingest_raw_to_snowflake manual__2025-12-14T20:56:05.479652+00:00 [running]> on host 3799fda194bc
[2025-12-14T20:58:59.604+0000] {taskinstance.py:2644} INFO - Exporting env vars: AIRFLOW_CTX_DAG_OWNER='data-engineering' AIRFLOW_CTX_DAG_ID='mfg_raw_ingestion_dag' AIRFLOW_CTX_TASK_ID='ingest_raw_to_snowflake' AIRFLOW_CTX_EXECUTION_DATE='2025-12-14T20:56:05.479652+00:00' AIRFLOW_CTX_TRY_NUMBER='1' AIRFLOW_CTX_DAG_RUN_ID='manual__2025-12-14T20:56:05.479652+00:00'
[2025-12-14T20:58:59.606+0000] {taskinstance.py:430} INFO - ::endgroup::
[2025-12-14T20:58:59.625+0000] {subprocess.py:63} INFO - Tmp dir root location: /tmp
[2025-12-14T20:58:59.626+0000] {subprocess.py:75} INFO - Running command: ['/usr/bin/bash', '-c', 'set -euo pipefail; python /opt/***/ingestion/python/load_raw_to_snowflake.py']
[2025-12-14T20:58:59.637+0000] {subprocess.py:86} INFO - Output:
[2025-12-14T20:59:02.047+0000] {subprocess.py:93} INFO - [INFO] 2025-12-14 20:59:02 - Loaded environment variables from /opt/***/.env
[2025-12-14T20:59:02.047+0000] {subprocess.py:93} INFO - [INFO] 2025-12-14 20:59:02 - Connecting to Snowflake...
[2025-12-14T20:59:03.472+0000] {subprocess.py:93} INFO - [INFO] 2025-12-14 20:59:03 - Starting RAW load. load_run_id=709e8bec-789e-4913-9754-a4c32d908d65
[2025-12-14T20:59:03.479+0000] {subprocess.py:93} INFO - [INFO] 2025-12-14 20:59:03 - Ensuring RAW tables exist (append-only, run-aware)...
[2025-12-14T20:59:04.804+0000] {subprocess.py:93} INFO - [INFO] 2025-12-14 20:59:04 - Read 500 rows from materials.csv
[2025-12-14T20:59:04.840+0000] {subprocess.py:93} INFO - [INFO] 2025-12-14 20:59:04 - Read 10,000 rows from batches.csv
[2025-12-14T20:59:04.878+0000] {subprocess.py:93} INFO - [INFO] 2025-12-14 20:59:04 - Read 10,000 rows from production_orders.csv
[2025-12-14T20:59:04.879+0000] {subprocess.py:93} INFO - /opt/***/ingestion/python/load_raw_to_snowflake.py:198: UserWarning: Dataframe contains a datetime with timezone column, but 'use_logical_type=None'. This can result in dateimes being incorrectly written to Snowflake. Consider setting 'use_logical_type = True'
[2025-12-14T20:59:04.880+0000] {subprocess.py:93} INFO -   success, _, rows_loaded, _ = write_pandas(
[2025-12-14T20:59:07.966+0000] {subprocess.py:93} INFO - [INFO] 2025-12-14 20:59:07 - Snowflake connection closed
[2025-12-14T20:59:07.967+0000] {subprocess.py:93} INFO - Traceback (most recent call last):
[2025-12-14T20:59:07.968+0000] {subprocess.py:93} INFO -   File "/opt/***/ingestion/python/load_raw_to_snowflake.py", line 198, in load_df
[2025-12-14T20:59:07.972+0000] {subprocess.py:93} INFO -     success, _, rows_loaded, _ = write_pandas(
[2025-12-14T20:59:07.973+0000] {subprocess.py:93} INFO -                                  ^^^^^^^^^^^^^
[2025-12-14T20:59:07.973+0000] {subprocess.py:93} INFO -   File "/home/***/.local/lib/python3.12/site-packages/snowflake/connector/pandas_tools.py", line 602, in write_pandas
[2025-12-14T20:59:07.974+0000] {subprocess.py:93} INFO -     copy_results = cursor.execute(
[2025-12-14T20:59:07.974+0000] {subprocess.py:93} INFO -                    ^^^^^^^^^^^^^^^
[2025-12-14T20:59:07.975+0000] {subprocess.py:93} INFO -   File "/home/***/.local/lib/python3.12/site-packages/snowflake/connector/cursor.py", line 1134, in execute
[2025-12-14T20:59:07.975+0000] {subprocess.py:93} INFO -     Error.errorhandler_wrapper(self.connection, self, error_class, errvalue)
[2025-12-14T20:59:07.976+0000] {subprocess.py:93} INFO -   File "/home/***/.local/lib/python3.12/site-packages/snowflake/connector/errors.py", line 286, in errorhandler_wrapper
[2025-12-14T20:59:07.976+0000] {subprocess.py:93} INFO -     handed_over = Error.hand_to_other_handler(
[2025-12-14T20:59:07.977+0000] {subprocess.py:93} INFO -                   ^^^^^^^^^^^^^^^^^^^^^^^^^^^^
[2025-12-14T20:59:07.978+0000] {subprocess.py:93} INFO -   File "/home/***/.local/lib/python3.12/site-packages/snowflake/connector/errors.py", line 341, in hand_to_other_handler
[2025-12-14T20:59:07.978+0000] {subprocess.py:93} INFO -     cursor.errorhandler(connection, cursor, error_class, error_value)
[2025-12-14T20:59:07.979+0000] {subprocess.py:93} INFO -   File "/home/***/.local/lib/python3.12/site-packages/snowflake/connector/errors.py", line 217, in default_errorhandler
[2025-12-14T20:59:07.979+0000] {subprocess.py:93} INFO -     raise error_class(
[2025-12-14T20:59:07.980+0000] {subprocess.py:93} INFO - snowflake.connector.errors.ProgrammingError: 000904 (42000): SQL compilation error: error line 1 at position 86
[2025-12-14T20:59:07.980+0000] {subprocess.py:93} INFO - invalid identifier 'LOAD_RUN_ID'
[2025-12-14T20:59:07.981+0000] {subprocess.py:93} INFO - 
[2025-12-14T20:59:07.981+0000] {subprocess.py:93} INFO - During handling of the above exception, another exception occurred:
[2025-12-14T20:59:07.982+0000] {subprocess.py:93} INFO - 
[2025-12-14T20:59:07.982+0000] {subprocess.py:93} INFO - Traceback (most recent call last):
[2025-12-14T20:59:07.983+0000] {subprocess.py:93} INFO -   File "/opt/***/ingestion/python/load_raw_to_snowflake.py", line 263, in <module>
[2025-12-14T20:59:07.983+0000] {subprocess.py:93} INFO -     main()
[2025-12-14T20:59:07.984+0000] {subprocess.py:93} INFO -   File "/opt/***/ingestion/python/load_raw_to_snowflake.py", line 250, in main
[2025-12-14T20:59:07.984+0000] {subprocess.py:93} INFO -     load_df(conn, cursor, mats, "MATERIALS", load_run_id)
[2025-12-14T20:59:07.985+0000] {subprocess.py:93} INFO -   File "/opt/***/ingestion/python/load_raw_to_snowflake.py", line 219, in load_df
[2025-12-14T20:59:07.986+0000] {subprocess.py:93} INFO -     cursor.execute(
[2025-12-14T20:59:07.986+0000] {subprocess.py:93} INFO -   File "/home/***/.local/lib/python3.12/site-packages/snowflake/connector/cursor.py", line 1134, in execute
[2025-12-14T20:59:07.987+0000] {subprocess.py:93} INFO -     Error.errorhandler_wrapper(self.connection, self, error_class, errvalue)
[2025-12-14T20:59:07.987+0000] {subprocess.py:93} INFO -   File "/home/***/.local/lib/python3.12/site-packages/snowflake/connector/errors.py", line 286, in errorhandler_wrapper
[2025-12-14T20:59:07.988+0000] {subprocess.py:93} INFO -     handed_over = Error.hand_to_other_handler(
[2025-12-14T20:59:07.988+0000] {subprocess.py:93} INFO -                   ^^^^^^^^^^^^^^^^^^^^^^^^^^^^
[2025-12-14T20:59:07.989+0000] {subprocess.py:93} INFO -   File "/home/***/.local/lib/python3.12/site-packages/snowflake/connector/errors.py", line 341, in hand_to_other_handler
[2025-12-14T20:59:07.990+0000] {subprocess.py:93} INFO -     cursor.errorhandler(connection, cursor, error_class, error_value)
[2025-12-14T20:59:07.990+0000] {subprocess.py:93} INFO -   File "/home/***/.local/lib/python3.12/site-packages/snowflake/connector/errors.py", line 217, in default_errorhandler
[2025-12-14T20:59:07.991+0000] {subprocess.py:93} INFO -     raise error_class(
[2025-12-14T20:59:07.991+0000] {subprocess.py:93} INFO - snowflake.connector.errors.ProgrammingError: 002020 (21S01): SQL compilation error:
[2025-12-14T20:59:07.992+0000] {subprocess.py:93} INFO - Insert value list does not match column list expecting 8 but got 7
[2025-12-14T20:59:08.160+0000] {subprocess.py:97} INFO - Command exited with return code 1
[2025-12-14T20:59:08.162+0000] {taskinstance.py:441} INFO - ::group::Post task execution logs
[2025-12-14T20:59:08.172+0000] {taskinstance.py:2890} ERROR - Task failed with exception
Traceback (most recent call last):
  File "/home/airflow/.local/lib/python3.12/site-packages/airflow/models/taskinstance.py", line 460, in _execute_task
    result = _execute_callable(context=context, **execute_callable_kwargs)
             ^^^^^^^^^^^^^^^^^^^^^^^^^^^^^^^^^^^^^^^^^^^^^^^^^^^^^^^^^^^^^
  File "/home/airflow/.local/lib/python3.12/site-packages/airflow/models/taskinstance.py", line 432, in _execute_callable
    return execute_callable(context=context, **execute_callable_kwargs)
           ^^^^^^^^^^^^^^^^^^^^^^^^^^^^^^^^^^^^^^^^^^^^^^^^^^^^^^^^^^^^
  File "/home/airflow/.local/lib/python3.12/site-packages/airflow/models/baseoperator.py", line 400, in wrapper
    return func(self, *args, **kwargs)
           ^^^^^^^^^^^^^^^^^^^^^^^^^^^
  File "/home/airflow/.local/lib/python3.12/site-packages/airflow/operators/bash.py", line 243, in execute
    raise AirflowException(
airflow.exceptions.AirflowException: Bash command failed. The command returned a non-zero exit code 1.
[2025-12-14T20:59:08.178+0000] {taskinstance.py:1205} INFO - Marking task as UP_FOR_RETRY. dag_id=mfg_raw_ingestion_dag, task_id=ingest_raw_to_snowflake, execution_date=20251214T205605, start_date=20251214T205859, end_date=20251214T205908
[2025-12-14T20:59:08.194+0000] {standard_task_runner.py:110} ERROR - Failed to execute job 8 for task ingest_raw_to_snowflake (Bash command failed. The command returned a non-zero exit code 1.; 2614)
[2025-12-14T20:59:08.223+0000] {local_task_job_runner.py:240} INFO - Task exited with return code 1
[2025-12-14T20:59:08.246+0000] {taskinstance.py:3482} INFO - 0 downstream tasks scheduled from follow-on schedule check
[2025-12-14T20:59:08.251+0000] {local_task_job_runner.py:222} INFO - ::endgroup::
