[2025-12-13T22:03:31.013+0000] {local_task_job_runner.py:120} INFO - ::group::Pre task execution logs
[2025-12-13T22:03:31.048+0000] {taskinstance.py:2073} INFO - Dependencies all met for dep_context=non-requeueable deps ti=<TaskInstance: mfg_data_quality_monitoring_dag.dq_alert_on_issues manual__2025-12-13T22:02:54.119176+00:00 [queued]>
[2025-12-13T22:03:31.058+0000] {taskinstance.py:2073} INFO - Dependencies all met for dep_context=requeueable deps ti=<TaskInstance: mfg_data_quality_monitoring_dag.dq_alert_on_issues manual__2025-12-13T22:02:54.119176+00:00 [queued]>
[2025-12-13T22:03:31.059+0000] {taskinstance.py:2303} INFO - Starting attempt 1 of 2
[2025-12-13T22:03:31.076+0000] {taskinstance.py:2327} INFO - Executing <Task(PythonOperator): dq_alert_on_issues> on 2025-12-13 22:02:54.119176+00:00
[2025-12-13T22:03:31.088+0000] {standard_task_runner.py:90} INFO - Running: ['***', 'tasks', 'run', 'mfg_data_quality_monitoring_dag', 'dq_alert_on_issues', 'manual__2025-12-13T22:02:54.119176+00:00', '--job-id', '15', '--raw', '--subdir', 'DAGS_FOLDER/mfg_data_quality_monitoring_dag.py', '--cfg-path', '/tmp/tmpvy0bciiv']
[2025-12-13T22:03:31.094+0000] {standard_task_runner.py:91} INFO - Job 15: Subtask dq_alert_on_issues
[2025-12-13T22:03:31.094+0000] {logging_mixin.py:188} WARNING - /home/***/.local/lib/python3.12/site-packages/***/task/task_runner/standard_task_runner.py:61 DeprecationWarning: This process (pid=425) is multi-threaded, use of fork() may lead to deadlocks in the child.
[2025-12-13T22:03:31.095+0000] {standard_task_runner.py:63} INFO - Started process 430 to run task
[2025-12-13T22:03:31.159+0000] {task_command.py:426} INFO - Running <TaskInstance: mfg_data_quality_monitoring_dag.dq_alert_on_issues manual__2025-12-13T22:02:54.119176+00:00 [running]> on host 54d82317add3
[2025-12-13T22:03:31.259+0000] {taskinstance.py:2644} INFO - Exporting env vars: AIRFLOW_CTX_DAG_OWNER='data-platform' AIRFLOW_CTX_DAG_ID='mfg_data_quality_monitoring_dag' AIRFLOW_CTX_TASK_ID='dq_alert_on_issues' AIRFLOW_CTX_EXECUTION_DATE='2025-12-13T22:02:54.119176+00:00' AIRFLOW_CTX_TRY_NUMBER='1' AIRFLOW_CTX_DAG_RUN_ID='manual__2025-12-13T22:02:54.119176+00:00'
[2025-12-13T22:03:31.262+0000] {taskinstance.py:430} INFO - ::endgroup::
[2025-12-13T22:03:31.291+0000] {logging_mixin.py:188} INFO - 🚦 *MFG Data Quality Report*
- dag_run_id: manual__2025-12-13T22:02:54.119176+00:00
- run_ts_utc: 2025-12-13T22:03:24.031653
- errors: 0 | warnings: 1

⚠️ *WARNINGS*
- null_actual_start_date: {"check": "null_actual_start_date", "severity": "WARN", "null_count": 2120}
[2025-12-13T22:03:31.654+0000] {logging_mixin.py:188} INFO - [OK] Slack notification sent.
[2025-12-13T22:03:31.655+0000] {python.py:237} INFO - Done. Returned value was: None
[2025-12-13T22:03:31.656+0000] {taskinstance.py:441} INFO - ::group::Post task execution logs
[2025-12-13T22:03:31.670+0000] {taskinstance.py:1205} INFO - Marking task as SUCCESS. dag_id=mfg_data_quality_monitoring_dag, task_id=dq_alert_on_issues, execution_date=20251213T220254, start_date=20251213T220331, end_date=20251213T220331
[2025-12-13T22:03:31.714+0000] {local_task_job_runner.py:240} INFO - Task exited with return code 0
[2025-12-13T22:03:31.731+0000] {taskinstance.py:3482} INFO - 0 downstream tasks scheduled from follow-on schedule check
[2025-12-13T22:03:31.735+0000] {local_task_job_runner.py:222} INFO - ::endgroup::
