[2025-12-14T17:46:18.292+0000] {local_task_job_runner.py:120} INFO - ::group::Pre task execution logs
[2025-12-14T17:46:18.365+0000] {taskinstance.py:2073} INFO - Dependencies all met for dep_context=non-requeueable deps ti=<TaskInstance: mfg_data_quality_monitoring_dag.dq_check_sla_timeliness scheduled__2025-12-13T06:00:00+00:00 [queued]>
[2025-12-14T17:46:18.382+0000] {taskinstance.py:2073} INFO - Dependencies all met for dep_context=requeueable deps ti=<TaskInstance: mfg_data_quality_monitoring_dag.dq_check_sla_timeliness scheduled__2025-12-13T06:00:00+00:00 [queued]>
[2025-12-14T17:46:18.383+0000] {taskinstance.py:2303} INFO - Starting attempt 1 of 2
[2025-12-14T17:46:18.408+0000] {taskinstance.py:2327} INFO - Executing <Task(PythonOperator): dq_check_sla_timeliness> on 2025-12-13 06:00:00+00:00
[2025-12-14T17:46:18.425+0000] {standard_task_runner.py:90} INFO - Running: ['***', 'tasks', 'run', 'mfg_data_quality_monitoring_dag', 'dq_check_sla_timeliness', 'scheduled__2025-12-13T06:00:00+00:00', '--job-id', '53', '--raw', '--subdir', 'DAGS_FOLDER/mfg_data_quality_monitoring_dag.py', '--cfg-path', '/tmp/tmpvb_zrac2']
[2025-12-14T17:46:18.427+0000] {logging_mixin.py:188} WARNING - /home/***/.local/lib/python3.12/site-packages/***/task/task_runner/standard_task_runner.py:61 DeprecationWarning: This process (pid=4531) is multi-threaded, use of fork() may lead to deadlocks in the child.
[2025-12-14T17:46:18.429+0000] {standard_task_runner.py:91} INFO - Job 53: Subtask dq_check_sla_timeliness
[2025-12-14T17:46:18.430+0000] {standard_task_runner.py:63} INFO - Started process 4534 to run task
[2025-12-14T17:46:18.515+0000] {task_command.py:426} INFO - Running <TaskInstance: mfg_data_quality_monitoring_dag.dq_check_sla_timeliness scheduled__2025-12-13T06:00:00+00:00 [running]> on host 1cab3e949a95
[2025-12-14T17:46:18.711+0000] {taskinstance.py:2644} INFO - Exporting env vars: AIRFLOW_CTX_DAG_OWNER='data-platform' AIRFLOW_CTX_DAG_ID='mfg_data_quality_monitoring_dag' AIRFLOW_CTX_TASK_ID='dq_check_sla_timeliness' AIRFLOW_CTX_EXECUTION_DATE='2025-12-13T06:00:00+00:00' AIRFLOW_CTX_TRY_NUMBER='1' AIRFLOW_CTX_DAG_RUN_ID='scheduled__2025-12-13T06:00:00+00:00'
[2025-12-14T17:46:18.713+0000] {taskinstance.py:430} INFO - ::endgroup::
[2025-12-14T17:46:18.747+0000] {taskinstance.py:441} INFO - ::group::Post task execution logs
[2025-12-14T17:46:18.748+0000] {taskinstance.py:2890} ERROR - Task failed with exception
Traceback (most recent call last):
  File "/home/airflow/.local/lib/python3.12/site-packages/airflow/models/taskinstance.py", line 460, in _execute_task
    result = _execute_callable(context=context, **execute_callable_kwargs)
             ^^^^^^^^^^^^^^^^^^^^^^^^^^^^^^^^^^^^^^^^^^^^^^^^^^^^^^^^^^^^^
  File "/home/airflow/.local/lib/python3.12/site-packages/airflow/models/taskinstance.py", line 432, in _execute_callable
    return execute_callable(context=context, **execute_callable_kwargs)
           ^^^^^^^^^^^^^^^^^^^^^^^^^^^^^^^^^^^^^^^^^^^^^^^^^^^^^^^^^^^^
  File "/home/airflow/.local/lib/python3.12/site-packages/airflow/models/baseoperator.py", line 400, in wrapper
    return func(self, *args, **kwargs)
           ^^^^^^^^^^^^^^^^^^^^^^^^^^^
  File "/home/airflow/.local/lib/python3.12/site-packages/airflow/operators/python.py", line 235, in execute
    return_value = self.execute_callable()
                   ^^^^^^^^^^^^^^^^^^^^^^^
  File "/home/airflow/.local/lib/python3.12/site-packages/airflow/operators/python.py", line 252, in execute_callable
    return self.python_callable(*self.op_args, **self.op_kwargs)
           ^^^^^^^^^^^^^^^^^^^^^^^^^^^^^^^^^^^^^^^^^^^^^^^^^^^^^
  File "/opt/airflow/dags/mfg_data_quality_monitoring_dag.py", line 326, in dq_check_sla_timeliness
    dag_duration_min = (dag_end - dr.start_date).total_seconds() / 60.0
                        ~~~~~~~~^~~~~~~~~~~~~~~
TypeError: can't subtract offset-naive and offset-aware datetimes
[2025-12-14T17:46:18.768+0000] {taskinstance.py:1205} INFO - Marking task as UP_FOR_RETRY. dag_id=mfg_data_quality_monitoring_dag, task_id=dq_check_sla_timeliness, execution_date=20251213T060000, start_date=20251214T174618, end_date=20251214T174618
[2025-12-14T17:46:18.788+0000] {standard_task_runner.py:110} ERROR - Failed to execute job 53 for task dq_check_sla_timeliness (can't subtract offset-naive and offset-aware datetimes; 4534)
[2025-12-14T17:46:18.807+0000] {local_task_job_runner.py:240} INFO - Task exited with return code 1
[2025-12-14T17:46:18.841+0000] {taskinstance.py:3482} INFO - 0 downstream tasks scheduled from follow-on schedule check
[2025-12-14T17:46:18.846+0000] {local_task_job_runner.py:222} INFO - ::endgroup::
