[2025-12-14T17:45:07.142+0000] {local_task_job_runner.py:120} INFO - ::group::Pre task execution logs
[2025-12-14T17:45:07.419+0000] {taskinstance.py:2073} INFO - Dependencies all met for dep_context=non-requeueable deps ti=<TaskInstance: mfg_dbt_transform_dag.dbt_run_staging scheduled__2025-12-13T04:15:00+00:00 [queued]>
[2025-12-14T17:45:07.502+0000] {taskinstance.py:2073} INFO - Dependencies all met for dep_context=requeueable deps ti=<TaskInstance: mfg_dbt_transform_dag.dbt_run_staging scheduled__2025-12-13T04:15:00+00:00 [queued]>
[2025-12-14T17:45:07.517+0000] {taskinstance.py:2303} INFO - Starting attempt 1 of 3
[2025-12-14T17:45:07.765+0000] {taskinstance.py:2327} INFO - Executing <Task(BashOperator): dbt_run_staging> on 2025-12-13 04:15:00+00:00
[2025-12-14T17:45:07.834+0000] {logging_mixin.py:188} WARNING - /home/***/.local/lib/python3.12/site-packages/***/task/task_runner/standard_task_runner.py:61 DeprecationWarning: This process (pid=4326) is multi-threaded, use of fork() may lead to deadlocks in the child.
[2025-12-14T17:45:07.824+0000] {standard_task_runner.py:90} INFO - Running: ['***', 'tasks', 'run', 'mfg_dbt_transform_dag', 'dbt_run_staging', 'scheduled__2025-12-13T04:15:00+00:00', '--job-id', '45', '--raw', '--subdir', 'DAGS_FOLDER/mfg_dbt_transform_dag.py', '--cfg-path', '/tmp/tmptgcvdhos']
[2025-12-14T17:45:07.858+0000] {standard_task_runner.py:63} INFO - Started process 4340 to run task
[2025-12-14T17:45:07.871+0000] {standard_task_runner.py:91} INFO - Job 45: Subtask dbt_run_staging
[2025-12-14T17:45:08.338+0000] {task_command.py:426} INFO - Running <TaskInstance: mfg_dbt_transform_dag.dbt_run_staging scheduled__2025-12-13T04:15:00+00:00 [running]> on host 1cab3e949a95
[2025-12-14T17:45:09.080+0000] {taskinstance.py:2644} INFO - Exporting env vars: AIRFLOW_CTX_DAG_OWNER='data-engineering' AIRFLOW_CTX_DAG_ID='mfg_dbt_transform_dag' AIRFLOW_CTX_TASK_ID='dbt_run_staging' AIRFLOW_CTX_EXECUTION_DATE='2025-12-13T04:15:00+00:00' AIRFLOW_CTX_TRY_NUMBER='1' AIRFLOW_CTX_DAG_RUN_ID='scheduled__2025-12-13T04:15:00+00:00'
[2025-12-14T17:45:09.143+0000] {taskinstance.py:430} INFO - ::endgroup::
[2025-12-14T17:45:09.482+0000] {subprocess.py:63} INFO - Tmp dir root location: /tmp
[2025-12-14T17:45:09.499+0000] {subprocess.py:75} INFO - Running command: ['/usr/bin/bash', '-c', 'cd /opt/***/dbt_project && dbt run --select staging --profiles-dir /opt/***/dbt_profiles']
[2025-12-14T17:45:09.621+0000] {subprocess.py:86} INFO - Output:
[2025-12-14T17:45:31.589+0000] {subprocess.py:93} INFO - [0m17:45:31  Running with dbt=1.10.15
[2025-12-14T17:45:39.471+0000] {subprocess.py:93} INFO - [0m17:45:39  Registered adapter: snowflake=1.10.4
[2025-12-14T17:45:46.203+0000] {subprocess.py:93} INFO - [0m17:45:46  Found 8 models, 24 data tests, 3 sources, 504 macros
[2025-12-14T17:45:46.219+0000] {subprocess.py:93} INFO - [0m17:45:46
[2025-12-14T17:45:46.242+0000] {subprocess.py:93} INFO - [0m17:45:46  Concurrency: 4 threads (target='dev')
[2025-12-14T17:45:46.250+0000] {subprocess.py:93} INFO - [0m17:45:46
[2025-12-14T17:45:51.098+0000] {subprocess.py:93} INFO - [0m17:45:51  1 of 3 START sql view model ANALYTICS_analytics.stg_batches .................... [RUN]
[2025-12-14T17:45:51.107+0000] {subprocess.py:93} INFO - [0m17:45:51  2 of 3 START sql view model ANALYTICS_analytics.stg_materials .................. [RUN]
[2025-12-14T17:45:51.124+0000] {subprocess.py:93} INFO - [0m17:45:51  3 of 3 START sql view model ANALYTICS_analytics.stg_production_orders .......... [RUN]
[2025-12-14T17:45:53.418+0000] {subprocess.py:93} INFO - [0m17:45:53  1 of 3 OK created sql view model ANALYTICS_analytics.stg_batches ............... [[32mSUCCESS 1[0m in 2.26s]
[2025-12-14T17:45:54.747+0000] {subprocess.py:93} INFO - [0m17:45:54  2 of 3 OK created sql view model ANALYTICS_analytics.stg_materials ............. [[32mSUCCESS 1[0m in 3.57s]
[2025-12-14T17:45:54.753+0000] {subprocess.py:93} INFO - [0m17:45:54  3 of 3 OK created sql view model ANALYTICS_analytics.stg_production_orders ..... [[32mSUCCESS 1[0m in 3.58s]
[2025-12-14T17:45:56.323+0000] {subprocess.py:93} INFO - [0m17:45:56
[2025-12-14T17:45:56.343+0000] {subprocess.py:93} INFO - [0m17:45:56  Finished running 3 view models in 0 hours 0 minutes and 10.08 seconds (10.08s).
[2025-12-14T17:45:56.824+0000] {subprocess.py:93} INFO - [0m17:45:56
[2025-12-14T17:45:56.838+0000] {subprocess.py:93} INFO - [0m17:45:56  [32mCompleted successfully[0m
[2025-12-14T17:45:56.849+0000] {subprocess.py:93} INFO - [0m17:45:56
[2025-12-14T17:45:56.859+0000] {subprocess.py:93} INFO - [0m17:45:56  Done. PASS=3 WARN=0 ERROR=0 SKIP=0 NO-OP=0 TOTAL=3
[2025-12-14T17:45:59.782+0000] {subprocess.py:97} INFO - Command exited with return code 0
[2025-12-14T17:45:59.790+0000] {taskinstance.py:441} INFO - ::group::Post task execution logs
[2025-12-14T17:45:59.924+0000] {taskinstance.py:1205} INFO - Marking task as SUCCESS. dag_id=mfg_dbt_transform_dag, task_id=dbt_run_staging, execution_date=20251213T041500, start_date=20251214T174507, end_date=20251214T174559
[2025-12-14T17:46:00.107+0000] {local_task_job_runner.py:240} INFO - Task exited with return code 0
[2025-12-14T17:46:00.277+0000] {taskinstance.py:3482} INFO - 1 downstream tasks scheduled from follow-on schedule check
[2025-12-14T17:46:00.288+0000] {local_task_job_runner.py:222} INFO - ::endgroup::
