[2025-12-13T21:52:20.436+0000] {local_task_job_runner.py:120} INFO - ::group::Pre task execution logs
[2025-12-13T21:52:20.463+0000] {taskinstance.py:2073} INFO - Dependencies all met for dep_context=non-requeueable deps ti=<TaskInstance: mfg_data_quality_monitoring_dag.dq_alert_on_issues manual__2025-12-13T21:51:45.182914+00:00 [queued]>
[2025-12-13T21:52:20.470+0000] {taskinstance.py:2073} INFO - Dependencies all met for dep_context=requeueable deps ti=<TaskInstance: mfg_data_quality_monitoring_dag.dq_alert_on_issues manual__2025-12-13T21:51:45.182914+00:00 [queued]>
[2025-12-13T21:52:20.471+0000] {taskinstance.py:2303} INFO - Starting attempt 1 of 2
[2025-12-13T21:52:20.484+0000] {taskinstance.py:2327} INFO - Executing <Task(PythonOperator): dq_alert_on_issues> on 2025-12-13 21:51:45.182914+00:00
[2025-12-13T21:52:20.492+0000] {logging_mixin.py:188} WARNING - /home/***/.local/lib/python3.12/site-packages/***/task/task_runner/standard_task_runner.py:61 DeprecationWarning: This process (pid=20590) is multi-threaded, use of fork() may lead to deadlocks in the child.
[2025-12-13T21:52:20.494+0000] {standard_task_runner.py:63} INFO - Started process 20593 to run task
[2025-12-13T21:52:20.493+0000] {standard_task_runner.py:90} INFO - Running: ['***', 'tasks', 'run', 'mfg_data_quality_monitoring_dag', 'dq_alert_on_issues', 'manual__2025-12-13T21:51:45.182914+00:00', '--job-id', '61', '--raw', '--subdir', 'DAGS_FOLDER/mfg_data_quality_monitoring_dag.py', '--cfg-path', '/tmp/tmpls1hmy0i']
[2025-12-13T21:52:20.495+0000] {standard_task_runner.py:91} INFO - Job 61: Subtask dq_alert_on_issues
[2025-12-13T21:52:20.542+0000] {task_command.py:426} INFO - Running <TaskInstance: mfg_data_quality_monitoring_dag.dq_alert_on_issues manual__2025-12-13T21:51:45.182914+00:00 [running]> on host 2836efb3fb45
[2025-12-13T21:52:20.630+0000] {taskinstance.py:2644} INFO - Exporting env vars: AIRFLOW_CTX_DAG_OWNER='data-platform' AIRFLOW_CTX_DAG_ID='mfg_data_quality_monitoring_dag' AIRFLOW_CTX_TASK_ID='dq_alert_on_issues' AIRFLOW_CTX_EXECUTION_DATE='2025-12-13T21:51:45.182914+00:00' AIRFLOW_CTX_TRY_NUMBER='1' AIRFLOW_CTX_DAG_RUN_ID='manual__2025-12-13T21:51:45.182914+00:00'
[2025-12-13T21:52:20.631+0000] {taskinstance.py:430} INFO - ::endgroup::
[2025-12-13T21:52:20.653+0000] {logging_mixin.py:188} INFO - 🚦 *MFG Data Quality Report*
- dag_run_id: manual__2025-12-13T21:51:45.182914+00:00
- run_ts_utc: 2025-12-13T21:52:15.494263
- errors: 0 | warnings: 1

⚠️ *WARNINGS*
- null_actual_start_date: {"check": "null_actual_start_date", "severity": "WARN", "null_count": 2120}
[2025-12-13T21:52:20.654+0000] {logging_mixin.py:188} INFO - [INFO] SLACK_WEBHOOK_URL not set. Skipping Slack notification.
[2025-12-13T21:52:20.654+0000] {python.py:237} INFO - Done. Returned value was: None
[2025-12-13T21:52:20.655+0000] {taskinstance.py:441} INFO - ::group::Post task execution logs
[2025-12-13T21:52:20.663+0000] {taskinstance.py:1205} INFO - Marking task as SUCCESS. dag_id=mfg_data_quality_monitoring_dag, task_id=dq_alert_on_issues, execution_date=20251213T215145, start_date=20251213T215220, end_date=20251213T215220
[2025-12-13T21:52:20.708+0000] {local_task_job_runner.py:240} INFO - Task exited with return code 0
[2025-12-13T21:52:20.729+0000] {taskinstance.py:3482} INFO - 0 downstream tasks scheduled from follow-on schedule check
[2025-12-13T21:52:20.733+0000] {local_task_job_runner.py:222} INFO - ::endgroup::
