[2025-12-13T22:19:40.087+0000] {local_task_job_runner.py:120} INFO - ::group::Pre task execution logs
[2025-12-13T22:19:40.120+0000] {taskinstance.py:2073} INFO - Dependencies all met for dep_context=non-requeueable deps ti=<TaskInstance: mfg_raw_ingestion_dag.ingest_raw_to_snowflake manual__2025-12-13T22:18:40.957566+00:00 [queued]>
[2025-12-13T22:19:40.130+0000] {taskinstance.py:2073} INFO - Dependencies all met for dep_context=requeueable deps ti=<TaskInstance: mfg_raw_ingestion_dag.ingest_raw_to_snowflake manual__2025-12-13T22:18:40.957566+00:00 [queued]>
[2025-12-13T22:19:40.131+0000] {taskinstance.py:2303} INFO - Starting attempt 1 of 3
[2025-12-13T22:19:40.146+0000] {taskinstance.py:2327} INFO - Executing <Task(BashOperator): ingest_raw_to_snowflake> on 2025-12-13 22:18:40.957566+00:00
[2025-12-13T22:19:40.153+0000] {standard_task_runner.py:90} INFO - Running: ['***', 'tasks', 'run', 'mfg_raw_ingestion_dag', 'ingest_raw_to_snowflake', 'manual__2025-12-13T22:18:40.957566+00:00', '--job-id', '13', '--raw', '--subdir', 'DAGS_FOLDER/mfg_raw_ingestion_dag.py', '--cfg-path', '/tmp/tmp_4wxwnxb']
[2025-12-13T22:19:40.156+0000] {standard_task_runner.py:91} INFO - Job 13: Subtask ingest_raw_to_snowflake
[2025-12-13T22:19:40.157+0000] {logging_mixin.py:188} WARNING - /home/***/.local/lib/python3.12/site-packages/***/task/task_runner/standard_task_runner.py:61 DeprecationWarning: This process (pid=481) is multi-threaded, use of fork() may lead to deadlocks in the child.
[2025-12-13T22:19:40.158+0000] {standard_task_runner.py:63} INFO - Started process 482 to run task
[2025-12-13T22:19:40.209+0000] {task_command.py:426} INFO - Running <TaskInstance: mfg_raw_ingestion_dag.ingest_raw_to_snowflake manual__2025-12-13T22:18:40.957566+00:00 [running]> on host 1cab3e949a95
[2025-12-13T22:19:40.305+0000] {taskinstance.py:2644} INFO - Exporting env vars: AIRFLOW_CTX_DAG_OWNER='data-engineering' AIRFLOW_CTX_DAG_ID='mfg_raw_ingestion_dag' AIRFLOW_CTX_TASK_ID='ingest_raw_to_snowflake' AIRFLOW_CTX_EXECUTION_DATE='2025-12-13T22:18:40.957566+00:00' AIRFLOW_CTX_TRY_NUMBER='1' AIRFLOW_CTX_DAG_RUN_ID='manual__2025-12-13T22:18:40.957566+00:00'
[2025-12-13T22:19:40.306+0000] {taskinstance.py:430} INFO - ::endgroup::
[2025-12-13T22:19:40.326+0000] {subprocess.py:63} INFO - Tmp dir root location: /tmp
[2025-12-13T22:19:40.328+0000] {subprocess.py:75} INFO - Running command: ['/usr/bin/bash', '-c', 'python /opt/***/ingestion/python/load_raw_to_snowflake.py']
[2025-12-13T22:19:40.341+0000] {subprocess.py:86} INFO - Output:
[2025-12-13T22:19:42.485+0000] {subprocess.py:93} INFO - [INFO] 2025-12-13 22:19:42 - Environment variables loaded from /opt/***/.env
[2025-12-13T22:19:42.486+0000] {subprocess.py:93} INFO - [INFO] 2025-12-13 22:19:42 - Connecting to Snowflake...
[2025-12-13T22:19:43.763+0000] {subprocess.py:93} INFO - [INFO] 2025-12-13 22:19:43 - Snowflake connection established.
[2025-12-13T22:19:43.773+0000] {subprocess.py:93} INFO - [INFO] 2025-12-13 22:19:43 - Using data directory: /opt/***/data/raw/source_system
[2025-12-13T22:19:43.773+0000] {subprocess.py:93} INFO - [INFO] 2025-12-13 22:19:43 - Ensuring RAW tables exist...
[2025-12-13T22:19:44.734+0000] {subprocess.py:93} INFO - [INFO] 2025-12-13 22:19:44 - RAW tables are ready.
[2025-12-13T22:19:44.735+0000] {subprocess.py:93} INFO - [INFO] 2025-12-13 22:19:44 - Ensuring RAW_LOAD_AUDIT table exists...
[2025-12-13T22:19:44.986+0000] {subprocess.py:93} INFO - [INFO] 2025-12-13 22:19:44 - RAW_LOAD_AUDIT table is ready.
[2025-12-13T22:19:44.986+0000] {subprocess.py:93} INFO - [INFO] 2025-12-13 22:19:44 - Truncating RAW tables before load (idempotent reload)...
[2025-12-13T22:19:46.483+0000] {subprocess.py:93} INFO - [INFO] 2025-12-13 22:19:46 - RAW tables truncated.
[2025-12-13T22:19:46.487+0000] {subprocess.py:93} INFO - [INFO] 2025-12-13 22:19:46 - Reading CSV: /opt/***/data/raw/source_system/materials.csv
[2025-12-13T22:19:46.501+0000] {subprocess.py:93} INFO - [INFO] 2025-12-13 22:19:46 - Loaded 500 rows from materials.csv
[2025-12-13T22:19:46.505+0000] {subprocess.py:93} INFO - [INFO] 2025-12-13 22:19:46 - Reading CSV: /opt/***/data/raw/source_system/batches.csv
[2025-12-13T22:19:46.543+0000] {subprocess.py:93} INFO - [INFO] 2025-12-13 22:19:46 - Loaded 10,000 rows from batches.csv
[2025-12-13T22:19:46.548+0000] {subprocess.py:93} INFO - [INFO] 2025-12-13 22:19:46 - Reading CSV: /opt/***/data/raw/source_system/production_orders.csv
[2025-12-13T22:19:46.587+0000] {subprocess.py:93} INFO - [INFO] 2025-12-13 22:19:46 - Loaded 10,000 rows from production_orders.csv
[2025-12-13T22:19:46.588+0000] {subprocess.py:93} INFO - [INFO] 2025-12-13 22:19:46 - [MATERIALS] Preparing to load 500 rows from materials.csv.
[2025-12-13T22:19:49.540+0000] {subprocess.py:93} INFO - [INFO] 2025-12-13 22:19:49 - [MATERIALS] write_pandas success=True, rows_loaded=500, chunks=1
[2025-12-13T22:19:49.984+0000] {subprocess.py:93} INFO - [INFO] 2025-12-13 22:19:49 - [MATERIALS] Total rows in table after load: 500
[2025-12-13T22:19:50.541+0000] {subprocess.py:93} INFO - [INFO] 2025-12-13 22:19:50 - [BATCHES] Preparing to load 10,000 rows from batches.csv.
[2025-12-13T22:19:53.642+0000] {subprocess.py:93} INFO - [INFO] 2025-12-13 22:19:53 - [BATCHES] write_pandas success=True, rows_loaded=10,000, chunks=1
[2025-12-13T22:19:53.914+0000] {subprocess.py:93} INFO - [INFO] 2025-12-13 22:19:53 - [BATCHES] Total rows in table after load: 10,000
[2025-12-13T22:19:54.508+0000] {subprocess.py:93} INFO - [INFO] 2025-12-13 22:19:54 - [PRODUCTION_ORDERS] Preparing to load 10,000 rows from production_orders.csv.
[2025-12-13T22:19:57.140+0000] {subprocess.py:93} INFO - [INFO] 2025-12-13 22:19:57 - [PRODUCTION_ORDERS] write_pandas success=True, rows_loaded=10,000, chunks=1
[2025-12-13T22:19:57.481+0000] {subprocess.py:93} INFO - [INFO] 2025-12-13 22:19:57 - [PRODUCTION_ORDERS] Total rows in table after load: 10,000
[2025-12-13T22:19:58.971+0000] {subprocess.py:93} INFO - [INFO] 2025-12-13 22:19:58 - All RAW tables loaded successfully and audited.
[2025-12-13T22:19:58.972+0000] {subprocess.py:93} INFO - [INFO] 2025-12-13 22:19:58 - Load ID: 280d648d-d1be-4533-9ca1-818e791f5b99
[2025-12-13T22:19:58.973+0000] {subprocess.py:93} INFO - [INFO] 2025-12-13 22:19:58 - Closing Snowflake cursor and connection...
[2025-12-13T22:19:59.440+0000] {subprocess.py:93} INFO - [INFO] 2025-12-13 22:19:59 - Snowflake connection closed.
[2025-12-13T22:19:59.631+0000] {subprocess.py:97} INFO - Command exited with return code 0
[2025-12-13T22:19:59.633+0000] {taskinstance.py:441} INFO - ::group::Post task execution logs
[2025-12-13T22:19:59.665+0000] {taskinstance.py:1205} INFO - Marking task as SUCCESS. dag_id=mfg_raw_ingestion_dag, task_id=ingest_raw_to_snowflake, execution_date=20251213T221840, start_date=20251213T221940, end_date=20251213T221959
[2025-12-13T22:19:59.697+0000] {local_task_job_runner.py:240} INFO - Task exited with return code 0
[2025-12-13T22:19:59.723+0000] {taskinstance.py:3482} INFO - 1 downstream tasks scheduled from follow-on schedule check
[2025-12-13T22:19:59.728+0000] {local_task_job_runner.py:222} INFO - ::endgroup::
