[2025-12-15T15:00:33.634+0000] {local_task_job_runner.py:120} INFO - ::group::Pre task execution logs
[2025-12-15T15:00:33.665+0000] {taskinstance.py:2073} INFO - Dependencies all met for dep_context=non-requeueable deps ti=<TaskInstance: mfg_raw_ingestion_dag.ingest_raw_to_snowflake manual__2025-12-15T15:00:32.408724+00:00 [queued]>
[2025-12-15T15:00:33.673+0000] {taskinstance.py:2073} INFO - Dependencies all met for dep_context=requeueable deps ti=<TaskInstance: mfg_raw_ingestion_dag.ingest_raw_to_snowflake manual__2025-12-15T15:00:32.408724+00:00 [queued]>
[2025-12-15T15:00:33.674+0000] {taskinstance.py:2303} INFO - Starting attempt 1 of 3
[2025-12-15T15:00:33.689+0000] {taskinstance.py:2327} INFO - Executing <Task(BashOperator): ingest_raw_to_snowflake> on 2025-12-15 15:00:32.408724+00:00
[2025-12-15T15:00:33.697+0000] {standard_task_runner.py:90} INFO - Running: ['***', 'tasks', 'run', 'mfg_raw_ingestion_dag', 'ingest_raw_to_snowflake', 'manual__2025-12-15T15:00:32.408724+00:00', '--job-id', '33', '--raw', '--subdir', 'DAGS_FOLDER/mfg_raw_ingestion_dag.py', '--cfg-path', '/tmp/tmpi462pgad']
[2025-12-15T15:00:33.700+0000] {logging_mixin.py:188} WARNING - /home/***/.local/lib/python3.12/site-packages/***/task/task_runner/standard_task_runner.py:61 DeprecationWarning: This process (pid=4731) is multi-threaded, use of fork() may lead to deadlocks in the child.
[2025-12-15T15:00:33.701+0000] {standard_task_runner.py:91} INFO - Job 33: Subtask ingest_raw_to_snowflake
[2025-12-15T15:00:33.701+0000] {standard_task_runner.py:63} INFO - Started process 4732 to run task
[2025-12-15T15:00:33.751+0000] {task_command.py:426} INFO - Running <TaskInstance: mfg_raw_ingestion_dag.ingest_raw_to_snowflake manual__2025-12-15T15:00:32.408724+00:00 [running]> on host 3799fda194bc
[2025-12-15T15:00:33.837+0000] {taskinstance.py:2644} INFO - Exporting env vars: AIRFLOW_CTX_DAG_OWNER='data-engineering' AIRFLOW_CTX_DAG_ID='mfg_raw_ingestion_dag' AIRFLOW_CTX_TASK_ID='ingest_raw_to_snowflake' AIRFLOW_CTX_EXECUTION_DATE='2025-12-15T15:00:32.408724+00:00' AIRFLOW_CTX_TRY_NUMBER='1' AIRFLOW_CTX_DAG_RUN_ID='manual__2025-12-15T15:00:32.408724+00:00'
[2025-12-15T15:00:33.838+0000] {taskinstance.py:430} INFO - ::endgroup::
[2025-12-15T15:00:33.854+0000] {subprocess.py:63} INFO - Tmp dir root location: /tmp
[2025-12-15T15:00:33.855+0000] {subprocess.py:75} INFO - Running command: ['/usr/bin/bash', '-c', 'set -euo pipefail; python /opt/***/ingestion/python/load_raw_to_snowflake.py']
[2025-12-15T15:00:33.864+0000] {subprocess.py:86} INFO - Output:
[2025-12-15T15:00:35.382+0000] {subprocess.py:93} INFO - [INFO] 2025-12-15 15:00:35 - Loaded environment variables from /opt/***/.env
[2025-12-15T15:00:35.387+0000] {subprocess.py:93} INFO - [INFO] 2025-12-15 15:00:35 - Starting RAW load. load_id=e3aba75a-7cc4-4f2a-bbee-c0afe2daa064
[2025-12-15T15:00:35.388+0000] {subprocess.py:93} INFO - [INFO] 2025-12-15 15:00:35 - Using data directory: /opt/***/data/raw/source_system
[2025-12-15T15:00:35.388+0000] {subprocess.py:93} INFO - [INFO] 2025-12-15 15:00:35 - Connecting to Snowflake...
[2025-12-15T15:00:36.735+0000] {subprocess.py:93} INFO - [INFO] 2025-12-15 15:00:36 - Ensuring RAW tables exist...
[2025-12-15T15:00:37.992+0000] {subprocess.py:93} INFO - [INFO] 2025-12-15 15:00:37 - Ensuring run-aware columns exist (LOAD_RUN_ID, LOADED_AT)...
[2025-12-15T15:00:39.521+0000] {subprocess.py:93} INFO - [INFO] 2025-12-15 15:00:39 - RAW tables are ready (run-aware).
[2025-12-15T15:00:39.522+0000] {subprocess.py:93} INFO - [INFO] 2025-12-15 15:00:39 - Ensuring RAW_LOAD_AUDIT table exists...
[2025-12-15T15:00:39.774+0000] {subprocess.py:93} INFO - [INFO] 2025-12-15 15:00:39 - RAW_LOAD_AUDIT is ready.
[2025-12-15T15:00:39.783+0000] {subprocess.py:93} INFO - [INFO] 2025-12-15 15:00:39 - Read 500 rows from materials.csv
[2025-12-15T15:00:39.808+0000] {subprocess.py:93} INFO - [INFO] 2025-12-15 15:00:39 - Read 10,000 rows from batches.csv
[2025-12-15T15:00:39.835+0000] {subprocess.py:93} INFO - [INFO] 2025-12-15 15:00:39 - Read 10,000 rows from production_orders.csv
[2025-12-15T15:00:45.153+0000] {subprocess.py:93} INFO - [INFO] 2025-12-15 15:00:45 - [MATERIALS] Loaded 500 rows. load_id=e3aba75a-7cc4-4f2a-bbee-c0afe2daa064
[2025-12-15T15:00:50.331+0000] {subprocess.py:93} INFO - [INFO] 2025-12-15 15:00:50 - [BATCHES] Loaded 10,000 rows. load_id=e3aba75a-7cc4-4f2a-bbee-c0afe2daa064
[2025-12-15T15:00:55.339+0000] {subprocess.py:93} INFO - [INFO] 2025-12-15 15:00:55 - [PRODUCTION_ORDERS] Loaded 10,000 rows. load_id=e3aba75a-7cc4-4f2a-bbee-c0afe2daa064
[2025-12-15T15:00:55.340+0000] {subprocess.py:93} INFO - [INFO] 2025-12-15 15:00:55 - RAW ingestion completed successfully.
[2025-12-15T15:00:55.341+0000] {subprocess.py:93} INFO - [INFO] 2025-12-15 15:00:55 - load_id=e3aba75a-7cc4-4f2a-bbee-c0afe2daa064
[2025-12-15T15:00:55.776+0000] {subprocess.py:93} INFO - [INFO] 2025-12-15 15:00:55 - Snowflake connection closed.
[2025-12-15T15:00:55.934+0000] {subprocess.py:97} INFO - Command exited with return code 0
[2025-12-15T15:00:55.935+0000] {taskinstance.py:441} INFO - ::group::Post task execution logs
[2025-12-15T15:00:55.960+0000] {taskinstance.py:1205} INFO - Marking task as SUCCESS. dag_id=mfg_raw_ingestion_dag, task_id=ingest_raw_to_snowflake, execution_date=20251215T150032, start_date=20251215T150033, end_date=20251215T150055
[2025-12-15T15:00:56.000+0000] {local_task_job_runner.py:240} INFO - Task exited with return code 0
[2025-12-15T15:00:56.019+0000] {taskinstance.py:3482} INFO - 1 downstream tasks scheduled from follow-on schedule check
[2025-12-15T15:00:56.024+0000] {local_task_job_runner.py:222} INFO - ::endgroup::
