[2025-12-13T22:18:59.182+0000] {local_task_job_runner.py:120} INFO - ::group::Pre task execution logs
[2025-12-13T22:18:59.219+0000] {taskinstance.py:2073} INFO - Dependencies all met for dep_context=non-requeueable deps ti=<TaskInstance: mfg_data_quality_monitoring_dag.dq_check_sla_timeliness scheduled__2025-12-12T06:00:00+00:00 [queued]>
[2025-12-13T22:18:59.232+0000] {taskinstance.py:2073} INFO - Dependencies all met for dep_context=requeueable deps ti=<TaskInstance: mfg_data_quality_monitoring_dag.dq_check_sla_timeliness scheduled__2025-12-12T06:00:00+00:00 [queued]>
[2025-12-13T22:18:59.233+0000] {taskinstance.py:2303} INFO - Starting attempt 1 of 2
[2025-12-13T22:18:59.255+0000] {taskinstance.py:2327} INFO - Executing <Task(PythonOperator): dq_check_sla_timeliness> on 2025-12-12 06:00:00+00:00
[2025-12-13T22:18:59.270+0000] {standard_task_runner.py:90} INFO - Running: ['***', 'tasks', 'run', 'mfg_data_quality_monitoring_dag', 'dq_check_sla_timeliness', 'scheduled__2025-12-12T06:00:00+00:00', '--job-id', '6', '--raw', '--subdir', 'DAGS_FOLDER/mfg_data_quality_monitoring_dag.py', '--cfg-path', '/tmp/tmptoqp0_no']
[2025-12-13T22:18:59.275+0000] {standard_task_runner.py:91} INFO - Job 6: Subtask dq_check_sla_timeliness
[2025-12-13T22:18:59.277+0000] {logging_mixin.py:188} WARNING - /home/***/.local/lib/python3.12/site-packages/***/task/task_runner/standard_task_runner.py:61 DeprecationWarning: This process (pid=335) is multi-threaded, use of fork() may lead to deadlocks in the child.
[2025-12-13T22:18:59.278+0000] {standard_task_runner.py:63} INFO - Started process 341 to run task
[2025-12-13T22:18:59.355+0000] {task_command.py:426} INFO - Running <TaskInstance: mfg_data_quality_monitoring_dag.dq_check_sla_timeliness scheduled__2025-12-12T06:00:00+00:00 [running]> on host 1cab3e949a95
[2025-12-13T22:18:59.476+0000] {taskinstance.py:2644} INFO - Exporting env vars: AIRFLOW_CTX_DAG_OWNER='data-platform' AIRFLOW_CTX_DAG_ID='mfg_data_quality_monitoring_dag' AIRFLOW_CTX_TASK_ID='dq_check_sla_timeliness' AIRFLOW_CTX_EXECUTION_DATE='2025-12-12T06:00:00+00:00' AIRFLOW_CTX_TRY_NUMBER='1' AIRFLOW_CTX_DAG_RUN_ID='scheduled__2025-12-12T06:00:00+00:00'
[2025-12-13T22:18:59.478+0000] {taskinstance.py:430} INFO - ::endgroup::
[2025-12-13T22:18:59.510+0000] {taskinstance.py:441} INFO - ::group::Post task execution logs
[2025-12-13T22:18:59.512+0000] {taskinstance.py:2890} ERROR - Task failed with exception
Traceback (most recent call last):
  File "/home/airflow/.local/lib/python3.12/site-packages/airflow/models/taskinstance.py", line 460, in _execute_task
    result = _execute_callable(context=context, **execute_callable_kwargs)
             ^^^^^^^^^^^^^^^^^^^^^^^^^^^^^^^^^^^^^^^^^^^^^^^^^^^^^^^^^^^^^
  File "/home/airflow/.local/lib/python3.12/site-packages/airflow/models/taskinstance.py", line 432, in _execute_callable
    return execute_callable(context=context, **execute_callable_kwargs)
           ^^^^^^^^^^^^^^^^^^^^^^^^^^^^^^^^^^^^^^^^^^^^^^^^^^^^^^^^^^^^
  File "/home/airflow/.local/lib/python3.12/site-packages/airflow/models/baseoperator.py", line 400, in wrapper
    return func(self, *args, **kwargs)
           ^^^^^^^^^^^^^^^^^^^^^^^^^^^
  File "/home/airflow/.local/lib/python3.12/site-packages/airflow/operators/python.py", line 235, in execute
    return_value = self.execute_callable()
                   ^^^^^^^^^^^^^^^^^^^^^^^
  File "/home/airflow/.local/lib/python3.12/site-packages/airflow/operators/python.py", line 252, in execute_callable
    return self.python_callable(*self.op_args, **self.op_kwargs)
           ^^^^^^^^^^^^^^^^^^^^^^^^^^^^^^^^^^^^^^^^^^^^^^^^^^^^^
  File "/opt/airflow/dags/mfg_data_quality_monitoring_dag.py", line 326, in dq_check_sla_timeliness
    dag_duration_min = (dag_end - dr.start_date).total_seconds() / 60.0
                        ~~~~~~~~^~~~~~~~~~~~~~~
TypeError: can't subtract offset-naive and offset-aware datetimes
[2025-12-13T22:18:59.539+0000] {taskinstance.py:1205} INFO - Marking task as UP_FOR_RETRY. dag_id=mfg_data_quality_monitoring_dag, task_id=dq_check_sla_timeliness, execution_date=20251212T060000, start_date=20251213T221859, end_date=20251213T221859
[2025-12-13T22:18:59.554+0000] {standard_task_runner.py:110} ERROR - Failed to execute job 6 for task dq_check_sla_timeliness (can't subtract offset-naive and offset-aware datetimes; 341)
[2025-12-13T22:18:59.614+0000] {local_task_job_runner.py:240} INFO - Task exited with return code 1
[2025-12-13T22:18:59.673+0000] {taskinstance.py:3482} INFO - 0 downstream tasks scheduled from follow-on schedule check
[2025-12-13T22:18:59.677+0000] {local_task_job_runner.py:222} INFO - ::endgroup::
