[2025-12-16T14:10:38.932+0000] {local_task_job_runner.py:120} INFO - ::group::Pre task execution logs
[2025-12-16T14:10:38.985+0000] {taskinstance.py:2073} INFO - Dependencies all met for dep_context=non-requeueable deps ti=<TaskInstance: mfg_raw_ingestion_dag.dbt_run_all manual__2025-12-16T14:10:12.241834+00:00 [queued]>
[2025-12-16T14:10:38.998+0000] {taskinstance.py:2073} INFO - Dependencies all met for dep_context=requeueable deps ti=<TaskInstance: mfg_raw_ingestion_dag.dbt_run_all manual__2025-12-16T14:10:12.241834+00:00 [queued]>
[2025-12-16T14:10:38.999+0000] {taskinstance.py:2303} INFO - Starting attempt 1 of 3
[2025-12-16T14:10:39.019+0000] {taskinstance.py:2327} INFO - Executing <Task(BashOperator): dbt_run_all> on 2025-12-16 14:10:12.241834+00:00
[2025-12-16T14:10:39.028+0000] {standard_task_runner.py:90} INFO - Running: ['***', 'tasks', 'run', 'mfg_raw_ingestion_dag', 'dbt_run_all', 'manual__2025-12-16T14:10:12.241834+00:00', '--job-id', '12', '--raw', '--subdir', 'DAGS_FOLDER/mfg_raw_ingestion_dag.py', '--cfg-path', '/tmp/tmp9cl7a_3b']
[2025-12-16T14:10:39.033+0000] {logging_mixin.py:188} WARNING - /home/***/.local/lib/python3.12/site-packages/***/task/task_runner/standard_task_runner.py:61 DeprecationWarning: This process (pid=1327) is multi-threaded, use of fork() may lead to deadlocks in the child.
[2025-12-16T14:10:39.034+0000] {standard_task_runner.py:91} INFO - Job 12: Subtask dbt_run_all
[2025-12-16T14:10:39.034+0000] {standard_task_runner.py:63} INFO - Started process 1328 to run task
[2025-12-16T14:10:39.097+0000] {task_command.py:426} INFO - Running <TaskInstance: mfg_raw_ingestion_dag.dbt_run_all manual__2025-12-16T14:10:12.241834+00:00 [running]> on host 24030efa02e6
[2025-12-16T14:10:39.212+0000] {taskinstance.py:2644} INFO - Exporting env vars: AIRFLOW_CTX_DAG_OWNER='data-engineering' AIRFLOW_CTX_DAG_ID='mfg_raw_ingestion_dag' AIRFLOW_CTX_TASK_ID='dbt_run_all' AIRFLOW_CTX_EXECUTION_DATE='2025-12-16T14:10:12.241834+00:00' AIRFLOW_CTX_TRY_NUMBER='1' AIRFLOW_CTX_DAG_RUN_ID='manual__2025-12-16T14:10:12.241834+00:00'
[2025-12-16T14:10:39.214+0000] {taskinstance.py:430} INFO - ::endgroup::
[2025-12-16T14:10:39.236+0000] {subprocess.py:63} INFO - Tmp dir root location: /tmp
[2025-12-16T14:10:39.238+0000] {subprocess.py:75} INFO - Running command: ['/usr/bin/bash', '-c', 'set -euo pipefail; cd /opt/***/dbt_project && dbt run --profiles-dir /opt/***/dbt_profiles']
[2025-12-16T14:10:39.250+0000] {subprocess.py:86} INFO - Output:
[2025-12-16T14:10:42.194+0000] {subprocess.py:93} INFO - [0m14:10:42  Running with dbt=1.10.15
[2025-12-16T14:10:43.220+0000] {subprocess.py:93} INFO - [0m14:10:43  Registered adapter: snowflake=1.10.4
[2025-12-16T14:10:44.018+0000] {subprocess.py:93} INFO - [0m14:10:44  Found 8 models, 35 data tests, 3 sources, 504 macros
[2025-12-16T14:10:44.023+0000] {subprocess.py:93} INFO - [0m14:10:44
[2025-12-16T14:10:44.025+0000] {subprocess.py:93} INFO - [0m14:10:44  Concurrency: 4 threads (target='dev')
[2025-12-16T14:10:44.026+0000] {subprocess.py:93} INFO - [0m14:10:44
[2025-12-16T14:10:46.358+0000] {subprocess.py:93} INFO - [0m14:10:46  1 of 8 START sql view model ANALYTICS_analytics.stg_batches .................... [RUN]
[2025-12-16T14:10:46.360+0000] {subprocess.py:93} INFO - [0m14:10:46  2 of 8 START sql view model ANALYTICS_analytics.stg_materials .................. [RUN]
[2025-12-16T14:10:46.362+0000] {subprocess.py:93} INFO - [0m14:10:46  3 of 8 START sql view model ANALYTICS_analytics.stg_production_orders .......... [RUN]
[2025-12-16T14:10:47.030+0000] {subprocess.py:93} INFO - [0m14:10:47  1 of 8 OK created sql view model ANALYTICS_analytics.stg_batches ............... [[32mSUCCESS 1[0m in 0.65s]
[2025-12-16T14:10:47.037+0000] {subprocess.py:93} INFO - [0m14:10:47  4 of 8 START sql table model ANALYTICS_analytics.core_batches .................. [RUN]
[2025-12-16T14:10:47.974+0000] {subprocess.py:93} INFO - [0m14:10:47  2 of 8 OK created sql view model ANALYTICS_analytics.stg_materials ............. [[32mSUCCESS 1[0m in 1.61s]
[2025-12-16T14:10:47.982+0000] {subprocess.py:93} INFO - [0m14:10:47  5 of 8 START sql table model ANALYTICS_analytics.core_materials ................ [RUN]
[2025-12-16T14:10:48.064+0000] {subprocess.py:93} INFO - [0m14:10:48  3 of 8 OK created sql view model ANALYTICS_analytics.stg_production_orders ..... [[32mSUCCESS 1[0m in 1.69s]
[2025-12-16T14:10:48.072+0000] {subprocess.py:93} INFO - [0m14:10:48  6 of 8 START sql table model ANALYTICS_analytics.fct_production_orders ......... [RUN]
[2025-12-16T14:10:49.357+0000] {subprocess.py:93} INFO - [0m14:10:49  5 of 8 OK created sql table model ANALYTICS_analytics.core_materials ........... [[32mSUCCESS 1[0m in 1.37s]
[2025-12-16T14:10:49.422+0000] {subprocess.py:93} INFO - [0m14:10:49  4 of 8 OK created sql table model ANALYTICS_analytics.core_batches ............. [[32mSUCCESS 1[0m in 2.38s]
[2025-12-16T14:10:50.124+0000] {subprocess.py:93} INFO - [0m14:10:50  6 of 8 OK created sql table model ANALYTICS_analytics.fct_production_orders .... [[32mSUCCESS 1[0m in 2.05s]
[2025-12-16T14:10:50.130+0000] {subprocess.py:93} INFO - [0m14:10:50  7 of 8 START sql table model ANALYTICS_analytics.mfg_ml_features_orders ........ [RUN]
[2025-12-16T14:10:50.132+0000] {subprocess.py:93} INFO - [0m14:10:50  8 of 8 START sql table model ANALYTICS_analytics.mfg_plant_daily_kpis .......... [RUN]
[2025-12-16T14:10:51.732+0000] {subprocess.py:93} INFO - [0m14:10:51  8 of 8 OK created sql table model ANALYTICS_analytics.mfg_plant_daily_kpis ..... [[32mSUCCESS 1[0m in 1.59s]
[2025-12-16T14:10:51.980+0000] {subprocess.py:93} INFO - [0m14:10:51  7 of 8 OK created sql table model ANALYTICS_analytics.mfg_ml_features_orders ... [[32mSUCCESS 1[0m in 1.84s]
[2025-12-16T14:10:53.760+0000] {subprocess.py:93} INFO - [0m14:10:53
[2025-12-16T14:10:53.761+0000] {subprocess.py:93} INFO - [0m14:10:53  Finished running 5 table models, 3 view models in 0 hours 0 minutes and 9.73 seconds (9.73s).
[2025-12-16T14:10:53.857+0000] {subprocess.py:93} INFO - [0m14:10:53
[2025-12-16T14:10:53.858+0000] {subprocess.py:93} INFO - [0m14:10:53  [32mCompleted successfully[0m
[2025-12-16T14:10:53.860+0000] {subprocess.py:93} INFO - [0m14:10:53
[2025-12-16T14:10:53.861+0000] {subprocess.py:93} INFO - [0m14:10:53  Done. PASS=8 WARN=0 ERROR=0 SKIP=0 NO-OP=0 TOTAL=8
[2025-12-16T14:10:55.027+0000] {subprocess.py:97} INFO - Command exited with return code 0
[2025-12-16T14:10:55.028+0000] {taskinstance.py:441} INFO - ::group::Post task execution logs
[2025-12-16T14:10:55.058+0000] {taskinstance.py:1205} INFO - Marking task as SUCCESS. dag_id=mfg_raw_ingestion_dag, task_id=dbt_run_all, execution_date=20251216T141012, start_date=20251216T141038, end_date=20251216T141055
[2025-12-16T14:10:55.081+0000] {local_task_job_runner.py:240} INFO - Task exited with return code 0
[2025-12-16T14:10:55.099+0000] {taskinstance.py:3482} INFO - 1 downstream tasks scheduled from follow-on schedule check
[2025-12-16T14:10:55.104+0000] {local_task_job_runner.py:222} INFO - ::endgroup::
