[2025-12-16T14:10:13.694+0000] {local_task_job_runner.py:120} INFO - ::group::Pre task execution logs
[2025-12-16T14:10:13.737+0000] {taskinstance.py:2073} INFO - Dependencies all met for dep_context=non-requeueable deps ti=<TaskInstance: mfg_raw_ingestion_dag.ingest_raw_to_snowflake manual__2025-12-16T14:10:12.241834+00:00 [queued]>
[2025-12-16T14:10:13.747+0000] {taskinstance.py:2073} INFO - Dependencies all met for dep_context=requeueable deps ti=<TaskInstance: mfg_raw_ingestion_dag.ingest_raw_to_snowflake manual__2025-12-16T14:10:12.241834+00:00 [queued]>
[2025-12-16T14:10:13.748+0000] {taskinstance.py:2303} INFO - Starting attempt 1 of 3
[2025-12-16T14:10:13.768+0000] {taskinstance.py:2327} INFO - Executing <Task(BashOperator): ingest_raw_to_snowflake> on 2025-12-16 14:10:12.241834+00:00
[2025-12-16T14:10:13.780+0000] {standard_task_runner.py:90} INFO - Running: ['***', 'tasks', 'run', 'mfg_raw_ingestion_dag', 'ingest_raw_to_snowflake', 'manual__2025-12-16T14:10:12.241834+00:00', '--job-id', '11', '--raw', '--subdir', 'DAGS_FOLDER/mfg_raw_ingestion_dag.py', '--cfg-path', '/tmp/tmp5vbwwiye']
[2025-12-16T14:10:13.786+0000] {logging_mixin.py:188} WARNING - /home/***/.local/lib/python3.12/site-packages/***/task/task_runner/standard_task_runner.py:61 DeprecationWarning: This process (pid=1269) is multi-threaded, use of fork() may lead to deadlocks in the child.
[2025-12-16T14:10:13.788+0000] {standard_task_runner.py:91} INFO - Job 11: Subtask ingest_raw_to_snowflake
[2025-12-16T14:10:13.788+0000] {standard_task_runner.py:63} INFO - Started process 1270 to run task
[2025-12-16T14:10:13.855+0000] {task_command.py:426} INFO - Running <TaskInstance: mfg_raw_ingestion_dag.ingest_raw_to_snowflake manual__2025-12-16T14:10:12.241834+00:00 [running]> on host 24030efa02e6
[2025-12-16T14:10:13.958+0000] {taskinstance.py:2644} INFO - Exporting env vars: AIRFLOW_CTX_DAG_OWNER='data-engineering' AIRFLOW_CTX_DAG_ID='mfg_raw_ingestion_dag' AIRFLOW_CTX_TASK_ID='ingest_raw_to_snowflake' AIRFLOW_CTX_EXECUTION_DATE='2025-12-16T14:10:12.241834+00:00' AIRFLOW_CTX_TRY_NUMBER='1' AIRFLOW_CTX_DAG_RUN_ID='manual__2025-12-16T14:10:12.241834+00:00'
[2025-12-16T14:10:13.959+0000] {taskinstance.py:430} INFO - ::endgroup::
[2025-12-16T14:10:13.979+0000] {subprocess.py:63} INFO - Tmp dir root location: /tmp
[2025-12-16T14:10:13.981+0000] {subprocess.py:75} INFO - Running command: ['/usr/bin/bash', '-c', 'set -euo pipefail; python /opt/***/ingestion/python/load_raw_to_snowflake.py']
[2025-12-16T14:10:13.993+0000] {subprocess.py:86} INFO - Output:
[2025-12-16T14:10:15.931+0000] {subprocess.py:93} INFO - [INFO] 2025-12-16 14:10:15 - Loaded environment variables from /opt/***/.env
[2025-12-16T14:10:15.937+0000] {subprocess.py:93} INFO - [INFO] 2025-12-16 14:10:15 - Starting RAW load. load_id=ddb35556-90eb-4515-b0d1-cede944f68ce
[2025-12-16T14:10:15.937+0000] {subprocess.py:93} INFO - [INFO] 2025-12-16 14:10:15 - Using data directory: /opt/***/data/raw/source_system
[2025-12-16T14:10:15.938+0000] {subprocess.py:93} INFO - [INFO] 2025-12-16 14:10:15 - Connecting to Snowflake...
[2025-12-16T14:10:17.670+0000] {subprocess.py:93} INFO - [INFO] 2025-12-16 14:10:17 - Ensuring RAW tables exist...
[2025-12-16T14:10:18.927+0000] {subprocess.py:93} INFO - [INFO] 2025-12-16 14:10:18 - Ensuring run-aware columns exist (LOAD_RUN_ID, LOADED_AT)...
[2025-12-16T14:10:20.419+0000] {subprocess.py:93} INFO - [INFO] 2025-12-16 14:10:20 - RAW tables are ready (run-aware).
[2025-12-16T14:10:20.423+0000] {subprocess.py:93} INFO - [INFO] 2025-12-16 14:10:20 - Ensuring RAW_LOAD_AUDIT table exists...
[2025-12-16T14:10:20.697+0000] {subprocess.py:93} INFO - [INFO] 2025-12-16 14:10:20 - RAW_LOAD_AUDIT is ready.
[2025-12-16T14:10:20.727+0000] {subprocess.py:93} INFO - [INFO] 2025-12-16 14:10:20 - Read 500 rows from materials.csv
[2025-12-16T14:10:20.798+0000] {subprocess.py:93} INFO - [INFO] 2025-12-16 14:10:20 - Read 10,000 rows from batches.csv
[2025-12-16T14:10:20.865+0000] {subprocess.py:93} INFO - [INFO] 2025-12-16 14:10:20 - Read 10,000 rows from production_orders.csv
[2025-12-16T14:10:27.373+0000] {subprocess.py:93} INFO - [INFO] 2025-12-16 14:10:27 - [MATERIALS] Loaded 500 rows. load_id=ddb35556-90eb-4515-b0d1-cede944f68ce
[2025-12-16T14:10:32.710+0000] {subprocess.py:93} INFO - [INFO] 2025-12-16 14:10:32 - [BATCHES] Loaded 10,000 rows. load_id=ddb35556-90eb-4515-b0d1-cede944f68ce
[2025-12-16T14:10:37.180+0000] {subprocess.py:93} INFO - [INFO] 2025-12-16 14:10:37 - [PRODUCTION_ORDERS] Loaded 10,000 rows. load_id=ddb35556-90eb-4515-b0d1-cede944f68ce
[2025-12-16T14:10:37.182+0000] {subprocess.py:93} INFO - [INFO] 2025-12-16 14:10:37 - RAW ingestion completed successfully.
[2025-12-16T14:10:37.183+0000] {subprocess.py:93} INFO - [INFO] 2025-12-16 14:10:37 - load_id=ddb35556-90eb-4515-b0d1-cede944f68ce
[2025-12-16T14:10:37.619+0000] {subprocess.py:93} INFO - [INFO] 2025-12-16 14:10:37 - Snowflake connection closed.
[2025-12-16T14:10:37.776+0000] {subprocess.py:97} INFO - Command exited with return code 0
[2025-12-16T14:10:37.777+0000] {taskinstance.py:441} INFO - ::group::Post task execution logs
[2025-12-16T14:10:37.806+0000] {taskinstance.py:1205} INFO - Marking task as SUCCESS. dag_id=mfg_raw_ingestion_dag, task_id=ingest_raw_to_snowflake, execution_date=20251216T141012, start_date=20251216T141013, end_date=20251216T141037
[2025-12-16T14:10:37.838+0000] {local_task_job_runner.py:240} INFO - Task exited with return code 0
[2025-12-16T14:10:37.860+0000] {taskinstance.py:3482} INFO - 1 downstream tasks scheduled from follow-on schedule check
[2025-12-16T14:10:37.865+0000] {local_task_job_runner.py:222} INFO - ::endgroup::
