[2025-12-16T14:22:34.958+0000] {local_task_job_runner.py:120} INFO - ::group::Pre task execution logs
[2025-12-16T14:22:34.990+0000] {taskinstance.py:2073} INFO - Dependencies all met for dep_context=non-requeueable deps ti=<TaskInstance: mfg_raw_ingestion_dag.dbt_run_all scheduled__2025-12-15T04:00:00+00:00 [queued]>
[2025-12-16T14:22:34.999+0000] {taskinstance.py:2073} INFO - Dependencies all met for dep_context=requeueable deps ti=<TaskInstance: mfg_raw_ingestion_dag.dbt_run_all scheduled__2025-12-15T04:00:00+00:00 [queued]>
[2025-12-16T14:22:35.000+0000] {taskinstance.py:2303} INFO - Starting attempt 1 of 3
[2025-12-16T14:22:35.016+0000] {taskinstance.py:2327} INFO - Executing <Task(BashOperator): dbt_run_all> on 2025-12-15 04:00:00+00:00
[2025-12-16T14:22:35.026+0000] {standard_task_runner.py:90} INFO - Running: ['***', 'tasks', 'run', 'mfg_raw_ingestion_dag', 'dbt_run_all', 'scheduled__2025-12-15T04:00:00+00:00', '--job-id', '17', '--raw', '--subdir', 'DAGS_FOLDER/mfg_raw_ingestion_dag.py', '--cfg-path', '/tmp/tmpfyc1o5zc']
[2025-12-16T14:22:35.029+0000] {standard_task_runner.py:91} INFO - Job 17: Subtask dbt_run_all
[2025-12-16T14:22:35.029+0000] {logging_mixin.py:188} WARNING - /home/***/.local/lib/python3.12/site-packages/***/task/task_runner/standard_task_runner.py:61 DeprecationWarning: This process (pid=1951) is multi-threaded, use of fork() may lead to deadlocks in the child.
[2025-12-16T14:22:35.031+0000] {standard_task_runner.py:63} INFO - Started process 1952 to run task
[2025-12-16T14:22:35.086+0000] {task_command.py:426} INFO - Running <TaskInstance: mfg_raw_ingestion_dag.dbt_run_all scheduled__2025-12-15T04:00:00+00:00 [running]> on host 24030efa02e6
[2025-12-16T14:22:35.171+0000] {taskinstance.py:2644} INFO - Exporting env vars: AIRFLOW_CTX_DAG_OWNER='data-engineering' AIRFLOW_CTX_DAG_ID='mfg_raw_ingestion_dag' AIRFLOW_CTX_TASK_ID='dbt_run_all' AIRFLOW_CTX_EXECUTION_DATE='2025-12-15T04:00:00+00:00' AIRFLOW_CTX_TRY_NUMBER='1' AIRFLOW_CTX_DAG_RUN_ID='scheduled__2025-12-15T04:00:00+00:00'
[2025-12-16T14:22:35.172+0000] {taskinstance.py:430} INFO - ::endgroup::
[2025-12-16T14:22:35.187+0000] {subprocess.py:63} INFO - Tmp dir root location: /tmp
[2025-12-16T14:22:35.189+0000] {subprocess.py:75} INFO - Running command: ['/usr/bin/bash', '-c', 'set -euo pipefail; cd /opt/***/dbt_project && dbt run --profiles-dir /opt/***/dbt_profiles']
[2025-12-16T14:22:35.199+0000] {subprocess.py:86} INFO - Output:
[2025-12-16T14:22:38.018+0000] {subprocess.py:93} INFO - [0m14:22:38  Running with dbt=1.10.15
[2025-12-16T14:22:39.280+0000] {subprocess.py:93} INFO - [0m14:22:39  Registered adapter: snowflake=1.10.4
[2025-12-16T14:22:40.167+0000] {subprocess.py:93} INFO - [0m14:22:40  Found 8 models, 35 data tests, 3 sources, 504 macros
[2025-12-16T14:22:40.174+0000] {subprocess.py:93} INFO - [0m14:22:40
[2025-12-16T14:22:40.175+0000] {subprocess.py:93} INFO - [0m14:22:40  Concurrency: 4 threads (target='dev')
[2025-12-16T14:22:40.177+0000] {subprocess.py:93} INFO - [0m14:22:40
[2025-12-16T14:22:42.443+0000] {subprocess.py:93} INFO - [0m14:22:42  1 of 8 START sql view model ANALYTICS_analytics.stg_batches .................... [RUN]
[2025-12-16T14:22:42.445+0000] {subprocess.py:93} INFO - [0m14:22:42  2 of 8 START sql view model ANALYTICS_analytics.stg_materials .................. [RUN]
[2025-12-16T14:22:42.449+0000] {subprocess.py:93} INFO - [0m14:22:42  3 of 8 START sql view model ANALYTICS_analytics.stg_production_orders .......... [RUN]
[2025-12-16T14:22:43.009+0000] {subprocess.py:93} INFO - [0m14:22:43  1 of 8 OK created sql view model ANALYTICS_analytics.stg_batches ............... [[32mSUCCESS 1[0m in 0.56s]
[2025-12-16T14:22:43.015+0000] {subprocess.py:93} INFO - [0m14:22:43  4 of 8 START sql table model ANALYTICS_analytics.core_batches .................. [RUN]
[2025-12-16T14:22:43.952+0000] {subprocess.py:93} INFO - [0m14:22:43  2 of 8 OK created sql view model ANALYTICS_analytics.stg_materials ............. [[32mSUCCESS 1[0m in 1.49s]
[2025-12-16T14:22:43.974+0000] {subprocess.py:93} INFO - [0m14:22:43  5 of 8 START sql table model ANALYTICS_analytics.core_materials ................ [RUN]
[2025-12-16T14:22:43.989+0000] {subprocess.py:93} INFO - [0m14:22:43  3 of 8 OK created sql view model ANALYTICS_analytics.stg_production_orders ..... [[32mSUCCESS 1[0m in 1.53s]
[2025-12-16T14:22:44.009+0000] {subprocess.py:93} INFO - [0m14:22:44  6 of 8 START sql table model ANALYTICS_analytics.fct_production_orders ......... [RUN]
[2025-12-16T14:22:45.278+0000] {subprocess.py:93} INFO - [0m14:22:45  5 of 8 OK created sql table model ANALYTICS_analytics.core_materials ........... [[32mSUCCESS 1[0m in 1.28s]
[2025-12-16T14:22:45.749+0000] {subprocess.py:93} INFO - [0m14:22:45  6 of 8 OK created sql table model ANALYTICS_analytics.fct_production_orders .... [[32mSUCCESS 1[0m in 1.74s]
[2025-12-16T14:22:45.768+0000] {subprocess.py:93} INFO - [0m14:22:45  4 of 8 OK created sql table model ANALYTICS_analytics.core_batches ............. [[32mSUCCESS 1[0m in 2.75s]
[2025-12-16T14:22:45.782+0000] {subprocess.py:93} INFO - [0m14:22:45  7 of 8 START sql table model ANALYTICS_analytics.mfg_ml_features_orders ........ [RUN]
[2025-12-16T14:22:45.785+0000] {subprocess.py:93} INFO - [0m14:22:45  8 of 8 START sql table model ANALYTICS_analytics.mfg_plant_daily_kpis .......... [RUN]
[2025-12-16T14:22:47.340+0000] {subprocess.py:93} INFO - [0m14:22:47  8 of 8 OK created sql table model ANALYTICS_analytics.mfg_plant_daily_kpis ..... [[32mSUCCESS 1[0m in 1.55s]
[2025-12-16T14:22:47.543+0000] {subprocess.py:93} INFO - [0m14:22:47  7 of 8 OK created sql table model ANALYTICS_analytics.mfg_ml_features_orders ... [[32mSUCCESS 1[0m in 1.75s]
[2025-12-16T14:22:49.399+0000] {subprocess.py:93} INFO - [0m14:22:49
[2025-12-16T14:22:49.400+0000] {subprocess.py:93} INFO - [0m14:22:49  Finished running 5 table models, 3 view models in 0 hours 0 minutes and 9.22 seconds (9.22s).
[2025-12-16T14:22:49.497+0000] {subprocess.py:93} INFO - [0m14:22:49
[2025-12-16T14:22:49.499+0000] {subprocess.py:93} INFO - [0m14:22:49  [32mCompleted successfully[0m
[2025-12-16T14:22:49.500+0000] {subprocess.py:93} INFO - [0m14:22:49
[2025-12-16T14:22:49.501+0000] {subprocess.py:93} INFO - [0m14:22:49  Done. PASS=8 WARN=0 ERROR=0 SKIP=0 NO-OP=0 TOTAL=8
[2025-12-16T14:22:50.618+0000] {subprocess.py:97} INFO - Command exited with return code 0
[2025-12-16T14:22:50.619+0000] {taskinstance.py:441} INFO - ::group::Post task execution logs
[2025-12-16T14:22:50.646+0000] {taskinstance.py:1205} INFO - Marking task as SUCCESS. dag_id=mfg_raw_ingestion_dag, task_id=dbt_run_all, execution_date=20251215T040000, start_date=20251216T142234, end_date=20251216T142250
[2025-12-16T14:22:50.674+0000] {local_task_job_runner.py:240} INFO - Task exited with return code 0
[2025-12-16T14:22:50.691+0000] {taskinstance.py:3482} INFO - 1 downstream tasks scheduled from follow-on schedule check
[2025-12-16T14:22:50.696+0000] {local_task_job_runner.py:222} INFO - ::endgroup::
