[2025-12-15T13:45:59.966+0000] {local_task_job_runner.py:120} INFO - ::group::Pre task execution logs
[2025-12-15T13:45:59.995+0000] {taskinstance.py:2073} INFO - Dependencies all met for dep_context=non-requeueable deps ti=<TaskInstance: mfg_raw_ingestion_dag.ingest_raw_to_snowflake manual__2025-12-15T13:27:38.769393+00:00 [queued]>
[2025-12-15T13:46:00.003+0000] {taskinstance.py:2073} INFO - Dependencies all met for dep_context=requeueable deps ti=<TaskInstance: mfg_raw_ingestion_dag.ingest_raw_to_snowflake manual__2025-12-15T13:27:38.769393+00:00 [queued]>
[2025-12-15T13:46:00.004+0000] {taskinstance.py:2303} INFO - Starting attempt 3 of 3
[2025-12-15T13:46:00.042+0000] {taskinstance.py:2327} INFO - Executing <Task(BashOperator): ingest_raw_to_snowflake> on 2025-12-15 13:27:38.769393+00:00
[2025-12-15T13:46:00.050+0000] {standard_task_runner.py:90} INFO - Running: ['***', 'tasks', 'run', 'mfg_raw_ingestion_dag', 'ingest_raw_to_snowflake', 'manual__2025-12-15T13:27:38.769393+00:00', '--job-id', '23', '--raw', '--subdir', 'DAGS_FOLDER/mfg_raw_ingestion_dag.py', '--cfg-path', '/tmp/tmpjd5zm6o7']
[2025-12-15T13:46:00.053+0000] {logging_mixin.py:188} WARNING - /home/***/.local/lib/python3.12/site-packages/***/task/task_runner/standard_task_runner.py:61 DeprecationWarning: This process (pid=1191) is multi-threaded, use of fork() may lead to deadlocks in the child.
[2025-12-15T13:46:00.053+0000] {standard_task_runner.py:91} INFO - Job 23: Subtask ingest_raw_to_snowflake
[2025-12-15T13:46:00.054+0000] {standard_task_runner.py:63} INFO - Started process 1192 to run task
[2025-12-15T13:46:00.103+0000] {task_command.py:426} INFO - Running <TaskInstance: mfg_raw_ingestion_dag.ingest_raw_to_snowflake manual__2025-12-15T13:27:38.769393+00:00 [running]> on host 3799fda194bc
[2025-12-15T13:46:00.205+0000] {taskinstance.py:2644} INFO - Exporting env vars: AIRFLOW_CTX_DAG_OWNER='data-engineering' AIRFLOW_CTX_DAG_ID='mfg_raw_ingestion_dag' AIRFLOW_CTX_TASK_ID='ingest_raw_to_snowflake' AIRFLOW_CTX_EXECUTION_DATE='2025-12-15T13:27:38.769393+00:00' AIRFLOW_CTX_TRY_NUMBER='3' AIRFLOW_CTX_DAG_RUN_ID='manual__2025-12-15T13:27:38.769393+00:00'
[2025-12-15T13:46:00.207+0000] {taskinstance.py:430} INFO - ::endgroup::
[2025-12-15T13:46:00.222+0000] {subprocess.py:63} INFO - Tmp dir root location: /tmp
[2025-12-15T13:46:00.223+0000] {subprocess.py:75} INFO - Running command: ['/usr/bin/bash', '-c', 'set -euo pipefail; python /opt/***/ingestion/python/load_raw_to_snowflake.py']
[2025-12-15T13:46:00.231+0000] {subprocess.py:86} INFO - Output:
[2025-12-15T13:46:01.771+0000] {subprocess.py:93} INFO - [INFO] 2025-12-15 13:46:01 - Loaded environment variables from /opt/***/.env
[2025-12-15T13:46:01.771+0000] {subprocess.py:93} INFO - [INFO] 2025-12-15 13:46:01 - Connecting to Snowflake...
[2025-12-15T13:46:03.082+0000] {subprocess.py:93} INFO - [INFO] 2025-12-15 13:46:03 - Starting RAW load. load_run_id=7a6a694f-23bd-4b10-9a73-5f95e9eea09b
[2025-12-15T13:46:03.092+0000] {subprocess.py:93} INFO - [INFO] 2025-12-15 13:46:03 - Ensuring RAW tables exist (append-only, run-aware)...
[2025-12-15T13:46:04.454+0000] {subprocess.py:93} INFO - [INFO] 2025-12-15 13:46:04 - Read 500 rows from materials.csv
[2025-12-15T13:46:04.478+0000] {subprocess.py:93} INFO - [INFO] 2025-12-15 13:46:04 - Read 10,000 rows from batches.csv
[2025-12-15T13:46:04.505+0000] {subprocess.py:93} INFO - [INFO] 2025-12-15 13:46:04 - Read 10,000 rows from production_orders.csv
[2025-12-15T13:46:08.755+0000] {subprocess.py:93} INFO - [INFO] 2025-12-15 13:46:08 - Snowflake connection closed
[2025-12-15T13:46:08.756+0000] {subprocess.py:93} INFO - Traceback (most recent call last):
[2025-12-15T13:46:08.756+0000] {subprocess.py:93} INFO -   File "/opt/***/ingestion/python/load_raw_to_snowflake.py", line 209, in load_df
[2025-12-15T13:46:08.760+0000] {subprocess.py:93} INFO -     rows_read,
[2025-12-15T13:46:08.761+0000] {subprocess.py:93} INFO -     ^^^^^^^^^
[2025-12-15T13:46:08.762+0000] {subprocess.py:93} INFO - NameError: name 'rows_read' is not defined
[2025-12-15T13:46:08.762+0000] {subprocess.py:93} INFO - 
[2025-12-15T13:46:08.763+0000] {subprocess.py:93} INFO - During handling of the above exception, another exception occurred:
[2025-12-15T13:46:08.763+0000] {subprocess.py:93} INFO - 
[2025-12-15T13:46:08.764+0000] {subprocess.py:93} INFO - Traceback (most recent call last):
[2025-12-15T13:46:08.764+0000] {subprocess.py:93} INFO -   File "/opt/***/ingestion/python/load_raw_to_snowflake.py", line 262, in <module>
[2025-12-15T13:46:08.765+0000] {subprocess.py:93} INFO -     main()
[2025-12-15T13:46:08.765+0000] {subprocess.py:93} INFO -   File "/opt/***/ingestion/python/load_raw_to_snowflake.py", line 249, in main
[2025-12-15T13:46:08.767+0000] {subprocess.py:93} INFO -     load_df(conn, cursor, mats, "MATERIALS", load_run_id)
[2025-12-15T13:46:08.768+0000] {subprocess.py:93} INFO -   File "/opt/***/ingestion/python/load_raw_to_snowflake.py", line 223, in load_df
[2025-12-15T13:46:08.770+0000] {subprocess.py:93} INFO -     (load_run_id, table, rows_read, str(e)),
[2025-12-15T13:46:08.770+0000] {subprocess.py:93} INFO -                          ^^^^^^^^^
[2025-12-15T13:46:08.771+0000] {subprocess.py:93} INFO - NameError: name 'rows_read' is not defined
[2025-12-15T13:46:08.915+0000] {subprocess.py:97} INFO - Command exited with return code 1
[2025-12-15T13:46:08.916+0000] {taskinstance.py:441} INFO - ::group::Post task execution logs
[2025-12-15T13:46:08.927+0000] {taskinstance.py:2890} ERROR - Task failed with exception
Traceback (most recent call last):
  File "/home/airflow/.local/lib/python3.12/site-packages/airflow/models/taskinstance.py", line 460, in _execute_task
    result = _execute_callable(context=context, **execute_callable_kwargs)
             ^^^^^^^^^^^^^^^^^^^^^^^^^^^^^^^^^^^^^^^^^^^^^^^^^^^^^^^^^^^^^
  File "/home/airflow/.local/lib/python3.12/site-packages/airflow/models/taskinstance.py", line 432, in _execute_callable
    return execute_callable(context=context, **execute_callable_kwargs)
           ^^^^^^^^^^^^^^^^^^^^^^^^^^^^^^^^^^^^^^^^^^^^^^^^^^^^^^^^^^^^
  File "/home/airflow/.local/lib/python3.12/site-packages/airflow/models/baseoperator.py", line 400, in wrapper
    return func(self, *args, **kwargs)
           ^^^^^^^^^^^^^^^^^^^^^^^^^^^
  File "/home/airflow/.local/lib/python3.12/site-packages/airflow/operators/bash.py", line 243, in execute
    raise AirflowException(
airflow.exceptions.AirflowException: Bash command failed. The command returned a non-zero exit code 1.
[2025-12-15T13:46:08.931+0000] {taskinstance.py:1205} INFO - Marking task as FAILED. dag_id=mfg_raw_ingestion_dag, task_id=ingest_raw_to_snowflake, execution_date=20251215T132738, start_date=20251215T134559, end_date=20251215T134608
[2025-12-15T13:46:08.946+0000] {standard_task_runner.py:110} ERROR - Failed to execute job 23 for task ingest_raw_to_snowflake (Bash command failed. The command returned a non-zero exit code 1.; 1192)
[2025-12-15T13:46:08.989+0000] {local_task_job_runner.py:240} INFO - Task exited with return code 1
[2025-12-15T13:46:09.007+0000] {taskinstance.py:3482} INFO - 0 downstream tasks scheduled from follow-on schedule check
[2025-12-15T13:46:09.013+0000] {local_task_job_runner.py:222} INFO - ::endgroup::
