[2025-12-15T13:40:50.802+0000] {local_task_job_runner.py:120} INFO - ::group::Pre task execution logs
[2025-12-15T13:40:50.831+0000] {taskinstance.py:2073} INFO - Dependencies all met for dep_context=non-requeueable deps ti=<TaskInstance: mfg_raw_ingestion_dag.ingest_raw_to_snowflake manual__2025-12-15T13:27:38.769393+00:00 [queued]>
[2025-12-15T13:40:50.838+0000] {taskinstance.py:2073} INFO - Dependencies all met for dep_context=requeueable deps ti=<TaskInstance: mfg_raw_ingestion_dag.ingest_raw_to_snowflake manual__2025-12-15T13:27:38.769393+00:00 [queued]>
[2025-12-15T13:40:50.839+0000] {taskinstance.py:2303} INFO - Starting attempt 2 of 3
[2025-12-15T13:40:50.853+0000] {taskinstance.py:2327} INFO - Executing <Task(BashOperator): ingest_raw_to_snowflake> on 2025-12-15 13:27:38.769393+00:00
[2025-12-15T13:40:50.860+0000] {standard_task_runner.py:90} INFO - Running: ['***', 'tasks', 'run', 'mfg_raw_ingestion_dag', 'ingest_raw_to_snowflake', 'manual__2025-12-15T13:27:38.769393+00:00', '--job-id', '22', '--raw', '--subdir', 'DAGS_FOLDER/mfg_raw_ingestion_dag.py', '--cfg-path', '/tmp/tmp2arm97y0']
[2025-12-15T13:40:50.863+0000] {standard_task_runner.py:91} INFO - Job 22: Subtask ingest_raw_to_snowflake
[2025-12-15T13:40:50.864+0000] {logging_mixin.py:188} WARNING - /home/***/.local/lib/python3.12/site-packages/***/task/task_runner/standard_task_runner.py:61 DeprecationWarning: This process (pid=958) is multi-threaded, use of fork() may lead to deadlocks in the child.
[2025-12-15T13:40:50.865+0000] {standard_task_runner.py:63} INFO - Started process 959 to run task
[2025-12-15T13:40:50.908+0000] {task_command.py:426} INFO - Running <TaskInstance: mfg_raw_ingestion_dag.ingest_raw_to_snowflake manual__2025-12-15T13:27:38.769393+00:00 [running]> on host 3799fda194bc
[2025-12-15T13:40:50.976+0000] {taskinstance.py:2644} INFO - Exporting env vars: AIRFLOW_CTX_DAG_OWNER='data-engineering' AIRFLOW_CTX_DAG_ID='mfg_raw_ingestion_dag' AIRFLOW_CTX_TASK_ID='ingest_raw_to_snowflake' AIRFLOW_CTX_EXECUTION_DATE='2025-12-15T13:27:38.769393+00:00' AIRFLOW_CTX_TRY_NUMBER='2' AIRFLOW_CTX_DAG_RUN_ID='manual__2025-12-15T13:27:38.769393+00:00'
[2025-12-15T13:40:50.977+0000] {taskinstance.py:430} INFO - ::endgroup::
[2025-12-15T13:40:50.992+0000] {subprocess.py:63} INFO - Tmp dir root location: /tmp
[2025-12-15T13:40:50.993+0000] {subprocess.py:75} INFO - Running command: ['/usr/bin/bash', '-c', 'set -euo pipefail; python /opt/***/ingestion/python/load_raw_to_snowflake.py']
[2025-12-15T13:40:51.001+0000] {subprocess.py:86} INFO - Output:
[2025-12-15T13:40:52.541+0000] {subprocess.py:93} INFO - [INFO] 2025-12-15 13:40:52 - Loaded environment variables from /opt/***/.env
[2025-12-15T13:40:52.542+0000] {subprocess.py:93} INFO - [INFO] 2025-12-15 13:40:52 - Connecting to Snowflake...
[2025-12-15T13:40:53.781+0000] {subprocess.py:93} INFO - [INFO] 2025-12-15 13:40:53 - Starting RAW load. load_run_id=264ee42a-ced7-4c79-a4d5-c4e1c63aa9a4
[2025-12-15T13:40:53.789+0000] {subprocess.py:93} INFO - [INFO] 2025-12-15 13:40:53 - Ensuring RAW tables exist (append-only, run-aware)...
[2025-12-15T13:40:55.041+0000] {subprocess.py:93} INFO - [INFO] 2025-12-15 13:40:55 - Read 500 rows from materials.csv
[2025-12-15T13:40:55.068+0000] {subprocess.py:93} INFO - [INFO] 2025-12-15 13:40:55 - Read 10,000 rows from batches.csv
[2025-12-15T13:40:55.096+0000] {subprocess.py:93} INFO - [INFO] 2025-12-15 13:40:55 - Read 10,000 rows from production_orders.csv
[2025-12-15T13:40:59.407+0000] {subprocess.py:93} INFO - [INFO] 2025-12-15 13:40:59 - Snowflake connection closed
[2025-12-15T13:40:59.408+0000] {subprocess.py:93} INFO - Traceback (most recent call last):
[2025-12-15T13:40:59.409+0000] {subprocess.py:93} INFO -   File "/opt/***/ingestion/python/load_raw_to_snowflake.py", line 209, in load_df
[2025-12-15T13:40:59.413+0000] {subprocess.py:93} INFO -     rows_read,
[2025-12-15T13:40:59.413+0000] {subprocess.py:93} INFO -     ^^^^^^^^^
[2025-12-15T13:40:59.414+0000] {subprocess.py:93} INFO - NameError: name 'rows_read' is not defined
[2025-12-15T13:40:59.414+0000] {subprocess.py:93} INFO - 
[2025-12-15T13:40:59.415+0000] {subprocess.py:93} INFO - During handling of the above exception, another exception occurred:
[2025-12-15T13:40:59.415+0000] {subprocess.py:93} INFO - 
[2025-12-15T13:40:59.416+0000] {subprocess.py:93} INFO - Traceback (most recent call last):
[2025-12-15T13:40:59.416+0000] {subprocess.py:93} INFO -   File "/opt/***/ingestion/python/load_raw_to_snowflake.py", line 262, in <module>
[2025-12-15T13:40:59.417+0000] {subprocess.py:93} INFO -     main()
[2025-12-15T13:40:59.418+0000] {subprocess.py:93} INFO -   File "/opt/***/ingestion/python/load_raw_to_snowflake.py", line 249, in main
[2025-12-15T13:40:59.420+0000] {subprocess.py:93} INFO -     load_df(conn, cursor, mats, "MATERIALS", load_run_id)
[2025-12-15T13:40:59.420+0000] {subprocess.py:93} INFO -   File "/opt/***/ingestion/python/load_raw_to_snowflake.py", line 223, in load_df
[2025-12-15T13:40:59.422+0000] {subprocess.py:93} INFO -     (load_run_id, table, rows_read, str(e)),
[2025-12-15T13:40:59.422+0000] {subprocess.py:93} INFO -                          ^^^^^^^^^
[2025-12-15T13:40:59.423+0000] {subprocess.py:93} INFO - NameError: name 'rows_read' is not defined
[2025-12-15T13:40:59.565+0000] {subprocess.py:97} INFO - Command exited with return code 1
[2025-12-15T13:40:59.566+0000] {taskinstance.py:441} INFO - ::group::Post task execution logs
[2025-12-15T13:40:59.574+0000] {taskinstance.py:2890} ERROR - Task failed with exception
Traceback (most recent call last):
  File "/home/airflow/.local/lib/python3.12/site-packages/airflow/models/taskinstance.py", line 460, in _execute_task
    result = _execute_callable(context=context, **execute_callable_kwargs)
             ^^^^^^^^^^^^^^^^^^^^^^^^^^^^^^^^^^^^^^^^^^^^^^^^^^^^^^^^^^^^^
  File "/home/airflow/.local/lib/python3.12/site-packages/airflow/models/taskinstance.py", line 432, in _execute_callable
    return execute_callable(context=context, **execute_callable_kwargs)
           ^^^^^^^^^^^^^^^^^^^^^^^^^^^^^^^^^^^^^^^^^^^^^^^^^^^^^^^^^^^^
  File "/home/airflow/.local/lib/python3.12/site-packages/airflow/models/baseoperator.py", line 400, in wrapper
    return func(self, *args, **kwargs)
           ^^^^^^^^^^^^^^^^^^^^^^^^^^^
  File "/home/airflow/.local/lib/python3.12/site-packages/airflow/operators/bash.py", line 243, in execute
    raise AirflowException(
airflow.exceptions.AirflowException: Bash command failed. The command returned a non-zero exit code 1.
[2025-12-15T13:40:59.579+0000] {taskinstance.py:1205} INFO - Marking task as UP_FOR_RETRY. dag_id=mfg_raw_ingestion_dag, task_id=ingest_raw_to_snowflake, execution_date=20251215T132738, start_date=20251215T134050, end_date=20251215T134059
[2025-12-15T13:40:59.594+0000] {standard_task_runner.py:110} ERROR - Failed to execute job 22 for task ingest_raw_to_snowflake (Bash command failed. The command returned a non-zero exit code 1.; 959)
[2025-12-15T13:40:59.614+0000] {local_task_job_runner.py:240} INFO - Task exited with return code 1
[2025-12-15T13:40:59.631+0000] {taskinstance.py:3482} INFO - 0 downstream tasks scheduled from follow-on schedule check
[2025-12-15T13:40:59.636+0000] {local_task_job_runner.py:222} INFO - ::endgroup::
