[2025-12-13T23:25:38.426+0000] {local_task_job_runner.py:120} INFO - ::group::Pre task execution logs
[2025-12-13T23:25:38.462+0000] {taskinstance.py:2073} INFO - Dependencies all met for dep_context=non-requeueable deps ti=<TaskInstance: mfg_data_quality_monitoring_dag.dq_alert_on_issues manual__2025-12-13T23:22:02.198531+00:00 [queued]>
[2025-12-13T23:25:38.474+0000] {taskinstance.py:2073} INFO - Dependencies all met for dep_context=requeueable deps ti=<TaskInstance: mfg_data_quality_monitoring_dag.dq_alert_on_issues manual__2025-12-13T23:22:02.198531+00:00 [queued]>
[2025-12-13T23:25:38.476+0000] {taskinstance.py:2303} INFO - Starting attempt 1 of 2
[2025-12-13T23:25:38.492+0000] {taskinstance.py:2327} INFO - Executing <Task(PythonOperator): dq_alert_on_issues> on 2025-12-13 23:22:02.198531+00:00
[2025-12-13T23:25:38.503+0000] {logging_mixin.py:188} WARNING - /home/***/.local/lib/python3.12/site-packages/***/task/task_runner/standard_task_runner.py:61 DeprecationWarning: This process (pid=3658) is multi-threaded, use of fork() may lead to deadlocks in the child.
[2025-12-13T23:25:38.505+0000] {standard_task_runner.py:63} INFO - Started process 3661 to run task
[2025-12-13T23:25:38.504+0000] {standard_task_runner.py:90} INFO - Running: ['***', 'tasks', 'run', 'mfg_data_quality_monitoring_dag', 'dq_alert_on_issues', 'manual__2025-12-13T23:22:02.198531+00:00', '--job-id', '43', '--raw', '--subdir', 'DAGS_FOLDER/mfg_data_quality_monitoring_dag.py', '--cfg-path', '/tmp/tmp57ighg7g']
[2025-12-13T23:25:38.507+0000] {standard_task_runner.py:91} INFO - Job 43: Subtask dq_alert_on_issues
[2025-12-13T23:25:38.570+0000] {task_command.py:426} INFO - Running <TaskInstance: mfg_data_quality_monitoring_dag.dq_alert_on_issues manual__2025-12-13T23:22:02.198531+00:00 [running]> on host 1cab3e949a95
[2025-12-13T23:25:38.705+0000] {taskinstance.py:2644} INFO - Exporting env vars: AIRFLOW_CTX_DAG_OWNER='data-platform' AIRFLOW_CTX_DAG_ID='mfg_data_quality_monitoring_dag' AIRFLOW_CTX_TASK_ID='dq_alert_on_issues' AIRFLOW_CTX_EXECUTION_DATE='2025-12-13T23:22:02.198531+00:00' AIRFLOW_CTX_TRY_NUMBER='1' AIRFLOW_CTX_DAG_RUN_ID='manual__2025-12-13T23:22:02.198531+00:00'
[2025-12-13T23:25:38.706+0000] {taskinstance.py:430} INFO - ::endgroup::
[2025-12-13T23:25:38.739+0000] {logging_mixin.py:188} INFO - 🚦 *MFG Data Quality Report*
- dag_run_id: manual__2025-12-13T23:22:02.198531+00:00
- run_ts_utc: 2025-12-13T23:25:32.012841
- errors: 0 | warnings: 1

⚠️ *WARNINGS* (showing up to 5)
- null_actual_start_date: {"check": "null_actual_start_date", "severity": "WARN", "null_count": 2120}
[2025-12-13T23:25:39.104+0000] {logging_mixin.py:188} INFO - [OK] Slack notification sent.
[2025-12-13T23:25:39.105+0000] {python.py:237} INFO - Done. Returned value was: None
[2025-12-13T23:25:39.106+0000] {taskinstance.py:441} INFO - ::group::Post task execution logs
[2025-12-13T23:25:39.118+0000] {taskinstance.py:1205} INFO - Marking task as SUCCESS. dag_id=mfg_data_quality_monitoring_dag, task_id=dq_alert_on_issues, execution_date=20251213T232202, start_date=20251213T232538, end_date=20251213T232539
[2025-12-13T23:25:39.162+0000] {local_task_job_runner.py:240} INFO - Task exited with return code 0
[2025-12-13T23:25:39.181+0000] {taskinstance.py:3482} INFO - 0 downstream tasks scheduled from follow-on schedule check
[2025-12-13T23:25:39.185+0000] {local_task_job_runner.py:222} INFO - ::endgroup::
