[2025-12-16T00:42:29.289+0000] {local_task_job_runner.py:120} INFO - ::group::Pre task execution logs
[2025-12-16T00:42:29.324+0000] {taskinstance.py:2073} INFO - Dependencies all met for dep_context=non-requeueable deps ti=<TaskInstance: mfg_raw_ingestion_dag.dbt_run_all manual__2025-12-16T00:30:29.359965+00:00 [queued]>
[2025-12-16T00:42:29.333+0000] {taskinstance.py:2073} INFO - Dependencies all met for dep_context=requeueable deps ti=<TaskInstance: mfg_raw_ingestion_dag.dbt_run_all manual__2025-12-16T00:30:29.359965+00:00 [queued]>
[2025-12-16T00:42:29.334+0000] {taskinstance.py:2303} INFO - Starting attempt 1 of 3
[2025-12-16T00:42:29.350+0000] {taskinstance.py:2327} INFO - Executing <Task(BashOperator): dbt_run_all> on 2025-12-16 00:30:29.359965+00:00
[2025-12-16T00:42:29.361+0000] {standard_task_runner.py:90} INFO - Running: ['***', 'tasks', 'run', 'mfg_raw_ingestion_dag', 'dbt_run_all', 'manual__2025-12-16T00:30:29.359965+00:00', '--job-id', '8', '--raw', '--subdir', 'DAGS_FOLDER/mfg_raw_ingestion_dag.py', '--cfg-path', '/tmp/tmptnidrg6b']
[2025-12-16T00:42:29.364+0000] {standard_task_runner.py:91} INFO - Job 8: Subtask dbt_run_all
[2025-12-16T00:42:29.364+0000] {logging_mixin.py:188} WARNING - /home/***/.local/lib/python3.12/site-packages/***/task/task_runner/standard_task_runner.py:61 DeprecationWarning: This process (pid=958) is multi-threaded, use of fork() may lead to deadlocks in the child.
[2025-12-16T00:42:29.365+0000] {standard_task_runner.py:63} INFO - Started process 959 to run task
[2025-12-16T00:42:29.417+0000] {task_command.py:426} INFO - Running <TaskInstance: mfg_raw_ingestion_dag.dbt_run_all manual__2025-12-16T00:30:29.359965+00:00 [running]> on host 24030efa02e6
[2025-12-16T00:42:29.500+0000] {taskinstance.py:2644} INFO - Exporting env vars: AIRFLOW_CTX_DAG_OWNER='data-engineering' AIRFLOW_CTX_DAG_ID='mfg_raw_ingestion_dag' AIRFLOW_CTX_TASK_ID='dbt_run_all' AIRFLOW_CTX_EXECUTION_DATE='2025-12-16T00:30:29.359965+00:00' AIRFLOW_CTX_TRY_NUMBER='1' AIRFLOW_CTX_DAG_RUN_ID='manual__2025-12-16T00:30:29.359965+00:00'
[2025-12-16T00:42:29.502+0000] {taskinstance.py:430} INFO - ::endgroup::
[2025-12-16T00:42:29.517+0000] {subprocess.py:63} INFO - Tmp dir root location: /tmp
[2025-12-16T00:42:29.518+0000] {subprocess.py:75} INFO - Running command: ['/usr/bin/bash', '-c', 'set -euo pipefail; cd /opt/***/dbt_project && dbt run --profiles-dir /opt/***/dbt_profiles']
[2025-12-16T00:42:29.528+0000] {subprocess.py:86} INFO - Output:
[2025-12-16T00:42:31.827+0000] {subprocess.py:93} INFO - [0m00:42:31  Running with dbt=1.10.15
[2025-12-16T00:42:32.823+0000] {subprocess.py:93} INFO - [0m00:42:32  Registered adapter: snowflake=1.10.4
[2025-12-16T00:42:33.477+0000] {subprocess.py:93} INFO - [0m00:42:33  Found 8 models, 35 data tests, 3 sources, 504 macros
[2025-12-16T00:42:33.482+0000] {subprocess.py:93} INFO - [0m00:42:33
[2025-12-16T00:42:33.484+0000] {subprocess.py:93} INFO - [0m00:42:33  Concurrency: 4 threads (target='dev')
[2025-12-16T00:42:33.486+0000] {subprocess.py:93} INFO - [0m00:42:33
[2025-12-16T00:42:35.588+0000] {subprocess.py:93} INFO - [0m00:42:35  1 of 8 START sql view model ANALYTICS_analytics.stg_batches .................... [RUN]
[2025-12-16T00:42:35.589+0000] {subprocess.py:93} INFO - [0m00:42:35  2 of 8 START sql view model ANALYTICS_analytics.stg_materials .................. [RUN]
[2025-12-16T00:42:35.591+0000] {subprocess.py:93} INFO - [0m00:42:35  3 of 8 START sql view model ANALYTICS_analytics.stg_production_orders .......... [RUN]
[2025-12-16T00:42:36.131+0000] {subprocess.py:93} INFO - [0m00:42:36  1 of 8 OK created sql view model ANALYTICS_analytics.stg_batches ............... [[32mSUCCESS 1[0m in 0.53s]
[2025-12-16T00:42:36.136+0000] {subprocess.py:93} INFO - [0m00:42:36  4 of 8 START sql table model ANALYTICS_analytics.core_batches .................. [RUN]
[2025-12-16T00:42:36.971+0000] {subprocess.py:93} INFO - [0m00:42:36  3 of 8 OK created sql view model ANALYTICS_analytics.stg_production_orders ..... [[32mSUCCESS 1[0m in 1.37s]
[2025-12-16T00:42:36.977+0000] {subprocess.py:93} INFO - [0m00:42:36  5 of 8 START sql table model ANALYTICS_analytics.fct_production_orders ......... [RUN]
[2025-12-16T00:42:37.208+0000] {subprocess.py:93} INFO - [0m00:42:37  2 of 8 OK created sql view model ANALYTICS_analytics.stg_materials ............. [[32mSUCCESS 1[0m in 1.61s]
[2025-12-16T00:42:37.214+0000] {subprocess.py:93} INFO - [0m00:42:37  6 of 8 START sql table model ANALYTICS_analytics.core_materials ................ [RUN]
[2025-12-16T00:42:38.860+0000] {subprocess.py:93} INFO - [0m00:42:38  6 of 8 OK created sql table model ANALYTICS_analytics.core_materials ........... [[32mSUCCESS 1[0m in 1.64s]
[2025-12-16T00:42:38.946+0000] {subprocess.py:93} INFO - [0m00:42:38  5 of 8 OK created sql table model ANALYTICS_analytics.fct_production_orders .... [[32mSUCCESS 1[0m in 1.97s]
[2025-12-16T00:42:38.971+0000] {subprocess.py:93} INFO - [0m00:42:38  4 of 8 OK created sql table model ANALYTICS_analytics.core_batches ............. [[32mSUCCESS 1[0m in 2.83s]
[2025-12-16T00:42:38.978+0000] {subprocess.py:93} INFO - [0m00:42:38  7 of 8 START sql table model ANALYTICS_analytics.mfg_ml_features_orders ........ [RUN]
[2025-12-16T00:42:38.980+0000] {subprocess.py:93} INFO - [0m00:42:38  8 of 8 START sql table model ANALYTICS_analytics.mfg_plant_daily_kpis .......... [RUN]
[2025-12-16T00:42:40.622+0000] {subprocess.py:93} INFO - [0m00:42:40  8 of 8 OK created sql table model ANALYTICS_analytics.mfg_plant_daily_kpis ..... [[32mSUCCESS 1[0m in 1.64s]
[2025-12-16T00:42:40.995+0000] {subprocess.py:93} INFO - [0m00:42:40  7 of 8 OK created sql table model ANALYTICS_analytics.mfg_ml_features_orders ... [[32mSUCCESS 1[0m in 2.01s]
[2025-12-16T00:42:42.919+0000] {subprocess.py:93} INFO - [0m00:42:42
[2025-12-16T00:42:42.921+0000] {subprocess.py:93} INFO - [0m00:42:42  Finished running 5 table models, 3 view models in 0 hours 0 minutes and 9.43 seconds (9.43s).
[2025-12-16T00:42:43.040+0000] {subprocess.py:93} INFO - [0m00:42:43
[2025-12-16T00:42:43.042+0000] {subprocess.py:93} INFO - [0m00:42:43  [32mCompleted successfully[0m
[2025-12-16T00:42:43.044+0000] {subprocess.py:93} INFO - [0m00:42:43
[2025-12-16T00:42:43.046+0000] {subprocess.py:93} INFO - [0m00:42:43  Done. PASS=8 WARN=0 ERROR=0 SKIP=0 NO-OP=0 TOTAL=8
[2025-12-16T00:42:44.378+0000] {subprocess.py:97} INFO - Command exited with return code 0
[2025-12-16T00:42:44.382+0000] {taskinstance.py:441} INFO - ::group::Post task execution logs
[2025-12-16T00:42:44.413+0000] {taskinstance.py:1205} INFO - Marking task as SUCCESS. dag_id=mfg_raw_ingestion_dag, task_id=dbt_run_all, execution_date=20251216T003029, start_date=20251216T004229, end_date=20251216T004244
[2025-12-16T00:42:44.479+0000] {local_task_job_runner.py:240} INFO - Task exited with return code 0
[2025-12-16T00:42:44.502+0000] {taskinstance.py:3482} INFO - 1 downstream tasks scheduled from follow-on schedule check
[2025-12-16T00:42:44.507+0000] {local_task_job_runner.py:222} INFO - ::endgroup::
