[2025-12-14T21:20:26.613+0000] {local_task_job_runner.py:120} INFO - ::group::Pre task execution logs
[2025-12-14T21:20:26.724+0000] {taskinstance.py:2073} INFO - Dependencies all met for dep_context=non-requeueable deps ti=<TaskInstance: mfg_raw_ingestion_dag.ingest_raw_to_snowflake manual__2025-12-14T21:20:25.807236+00:00 [queued]>
[2025-12-14T21:20:26.740+0000] {taskinstance.py:2073} INFO - Dependencies all met for dep_context=requeueable deps ti=<TaskInstance: mfg_raw_ingestion_dag.ingest_raw_to_snowflake manual__2025-12-14T21:20:25.807236+00:00 [queued]>
[2025-12-14T21:20:26.741+0000] {taskinstance.py:2303} INFO - Starting attempt 1 of 3
[2025-12-14T21:20:26.760+0000] {taskinstance.py:2327} INFO - Executing <Task(BashOperator): ingest_raw_to_snowflake> on 2025-12-14 21:20:25.807236+00:00
[2025-12-14T21:20:26.771+0000] {standard_task_runner.py:90} INFO - Running: ['***', 'tasks', 'run', 'mfg_raw_ingestion_dag', 'ingest_raw_to_snowflake', 'manual__2025-12-14T21:20:25.807236+00:00', '--job-id', '11', '--raw', '--subdir', 'DAGS_FOLDER/mfg_raw_ingestion_dag.py', '--cfg-path', '/tmp/tmpff6jds_7']
[2025-12-14T21:20:26.775+0000] {standard_task_runner.py:91} INFO - Job 11: Subtask ingest_raw_to_snowflake
[2025-12-14T21:20:26.775+0000] {logging_mixin.py:188} WARNING - /home/***/.local/lib/python3.12/site-packages/***/task/task_runner/standard_task_runner.py:61 DeprecationWarning: This process (pid=3590) is multi-threaded, use of fork() may lead to deadlocks in the child.
[2025-12-14T21:20:26.776+0000] {standard_task_runner.py:63} INFO - Started process 3591 to run task
[2025-12-14T21:20:26.853+0000] {task_command.py:426} INFO - Running <TaskInstance: mfg_raw_ingestion_dag.ingest_raw_to_snowflake manual__2025-12-14T21:20:25.807236+00:00 [running]> on host 3799fda194bc
[2025-12-14T21:20:26.965+0000] {taskinstance.py:2644} INFO - Exporting env vars: AIRFLOW_CTX_DAG_OWNER='data-engineering' AIRFLOW_CTX_DAG_ID='mfg_raw_ingestion_dag' AIRFLOW_CTX_TASK_ID='ingest_raw_to_snowflake' AIRFLOW_CTX_EXECUTION_DATE='2025-12-14T21:20:25.807236+00:00' AIRFLOW_CTX_TRY_NUMBER='1' AIRFLOW_CTX_DAG_RUN_ID='manual__2025-12-14T21:20:25.807236+00:00'
[2025-12-14T21:20:26.968+0000] {taskinstance.py:430} INFO - ::endgroup::
[2025-12-14T21:20:26.991+0000] {subprocess.py:63} INFO - Tmp dir root location: /tmp
[2025-12-14T21:20:26.992+0000] {subprocess.py:75} INFO - Running command: ['/usr/bin/bash', '-c', 'set -euo pipefail; python /opt/***/ingestion/python/load_raw_to_snowflake.py']
[2025-12-14T21:20:27.003+0000] {subprocess.py:86} INFO - Output:
[2025-12-14T21:20:29.635+0000] {subprocess.py:93} INFO - [INFO] 2025-12-14 21:20:29 - Loaded environment variables from /opt/***/.env
[2025-12-14T21:20:29.636+0000] {subprocess.py:93} INFO - [INFO] 2025-12-14 21:20:29 - Connecting to Snowflake...
[2025-12-14T21:20:31.642+0000] {subprocess.py:93} INFO - [INFO] 2025-12-14 21:20:31 - Starting RAW load. load_run_id=914a519d-810d-491f-af77-f5adfab303f3
[2025-12-14T21:20:31.655+0000] {subprocess.py:93} INFO - [INFO] 2025-12-14 21:20:31 - Ensuring RAW tables exist (append-only, run-aware)...
[2025-12-14T21:20:33.416+0000] {subprocess.py:93} INFO - [INFO] 2025-12-14 21:20:33 - Read 500 rows from materials.csv
[2025-12-14T21:20:33.450+0000] {subprocess.py:93} INFO - [INFO] 2025-12-14 21:20:33 - Read 10,000 rows from batches.csv
[2025-12-14T21:20:33.490+0000] {subprocess.py:93} INFO - [INFO] 2025-12-14 21:20:33 - Read 10,000 rows from production_orders.csv
[2025-12-14T21:20:33.492+0000] {subprocess.py:93} INFO - /opt/***/ingestion/python/load_raw_to_snowflake.py:198: UserWarning: Dataframe contains a datetime with timezone column, but 'use_logical_type=None'. This can result in dateimes being incorrectly written to Snowflake. Consider setting 'use_logical_type = True'
[2025-12-14T21:20:33.492+0000] {subprocess.py:93} INFO -   success, _, rows_loaded, _ = write_pandas(
[2025-12-14T21:20:38.028+0000] {subprocess.py:93} INFO - [INFO] 2025-12-14 21:20:38 - Snowflake connection closed
[2025-12-14T21:20:38.029+0000] {subprocess.py:93} INFO - Traceback (most recent call last):
[2025-12-14T21:20:38.030+0000] {subprocess.py:93} INFO -   File "/opt/***/ingestion/python/load_raw_to_snowflake.py", line 202, in load_df
[2025-12-14T21:20:38.033+0000] {subprocess.py:93} INFO -     cursor.execute(
[2025-12-14T21:20:38.034+0000] {subprocess.py:93} INFO -   File "/home/***/.local/lib/python3.12/site-packages/snowflake/connector/cursor.py", line 1134, in execute
[2025-12-14T21:20:38.035+0000] {subprocess.py:93} INFO -     Error.errorhandler_wrapper(self.connection, self, error_class, errvalue)
[2025-12-14T21:20:38.035+0000] {subprocess.py:93} INFO -   File "/home/***/.local/lib/python3.12/site-packages/snowflake/connector/errors.py", line 286, in errorhandler_wrapper
[2025-12-14T21:20:38.036+0000] {subprocess.py:93} INFO -     handed_over = Error.hand_to_other_handler(
[2025-12-14T21:20:38.037+0000] {subprocess.py:93} INFO -                   ^^^^^^^^^^^^^^^^^^^^^^^^^^^^
[2025-12-14T21:20:38.037+0000] {subprocess.py:93} INFO -   File "/home/***/.local/lib/python3.12/site-packages/snowflake/connector/errors.py", line 341, in hand_to_other_handler
[2025-12-14T21:20:38.038+0000] {subprocess.py:93} INFO -     cursor.errorhandler(connection, cursor, error_class, error_value)
[2025-12-14T21:20:38.039+0000] {subprocess.py:93} INFO -   File "/home/***/.local/lib/python3.12/site-packages/snowflake/connector/errors.py", line 217, in default_errorhandler
[2025-12-14T21:20:38.039+0000] {subprocess.py:93} INFO -     raise error_class(
[2025-12-14T21:20:38.040+0000] {subprocess.py:93} INFO - snowflake.connector.errors.ProgrammingError: 002020 (21S01): SQL compilation error:
[2025-12-14T21:20:38.040+0000] {subprocess.py:93} INFO - Insert value list does not match column list expecting 8 but got 7
[2025-12-14T21:20:38.041+0000] {subprocess.py:93} INFO - 
[2025-12-14T21:20:38.042+0000] {subprocess.py:93} INFO - During handling of the above exception, another exception occurred:
[2025-12-14T21:20:38.043+0000] {subprocess.py:93} INFO - 
[2025-12-14T21:20:38.043+0000] {subprocess.py:93} INFO - Traceback (most recent call last):
[2025-12-14T21:20:38.044+0000] {subprocess.py:93} INFO -   File "/opt/***/ingestion/python/load_raw_to_snowflake.py", line 263, in <module>
[2025-12-14T21:20:38.045+0000] {subprocess.py:93} INFO -     main()
[2025-12-14T21:20:38.045+0000] {subprocess.py:93} INFO -   File "/opt/***/ingestion/python/load_raw_to_snowflake.py", line 250, in main
[2025-12-14T21:20:38.046+0000] {subprocess.py:93} INFO -     load_df(conn, cursor, mats, "MATERIALS", load_run_id)
[2025-12-14T21:20:38.047+0000] {subprocess.py:93} INFO -   File "/opt/***/ingestion/python/load_raw_to_snowflake.py", line 219, in load_df
[2025-12-14T21:20:38.048+0000] {subprocess.py:93} INFO -     cursor.execute(
[2025-12-14T21:20:38.049+0000] {subprocess.py:93} INFO -   File "/home/***/.local/lib/python3.12/site-packages/snowflake/connector/cursor.py", line 1134, in execute
[2025-12-14T21:20:38.049+0000] {subprocess.py:93} INFO -     Error.errorhandler_wrapper(self.connection, self, error_class, errvalue)
[2025-12-14T21:20:38.050+0000] {subprocess.py:93} INFO -   File "/home/***/.local/lib/python3.12/site-packages/snowflake/connector/errors.py", line 286, in errorhandler_wrapper
[2025-12-14T21:20:38.050+0000] {subprocess.py:93} INFO -     handed_over = Error.hand_to_other_handler(
[2025-12-14T21:20:38.051+0000] {subprocess.py:93} INFO -                   ^^^^^^^^^^^^^^^^^^^^^^^^^^^^
[2025-12-14T21:20:38.052+0000] {subprocess.py:93} INFO -   File "/home/***/.local/lib/python3.12/site-packages/snowflake/connector/errors.py", line 341, in hand_to_other_handler
[2025-12-14T21:20:38.052+0000] {subprocess.py:93} INFO -     cursor.errorhandler(connection, cursor, error_class, error_value)
[2025-12-14T21:20:38.053+0000] {subprocess.py:93} INFO -   File "/home/***/.local/lib/python3.12/site-packages/snowflake/connector/errors.py", line 217, in default_errorhandler
[2025-12-14T21:20:38.053+0000] {subprocess.py:93} INFO -     raise error_class(
[2025-12-14T21:20:38.054+0000] {subprocess.py:93} INFO - snowflake.connector.errors.ProgrammingError: 002020 (21S01): SQL compilation error:
[2025-12-14T21:20:38.054+0000] {subprocess.py:93} INFO - Insert value list does not match column list expecting 8 but got 7
[2025-12-14T21:20:38.244+0000] {subprocess.py:97} INFO - Command exited with return code 1
[2025-12-14T21:20:38.245+0000] {taskinstance.py:441} INFO - ::group::Post task execution logs
[2025-12-14T21:20:38.258+0000] {taskinstance.py:2890} ERROR - Task failed with exception
Traceback (most recent call last):
  File "/home/airflow/.local/lib/python3.12/site-packages/airflow/models/taskinstance.py", line 460, in _execute_task
    result = _execute_callable(context=context, **execute_callable_kwargs)
             ^^^^^^^^^^^^^^^^^^^^^^^^^^^^^^^^^^^^^^^^^^^^^^^^^^^^^^^^^^^^^
  File "/home/airflow/.local/lib/python3.12/site-packages/airflow/models/taskinstance.py", line 432, in _execute_callable
    return execute_callable(context=context, **execute_callable_kwargs)
           ^^^^^^^^^^^^^^^^^^^^^^^^^^^^^^^^^^^^^^^^^^^^^^^^^^^^^^^^^^^^
  File "/home/airflow/.local/lib/python3.12/site-packages/airflow/models/baseoperator.py", line 400, in wrapper
    return func(self, *args, **kwargs)
           ^^^^^^^^^^^^^^^^^^^^^^^^^^^
  File "/home/airflow/.local/lib/python3.12/site-packages/airflow/operators/bash.py", line 243, in execute
    raise AirflowException(
airflow.exceptions.AirflowException: Bash command failed. The command returned a non-zero exit code 1.
[2025-12-14T21:20:38.263+0000] {taskinstance.py:1205} INFO - Marking task as UP_FOR_RETRY. dag_id=mfg_raw_ingestion_dag, task_id=ingest_raw_to_snowflake, execution_date=20251214T212025, start_date=20251214T212026, end_date=20251214T212038
[2025-12-14T21:20:38.283+0000] {standard_task_runner.py:110} ERROR - Failed to execute job 11 for task ingest_raw_to_snowflake (Bash command failed. The command returned a non-zero exit code 1.; 3591)
[2025-12-14T21:20:38.317+0000] {local_task_job_runner.py:240} INFO - Task exited with return code 1
[2025-12-14T21:20:38.341+0000] {taskinstance.py:3482} INFO - 0 downstream tasks scheduled from follow-on schedule check
[2025-12-14T21:20:38.345+0000] {local_task_job_runner.py:222} INFO - ::endgroup::
