[2025-12-15T23:25:14.461+0000] {local_task_job_runner.py:120} INFO - ::group::Pre task execution logs
[2025-12-15T23:25:14.490+0000] {taskinstance.py:2073} INFO - Dependencies all met for dep_context=non-requeueable deps ti=<TaskInstance: mfg_raw_ingestion_dag.dbt_run_all manual__2025-12-15T23:13:28.424641+00:00 [queued]>
[2025-12-15T23:25:14.499+0000] {taskinstance.py:2073} INFO - Dependencies all met for dep_context=requeueable deps ti=<TaskInstance: mfg_raw_ingestion_dag.dbt_run_all manual__2025-12-15T23:13:28.424641+00:00 [queued]>
[2025-12-15T23:25:14.500+0000] {taskinstance.py:2303} INFO - Starting attempt 1 of 3
[2025-12-15T23:25:14.514+0000] {taskinstance.py:2327} INFO - Executing <Task(BashOperator): dbt_run_all> on 2025-12-15 23:13:28.424641+00:00
[2025-12-15T23:25:14.521+0000] {standard_task_runner.py:90} INFO - Running: ['***', 'tasks', 'run', 'mfg_raw_ingestion_dag', 'dbt_run_all', 'manual__2025-12-15T23:13:28.424641+00:00', '--job-id', '8', '--raw', '--subdir', 'DAGS_FOLDER/mfg_raw_ingestion_dag.py', '--cfg-path', '/tmp/tmp2l8mab_b']
[2025-12-15T23:25:14.524+0000] {standard_task_runner.py:91} INFO - Job 8: Subtask dbt_run_all
[2025-12-15T23:25:14.524+0000] {logging_mixin.py:188} WARNING - /home/***/.local/lib/python3.12/site-packages/***/task/task_runner/standard_task_runner.py:61 DeprecationWarning: This process (pid=1151) is multi-threaded, use of fork() may lead to deadlocks in the child.
[2025-12-15T23:25:14.525+0000] {standard_task_runner.py:63} INFO - Started process 1156 to run task
[2025-12-15T23:25:14.572+0000] {task_command.py:426} INFO - Running <TaskInstance: mfg_raw_ingestion_dag.dbt_run_all manual__2025-12-15T23:13:28.424641+00:00 [running]> on host 7f6a70788018
[2025-12-15T23:25:14.654+0000] {taskinstance.py:2644} INFO - Exporting env vars: AIRFLOW_CTX_DAG_OWNER='data-engineering' AIRFLOW_CTX_DAG_ID='mfg_raw_ingestion_dag' AIRFLOW_CTX_TASK_ID='dbt_run_all' AIRFLOW_CTX_EXECUTION_DATE='2025-12-15T23:13:28.424641+00:00' AIRFLOW_CTX_TRY_NUMBER='1' AIRFLOW_CTX_DAG_RUN_ID='manual__2025-12-15T23:13:28.424641+00:00'
[2025-12-15T23:25:14.655+0000] {taskinstance.py:430} INFO - ::endgroup::
[2025-12-15T23:25:14.674+0000] {subprocess.py:63} INFO - Tmp dir root location: /tmp
[2025-12-15T23:25:14.676+0000] {subprocess.py:75} INFO - Running command: ['/usr/bin/bash', '-c', 'set -euo pipefail; cd /opt/***/dbt_project && dbt run --profiles-dir /opt/***/dbt_profiles']
[2025-12-15T23:25:14.685+0000] {subprocess.py:86} INFO - Output:
[2025-12-15T23:25:16.799+0000] {subprocess.py:93} INFO - [0m23:25:16  Running with dbt=1.10.15
[2025-12-15T23:25:17.639+0000] {subprocess.py:93} INFO - [0m23:25:17  Registered adapter: snowflake=1.10.4
[2025-12-15T23:25:18.184+0000] {subprocess.py:93} INFO - [0m23:25:18  Found 8 models, 29 data tests, 3 sources, 504 macros
[2025-12-15T23:25:18.188+0000] {subprocess.py:93} INFO - [0m23:25:18
[2025-12-15T23:25:18.190+0000] {subprocess.py:93} INFO - [0m23:25:18  Concurrency: 4 threads (target='dev')
[2025-12-15T23:25:18.191+0000] {subprocess.py:93} INFO - [0m23:25:18
[2025-12-15T23:25:20.102+0000] {subprocess.py:93} INFO - [0m23:25:20  1 of 8 START sql view model ANALYTICS_analytics.stg_batches .................... [RUN]
[2025-12-15T23:25:20.104+0000] {subprocess.py:93} INFO - [0m23:25:20  2 of 8 START sql view model ANALYTICS_analytics.stg_materials .................. [RUN]
[2025-12-15T23:25:20.106+0000] {subprocess.py:93} INFO - [0m23:25:20  3 of 8 START sql view model ANALYTICS_analytics.stg_production_orders .......... [RUN]
[2025-12-15T23:25:20.648+0000] {subprocess.py:93} INFO - [0m23:25:20  1 of 8 OK created sql view model ANALYTICS_analytics.stg_batches ............... [[32mSUCCESS 1[0m in 0.54s]
[2025-12-15T23:25:20.654+0000] {subprocess.py:93} INFO - [0m23:25:20  4 of 8 START sql table model ANALYTICS_analytics.core_batches .................. [RUN]
[2025-12-15T23:25:21.454+0000] {subprocess.py:93} INFO - [0m23:25:21  2 of 8 OK created sql view model ANALYTICS_analytics.stg_materials ............. [[32mSUCCESS 1[0m in 1.34s]
[2025-12-15T23:25:21.459+0000] {subprocess.py:93} INFO - [0m23:25:21  5 of 8 START sql table model ANALYTICS_analytics.core_materials ................ [RUN]
[2025-12-15T23:25:21.847+0000] {subprocess.py:93} INFO - [0m23:25:21  3 of 8 OK created sql view model ANALYTICS_analytics.stg_production_orders ..... [[32mSUCCESS 1[0m in 1.73s]
[2025-12-15T23:25:21.852+0000] {subprocess.py:93} INFO - [0m23:25:21  6 of 8 START sql table model ANALYTICS_analytics.fct_production_orders ......... [RUN]
[2025-12-15T23:25:22.613+0000] {subprocess.py:93} INFO - [0m23:25:22  5 of 8 OK created sql table model ANALYTICS_analytics.core_materials ........... [[32mSUCCESS 1[0m in 1.15s]
[2025-12-15T23:25:23.229+0000] {subprocess.py:93} INFO - [0m23:25:23  4 of 8 OK created sql table model ANALYTICS_analytics.core_batches ............. [[32mSUCCESS 1[0m in 2.57s]
[2025-12-15T23:25:23.286+0000] {subprocess.py:93} INFO - [0m23:25:23  6 of 8 OK created sql table model ANALYTICS_analytics.fct_production_orders .... [[32mSUCCESS 1[0m in 1.43s]
[2025-12-15T23:25:23.292+0000] {subprocess.py:93} INFO - [0m23:25:23  7 of 8 START sql table model ANALYTICS_analytics.mfg_ml_features_orders ........ [RUN]
[2025-12-15T23:25:23.293+0000] {subprocess.py:93} INFO - [0m23:25:23  8 of 8 START sql table model ANALYTICS_analytics.mfg_plant_daily_kpis .......... [RUN]
[2025-12-15T23:25:24.967+0000] {subprocess.py:93} INFO - [0m23:25:24  8 of 8 OK created sql table model ANALYTICS_analytics.mfg_plant_daily_kpis ..... [[32mSUCCESS 1[0m in 1.67s]
[2025-12-15T23:25:25.275+0000] {subprocess.py:93} INFO - [0m23:25:25  7 of 8 OK created sql table model ANALYTICS_analytics.mfg_ml_features_orders ... [[32mSUCCESS 1[0m in 1.98s]
[2025-12-15T23:25:27.165+0000] {subprocess.py:93} INFO - [0m23:25:27
[2025-12-15T23:25:27.166+0000] {subprocess.py:93} INFO - [0m23:25:27  Finished running 5 table models, 3 view models in 0 hours 0 minutes and 8.97 seconds (8.97s).
[2025-12-15T23:25:27.248+0000] {subprocess.py:93} INFO - [0m23:25:27
[2025-12-15T23:25:27.249+0000] {subprocess.py:93} INFO - [0m23:25:27  [32mCompleted successfully[0m
[2025-12-15T23:25:27.250+0000] {subprocess.py:93} INFO - [0m23:25:27
[2025-12-15T23:25:27.251+0000] {subprocess.py:93} INFO - [0m23:25:27  Done. PASS=8 WARN=0 ERROR=0 SKIP=0 NO-OP=0 TOTAL=8
[2025-12-15T23:25:28.359+0000] {subprocess.py:97} INFO - Command exited with return code 0
[2025-12-15T23:25:28.360+0000] {taskinstance.py:441} INFO - ::group::Post task execution logs
[2025-12-15T23:25:28.384+0000] {taskinstance.py:1205} INFO - Marking task as SUCCESS. dag_id=mfg_raw_ingestion_dag, task_id=dbt_run_all, execution_date=20251215T231328, start_date=20251215T232514, end_date=20251215T232528
[2025-12-15T23:25:28.424+0000] {local_task_job_runner.py:240} INFO - Task exited with return code 0
[2025-12-15T23:25:28.440+0000] {taskinstance.py:3482} INFO - 1 downstream tasks scheduled from follow-on schedule check
[2025-12-15T23:25:28.446+0000] {local_task_job_runner.py:222} INFO - ::endgroup::
