[2025-12-15T21:14:33.345+0000] {local_task_job_runner.py:120} INFO - ::group::Pre task execution logs
[2025-12-15T21:14:33.374+0000] {taskinstance.py:2073} INFO - Dependencies all met for dep_context=non-requeueable deps ti=<TaskInstance: mfg_raw_ingestion_dag.ingest_raw_to_snowflake manual__2025-12-15T21:03:21.911334+00:00 [queued]>
[2025-12-15T21:14:33.381+0000] {taskinstance.py:2073} INFO - Dependencies all met for dep_context=requeueable deps ti=<TaskInstance: mfg_raw_ingestion_dag.ingest_raw_to_snowflake manual__2025-12-15T21:03:21.911334+00:00 [queued]>
[2025-12-15T21:14:33.382+0000] {taskinstance.py:2303} INFO - Starting attempt 1 of 3
[2025-12-15T21:14:33.397+0000] {taskinstance.py:2327} INFO - Executing <Task(BashOperator): ingest_raw_to_snowflake> on 2025-12-15 21:03:21.911334+00:00
[2025-12-15T21:14:33.404+0000] {standard_task_runner.py:90} INFO - Running: ['***', 'tasks', 'run', 'mfg_raw_ingestion_dag', 'ingest_raw_to_snowflake', 'manual__2025-12-15T21:03:21.911334+00:00', '--job-id', '6', '--raw', '--subdir', 'DAGS_FOLDER/mfg_raw_ingestion_dag.py', '--cfg-path', '/tmp/tmpranssgtw']
[2025-12-15T21:14:33.406+0000] {standard_task_runner.py:91} INFO - Job 6: Subtask ingest_raw_to_snowflake
[2025-12-15T21:14:33.406+0000] {logging_mixin.py:188} WARNING - /home/***/.local/lib/python3.12/site-packages/***/task/task_runner/standard_task_runner.py:61 DeprecationWarning: This process (pid=995) is multi-threaded, use of fork() may lead to deadlocks in the child.
[2025-12-15T21:14:33.407+0000] {standard_task_runner.py:63} INFO - Started process 996 to run task
[2025-12-15T21:14:33.454+0000] {task_command.py:426} INFO - Running <TaskInstance: mfg_raw_ingestion_dag.ingest_raw_to_snowflake manual__2025-12-15T21:03:21.911334+00:00 [running]> on host 36071aea49b2
[2025-12-15T21:14:33.533+0000] {taskinstance.py:2644} INFO - Exporting env vars: AIRFLOW_CTX_DAG_OWNER='data-engineering' AIRFLOW_CTX_DAG_ID='mfg_raw_ingestion_dag' AIRFLOW_CTX_TASK_ID='ingest_raw_to_snowflake' AIRFLOW_CTX_EXECUTION_DATE='2025-12-15T21:03:21.911334+00:00' AIRFLOW_CTX_TRY_NUMBER='1' AIRFLOW_CTX_DAG_RUN_ID='manual__2025-12-15T21:03:21.911334+00:00'
[2025-12-15T21:14:33.534+0000] {taskinstance.py:430} INFO - ::endgroup::
[2025-12-15T21:14:33.547+0000] {subprocess.py:63} INFO - Tmp dir root location: /tmp
[2025-12-15T21:14:33.548+0000] {subprocess.py:75} INFO - Running command: ['/usr/bin/bash', '-c', 'set -euo pipefail; python /opt/***/ingestion/python/load_raw_to_snowflake.py']
[2025-12-15T21:14:33.557+0000] {subprocess.py:86} INFO - Output:
[2025-12-15T21:14:34.842+0000] {subprocess.py:93} INFO - [INFO] 2025-12-15 21:14:34 - Loaded environment variables from /opt/***/.env
[2025-12-15T21:14:34.844+0000] {subprocess.py:93} INFO - [INFO] 2025-12-15 21:14:34 - Starting RAW load. load_id=9484f804-d339-4dda-80fc-5b6dccb1a676
[2025-12-15T21:14:34.844+0000] {subprocess.py:93} INFO - [INFO] 2025-12-15 21:14:34 - Using data directory: /opt/***/data/raw/source_system
[2025-12-15T21:14:34.845+0000] {subprocess.py:93} INFO - [INFO] 2025-12-15 21:14:34 - Connecting to Snowflake...
[2025-12-15T21:14:36.197+0000] {subprocess.py:93} INFO - [INFO] 2025-12-15 21:14:36 - Ensuring RAW tables exist...
[2025-12-15T21:14:37.124+0000] {subprocess.py:93} INFO - [INFO] 2025-12-15 21:14:37 - Ensuring run-aware columns exist (LOAD_RUN_ID, LOADED_AT)...
[2025-12-15T21:14:38.686+0000] {subprocess.py:93} INFO - [INFO] 2025-12-15 21:14:38 - RAW tables are ready (run-aware).
[2025-12-15T21:14:38.687+0000] {subprocess.py:93} INFO - [INFO] 2025-12-15 21:14:38 - Ensuring RAW_LOAD_AUDIT table exists...
[2025-12-15T21:14:38.955+0000] {subprocess.py:93} INFO - [INFO] 2025-12-15 21:14:38 - RAW_LOAD_AUDIT is ready.
[2025-12-15T21:14:38.968+0000] {subprocess.py:93} INFO - [INFO] 2025-12-15 21:14:38 - Read 500 rows from materials.csv
[2025-12-15T21:14:38.994+0000] {subprocess.py:93} INFO - [INFO] 2025-12-15 21:14:38 - Read 10,000 rows from batches.csv
[2025-12-15T21:14:39.024+0000] {subprocess.py:93} INFO - [INFO] 2025-12-15 21:14:39 - Read 10,000 rows from production_orders.csv
[2025-12-15T21:14:43.741+0000] {subprocess.py:93} INFO - [INFO] 2025-12-15 21:14:43 - [MATERIALS] Loaded 500 rows. load_id=9484f804-d339-4dda-80fc-5b6dccb1a676
[2025-12-15T21:14:48.247+0000] {subprocess.py:93} INFO - [INFO] 2025-12-15 21:14:48 - [BATCHES] Loaded 10,000 rows. load_id=9484f804-d339-4dda-80fc-5b6dccb1a676
[2025-12-15T21:14:52.072+0000] {subprocess.py:93} INFO - [INFO] 2025-12-15 21:14:52 - [PRODUCTION_ORDERS] Loaded 10,000 rows. load_id=9484f804-d339-4dda-80fc-5b6dccb1a676
[2025-12-15T21:14:52.073+0000] {subprocess.py:93} INFO - [INFO] 2025-12-15 21:14:52 - RAW ingestion completed successfully.
[2025-12-15T21:14:52.073+0000] {subprocess.py:93} INFO - [INFO] 2025-12-15 21:14:52 - load_id=9484f804-d339-4dda-80fc-5b6dccb1a676
[2025-12-15T21:14:52.523+0000] {subprocess.py:93} INFO - [INFO] 2025-12-15 21:14:52 - Snowflake connection closed.
[2025-12-15T21:14:52.687+0000] {subprocess.py:97} INFO - Command exited with return code 0
[2025-12-15T21:14:52.688+0000] {taskinstance.py:441} INFO - ::group::Post task execution logs
[2025-12-15T21:14:52.712+0000] {taskinstance.py:1205} INFO - Marking task as SUCCESS. dag_id=mfg_raw_ingestion_dag, task_id=ingest_raw_to_snowflake, execution_date=20251215T210321, start_date=20251215T211433, end_date=20251215T211452
[2025-12-15T21:14:52.747+0000] {local_task_job_runner.py:240} INFO - Task exited with return code 0
[2025-12-15T21:14:52.768+0000] {taskinstance.py:3482} INFO - 1 downstream tasks scheduled from follow-on schedule check
[2025-12-15T21:14:52.773+0000] {local_task_job_runner.py:222} INFO - ::endgroup::
