[2025-12-14T20:48:14.084+0000] {local_task_job_runner.py:120} INFO - ::group::Pre task execution logs
[2025-12-14T20:48:14.128+0000] {taskinstance.py:2073} INFO - Dependencies all met for dep_context=non-requeueable deps ti=<TaskInstance: mfg_raw_ingestion_dag.ingest_raw_to_snowflake scheduled__2025-12-13T04:00:00+00:00 [queued]>
[2025-12-14T20:48:14.139+0000] {taskinstance.py:2073} INFO - Dependencies all met for dep_context=requeueable deps ti=<TaskInstance: mfg_raw_ingestion_dag.ingest_raw_to_snowflake scheduled__2025-12-13T04:00:00+00:00 [queued]>
[2025-12-14T20:48:14.140+0000] {taskinstance.py:2303} INFO - Starting attempt 3 of 3
[2025-12-14T20:48:14.158+0000] {taskinstance.py:2327} INFO - Executing <Task(BashOperator): ingest_raw_to_snowflake> on 2025-12-13 04:00:00+00:00
[2025-12-14T20:48:14.170+0000] {standard_task_runner.py:90} INFO - Running: ['***', 'tasks', 'run', 'mfg_raw_ingestion_dag', 'ingest_raw_to_snowflake', 'scheduled__2025-12-13T04:00:00+00:00', '--job-id', '4', '--raw', '--subdir', 'DAGS_FOLDER/mfg_raw_ingestion_dag.py', '--cfg-path', '/tmp/tmp2v0fdy07']
[2025-12-14T20:48:14.174+0000] {standard_task_runner.py:91} INFO - Job 4: Subtask ingest_raw_to_snowflake
[2025-12-14T20:48:14.174+0000] {logging_mixin.py:188} WARNING - /home/***/.local/lib/python3.12/site-packages/***/task/task_runner/standard_task_runner.py:61 DeprecationWarning: This process (pid=2070) is multi-threaded, use of fork() may lead to deadlocks in the child.
[2025-12-14T20:48:14.176+0000] {standard_task_runner.py:63} INFO - Started process 2071 to run task
[2025-12-14T20:48:14.246+0000] {task_command.py:426} INFO - Running <TaskInstance: mfg_raw_ingestion_dag.ingest_raw_to_snowflake scheduled__2025-12-13T04:00:00+00:00 [running]> on host 3799fda194bc
[2025-12-14T20:48:14.348+0000] {taskinstance.py:2644} INFO - Exporting env vars: AIRFLOW_CTX_DAG_OWNER='data-engineering' AIRFLOW_CTX_DAG_ID='mfg_raw_ingestion_dag' AIRFLOW_CTX_TASK_ID='ingest_raw_to_snowflake' AIRFLOW_CTX_EXECUTION_DATE='2025-12-13T04:00:00+00:00' AIRFLOW_CTX_TRY_NUMBER='3' AIRFLOW_CTX_DAG_RUN_ID='scheduled__2025-12-13T04:00:00+00:00'
[2025-12-14T20:48:14.350+0000] {taskinstance.py:430} INFO - ::endgroup::
[2025-12-14T20:48:14.368+0000] {subprocess.py:63} INFO - Tmp dir root location: /tmp
[2025-12-14T20:48:14.369+0000] {subprocess.py:75} INFO - Running command: ['/usr/bin/bash', '-c', 'python /opt/***/ingestion/python/load_raw_to_snowflake.py']
[2025-12-14T20:48:14.378+0000] {subprocess.py:86} INFO - Output:
[2025-12-14T20:48:16.209+0000] {subprocess.py:93} INFO - [INFO] 2025-12-14 20:48:16 - Loaded environment variables from /opt/***/.env
[2025-12-14T20:48:16.210+0000] {subprocess.py:93} INFO - [INFO] 2025-12-14 20:48:16 - Connecting to Snowflake...
[2025-12-14T20:48:17.851+0000] {subprocess.py:93} INFO - [INFO] 2025-12-14 20:48:17 - Starting RAW load. load_run_id=fbff3070-2e46-47ac-b75d-9c3052ec41c5
[2025-12-14T20:48:17.861+0000] {subprocess.py:93} INFO - [INFO] 2025-12-14 20:48:17 - Ensuring RAW tables exist (append-only, run-aware)...
[2025-12-14T20:48:19.259+0000] {subprocess.py:93} INFO - [INFO] 2025-12-14 20:48:19 - Read 500 rows from materials.csv
[2025-12-14T20:48:19.289+0000] {subprocess.py:93} INFO - [INFO] 2025-12-14 20:48:19 - Read 10,000 rows from batches.csv
[2025-12-14T20:48:19.330+0000] {subprocess.py:93} INFO - [INFO] 2025-12-14 20:48:19 - Read 10,000 rows from production_orders.csv
[2025-12-14T20:48:19.332+0000] {subprocess.py:93} INFO - /opt/***/ingestion/python/load_raw_to_snowflake.py:198: UserWarning: Dataframe contains a datetime with timezone column, but 'use_logical_type=None'. This can result in dateimes being incorrectly written to Snowflake. Consider setting 'use_logical_type = True'
[2025-12-14T20:48:19.333+0000] {subprocess.py:93} INFO -   success, _, rows_loaded, _ = write_pandas(
[2025-12-14T20:48:23.426+0000] {subprocess.py:93} INFO - [INFO] 2025-12-14 20:48:23 - Snowflake connection closed
[2025-12-14T20:48:23.427+0000] {subprocess.py:93} INFO - Traceback (most recent call last):
[2025-12-14T20:48:23.427+0000] {subprocess.py:93} INFO -   File "/opt/***/ingestion/python/load_raw_to_snowflake.py", line 198, in load_df
[2025-12-14T20:48:23.431+0000] {subprocess.py:93} INFO -     success, _, rows_loaded, _ = write_pandas(
[2025-12-14T20:48:23.432+0000] {subprocess.py:93} INFO -                                  ^^^^^^^^^^^^^
[2025-12-14T20:48:23.432+0000] {subprocess.py:93} INFO -   File "/home/***/.local/lib/python3.12/site-packages/snowflake/connector/pandas_tools.py", line 602, in write_pandas
[2025-12-14T20:48:23.433+0000] {subprocess.py:93} INFO -     copy_results = cursor.execute(
[2025-12-14T20:48:23.434+0000] {subprocess.py:93} INFO -                    ^^^^^^^^^^^^^^^
[2025-12-14T20:48:23.434+0000] {subprocess.py:93} INFO -   File "/home/***/.local/lib/python3.12/site-packages/snowflake/connector/cursor.py", line 1134, in execute
[2025-12-14T20:48:23.435+0000] {subprocess.py:93} INFO -     Error.errorhandler_wrapper(self.connection, self, error_class, errvalue)
[2025-12-14T20:48:23.435+0000] {subprocess.py:93} INFO -   File "/home/***/.local/lib/python3.12/site-packages/snowflake/connector/errors.py", line 286, in errorhandler_wrapper
[2025-12-14T20:48:23.436+0000] {subprocess.py:93} INFO -     handed_over = Error.hand_to_other_handler(
[2025-12-14T20:48:23.436+0000] {subprocess.py:93} INFO -                   ^^^^^^^^^^^^^^^^^^^^^^^^^^^^
[2025-12-14T20:48:23.437+0000] {subprocess.py:93} INFO -   File "/home/***/.local/lib/python3.12/site-packages/snowflake/connector/errors.py", line 341, in hand_to_other_handler
[2025-12-14T20:48:23.437+0000] {subprocess.py:93} INFO -     cursor.errorhandler(connection, cursor, error_class, error_value)
[2025-12-14T20:48:23.438+0000] {subprocess.py:93} INFO -   File "/home/***/.local/lib/python3.12/site-packages/snowflake/connector/errors.py", line 217, in default_errorhandler
[2025-12-14T20:48:23.438+0000] {subprocess.py:93} INFO -     raise error_class(
[2025-12-14T20:48:23.439+0000] {subprocess.py:93} INFO - snowflake.connector.errors.ProgrammingError: 000904 (42000): SQL compilation error: error line 1 at position 86
[2025-12-14T20:48:23.439+0000] {subprocess.py:93} INFO - invalid identifier 'LOAD_RUN_ID'
[2025-12-14T20:48:23.440+0000] {subprocess.py:93} INFO - 
[2025-12-14T20:48:23.440+0000] {subprocess.py:93} INFO - During handling of the above exception, another exception occurred:
[2025-12-14T20:48:23.441+0000] {subprocess.py:93} INFO - 
[2025-12-14T20:48:23.441+0000] {subprocess.py:93} INFO - Traceback (most recent call last):
[2025-12-14T20:48:23.442+0000] {subprocess.py:93} INFO -   File "/opt/***/ingestion/python/load_raw_to_snowflake.py", line 263, in <module>
[2025-12-14T20:48:23.442+0000] {subprocess.py:93} INFO -     main()
[2025-12-14T20:48:23.443+0000] {subprocess.py:93} INFO -   File "/opt/***/ingestion/python/load_raw_to_snowflake.py", line 250, in main
[2025-12-14T20:48:23.443+0000] {subprocess.py:93} INFO -     load_df(conn, cursor, mats, "MATERIALS", load_run_id)
[2025-12-14T20:48:23.444+0000] {subprocess.py:93} INFO -   File "/opt/***/ingestion/python/load_raw_to_snowflake.py", line 219, in load_df
[2025-12-14T20:48:23.444+0000] {subprocess.py:93} INFO -     cursor.execute(
[2025-12-14T20:48:23.444+0000] {subprocess.py:93} INFO -   File "/home/***/.local/lib/python3.12/site-packages/snowflake/connector/cursor.py", line 1134, in execute
[2025-12-14T20:48:23.447+0000] {subprocess.py:93} INFO -     Error.errorhandler_wrapper(self.connection, self, error_class, errvalue)
[2025-12-14T20:48:23.448+0000] {subprocess.py:93} INFO -   File "/home/***/.local/lib/python3.12/site-packages/snowflake/connector/errors.py", line 286, in errorhandler_wrapper
[2025-12-14T20:48:23.449+0000] {subprocess.py:93} INFO -     handed_over = Error.hand_to_other_handler(
[2025-12-14T20:48:23.449+0000] {subprocess.py:93} INFO -                   ^^^^^^^^^^^^^^^^^^^^^^^^^^^^
[2025-12-14T20:48:23.450+0000] {subprocess.py:93} INFO -   File "/home/***/.local/lib/python3.12/site-packages/snowflake/connector/errors.py", line 341, in hand_to_other_handler
[2025-12-14T20:48:23.451+0000] {subprocess.py:93} INFO -     cursor.errorhandler(connection, cursor, error_class, error_value)
[2025-12-14T20:48:23.451+0000] {subprocess.py:93} INFO -   File "/home/***/.local/lib/python3.12/site-packages/snowflake/connector/errors.py", line 217, in default_errorhandler
[2025-12-14T20:48:23.452+0000] {subprocess.py:93} INFO -     raise error_class(
[2025-12-14T20:48:23.453+0000] {subprocess.py:93} INFO - snowflake.connector.errors.ProgrammingError: 002020 (21S01): SQL compilation error:
[2025-12-14T20:48:23.454+0000] {subprocess.py:93} INFO - Insert value list does not match column list expecting 8 but got 7
[2025-12-14T20:48:23.600+0000] {subprocess.py:97} INFO - Command exited with return code 1
[2025-12-14T20:48:23.601+0000] {taskinstance.py:441} INFO - ::group::Post task execution logs
[2025-12-14T20:48:23.610+0000] {taskinstance.py:2890} ERROR - Task failed with exception
Traceback (most recent call last):
  File "/home/airflow/.local/lib/python3.12/site-packages/airflow/models/taskinstance.py", line 465, in _execute_task
    result = _execute_callable(context=context, **execute_callable_kwargs)
             ^^^^^^^^^^^^^^^^^^^^^^^^^^^^^^^^^^^^^^^^^^^^^^^^^^^^^^^^^^^^^
  File "/home/airflow/.local/lib/python3.12/site-packages/airflow/models/taskinstance.py", line 432, in _execute_callable
    return execute_callable(context=context, **execute_callable_kwargs)
           ^^^^^^^^^^^^^^^^^^^^^^^^^^^^^^^^^^^^^^^^^^^^^^^^^^^^^^^^^^^^
  File "/home/airflow/.local/lib/python3.12/site-packages/airflow/models/baseoperator.py", line 400, in wrapper
    return func(self, *args, **kwargs)
           ^^^^^^^^^^^^^^^^^^^^^^^^^^^
  File "/home/airflow/.local/lib/python3.12/site-packages/airflow/operators/bash.py", line 243, in execute
    raise AirflowException(
airflow.exceptions.AirflowException: Bash command failed. The command returned a non-zero exit code 1.
[2025-12-14T20:48:23.615+0000] {taskinstance.py:1205} INFO - Marking task as FAILED. dag_id=mfg_raw_ingestion_dag, task_id=ingest_raw_to_snowflake, execution_date=20251213T040000, start_date=20251214T204814, end_date=20251214T204823
[2025-12-14T20:48:23.630+0000] {standard_task_runner.py:110} ERROR - Failed to execute job 4 for task ingest_raw_to_snowflake (Bash command failed. The command returned a non-zero exit code 1.; 2071)
[2025-12-14T20:48:23.662+0000] {local_task_job_runner.py:240} INFO - Task exited with return code 1
[2025-12-14T20:48:23.687+0000] {taskinstance.py:3482} INFO - 0 downstream tasks scheduled from follow-on schedule check
[2025-12-14T20:48:23.694+0000] {local_task_job_runner.py:222} INFO - ::endgroup::
