[2025-12-16T00:42:06.023+0000] {local_task_job_runner.py:120} INFO - ::group::Pre task execution logs
[2025-12-16T00:42:06.055+0000] {taskinstance.py:2073} INFO - Dependencies all met for dep_context=non-requeueable deps ti=<TaskInstance: mfg_raw_ingestion_dag.ingest_raw_to_snowflake manual__2025-12-16T00:30:29.359965+00:00 [queued]>
[2025-12-16T00:42:06.063+0000] {taskinstance.py:2073} INFO - Dependencies all met for dep_context=requeueable deps ti=<TaskInstance: mfg_raw_ingestion_dag.ingest_raw_to_snowflake manual__2025-12-16T00:30:29.359965+00:00 [queued]>
[2025-12-16T00:42:06.064+0000] {taskinstance.py:2303} INFO - Starting attempt 1 of 3
[2025-12-16T00:42:06.079+0000] {taskinstance.py:2327} INFO - Executing <Task(BashOperator): ingest_raw_to_snowflake> on 2025-12-16 00:30:29.359965+00:00
[2025-12-16T00:42:06.087+0000] {standard_task_runner.py:90} INFO - Running: ['***', 'tasks', 'run', 'mfg_raw_ingestion_dag', 'ingest_raw_to_snowflake', 'manual__2025-12-16T00:30:29.359965+00:00', '--job-id', '7', '--raw', '--subdir', 'DAGS_FOLDER/mfg_raw_ingestion_dag.py', '--cfg-path', '/tmp/tmp7ktli9pr']
[2025-12-16T00:42:06.090+0000] {standard_task_runner.py:91} INFO - Job 7: Subtask ingest_raw_to_snowflake
[2025-12-16T00:42:06.091+0000] {logging_mixin.py:188} WARNING - /home/***/.local/lib/python3.12/site-packages/***/task/task_runner/standard_task_runner.py:61 DeprecationWarning: This process (pid=901) is multi-threaded, use of fork() may lead to deadlocks in the child.
[2025-12-16T00:42:06.092+0000] {standard_task_runner.py:63} INFO - Started process 902 to run task
[2025-12-16T00:42:06.150+0000] {task_command.py:426} INFO - Running <TaskInstance: mfg_raw_ingestion_dag.ingest_raw_to_snowflake manual__2025-12-16T00:30:29.359965+00:00 [running]> on host 24030efa02e6
[2025-12-16T00:42:06.275+0000] {taskinstance.py:2644} INFO - Exporting env vars: AIRFLOW_CTX_DAG_OWNER='data-engineering' AIRFLOW_CTX_DAG_ID='mfg_raw_ingestion_dag' AIRFLOW_CTX_TASK_ID='ingest_raw_to_snowflake' AIRFLOW_CTX_EXECUTION_DATE='2025-12-16T00:30:29.359965+00:00' AIRFLOW_CTX_TRY_NUMBER='1' AIRFLOW_CTX_DAG_RUN_ID='manual__2025-12-16T00:30:29.359965+00:00'
[2025-12-16T00:42:06.276+0000] {taskinstance.py:430} INFO - ::endgroup::
[2025-12-16T00:42:06.294+0000] {subprocess.py:63} INFO - Tmp dir root location: /tmp
[2025-12-16T00:42:06.296+0000] {subprocess.py:75} INFO - Running command: ['/usr/bin/bash', '-c', 'set -euo pipefail; python /opt/***/ingestion/python/load_raw_to_snowflake.py']
[2025-12-16T00:42:06.306+0000] {subprocess.py:86} INFO - Output:
[2025-12-16T00:42:08.272+0000] {subprocess.py:93} INFO - [INFO] 2025-12-16 00:42:08 - Loaded environment variables from /opt/***/.env
[2025-12-16T00:42:08.277+0000] {subprocess.py:93} INFO - [INFO] 2025-12-16 00:42:08 - Starting RAW load. load_id=d73deedc-3a59-49f9-95c8-c7ea61cfa249
[2025-12-16T00:42:08.278+0000] {subprocess.py:93} INFO - [INFO] 2025-12-16 00:42:08 - Using data directory: /opt/***/data/raw/source_system
[2025-12-16T00:42:08.278+0000] {subprocess.py:93} INFO - [INFO] 2025-12-16 00:42:08 - Connecting to Snowflake...
[2025-12-16T00:42:09.880+0000] {subprocess.py:93} INFO - [INFO] 2025-12-16 00:42:09 - Ensuring RAW tables exist...
[2025-12-16T00:42:10.856+0000] {subprocess.py:93} INFO - [INFO] 2025-12-16 00:42:10 - Ensuring run-aware columns exist (LOAD_RUN_ID, LOADED_AT)...
[2025-12-16T00:42:12.385+0000] {subprocess.py:93} INFO - [INFO] 2025-12-16 00:42:12 - RAW tables are ready (run-aware).
[2025-12-16T00:42:12.386+0000] {subprocess.py:93} INFO - [INFO] 2025-12-16 00:42:12 - Ensuring RAW_LOAD_AUDIT table exists...
[2025-12-16T00:42:12.661+0000] {subprocess.py:93} INFO - [INFO] 2025-12-16 00:42:12 - RAW_LOAD_AUDIT is ready.
[2025-12-16T00:42:12.674+0000] {subprocess.py:93} INFO - [INFO] 2025-12-16 00:42:12 - Read 500 rows from materials.csv
[2025-12-16T00:42:12.707+0000] {subprocess.py:93} INFO - [INFO] 2025-12-16 00:42:12 - Read 10,000 rows from batches.csv
[2025-12-16T00:42:12.755+0000] {subprocess.py:93} INFO - [INFO] 2025-12-16 00:42:12 - Read 10,000 rows from production_orders.csv
[2025-12-16T00:42:18.841+0000] {subprocess.py:93} INFO - [INFO] 2025-12-16 00:42:18 - [MATERIALS] Loaded 500 rows. load_id=d73deedc-3a59-49f9-95c8-c7ea61cfa249
[2025-12-16T00:42:23.589+0000] {subprocess.py:93} INFO - [INFO] 2025-12-16 00:42:23 - [BATCHES] Loaded 10,000 rows. load_id=d73deedc-3a59-49f9-95c8-c7ea61cfa249
[2025-12-16T00:42:28.267+0000] {subprocess.py:93} INFO - [INFO] 2025-12-16 00:42:28 - [PRODUCTION_ORDERS] Loaded 10,000 rows. load_id=d73deedc-3a59-49f9-95c8-c7ea61cfa249
[2025-12-16T00:42:28.268+0000] {subprocess.py:93} INFO - [INFO] 2025-12-16 00:42:28 - RAW ingestion completed successfully.
[2025-12-16T00:42:28.268+0000] {subprocess.py:93} INFO - [INFO] 2025-12-16 00:42:28 - load_id=d73deedc-3a59-49f9-95c8-c7ea61cfa249
[2025-12-16T00:42:28.760+0000] {subprocess.py:93} INFO - [INFO] 2025-12-16 00:42:28 - Snowflake connection closed.
[2025-12-16T00:42:28.901+0000] {subprocess.py:97} INFO - Command exited with return code 0
[2025-12-16T00:42:28.902+0000] {taskinstance.py:441} INFO - ::group::Post task execution logs
[2025-12-16T00:42:28.927+0000] {taskinstance.py:1205} INFO - Marking task as SUCCESS. dag_id=mfg_raw_ingestion_dag, task_id=ingest_raw_to_snowflake, execution_date=20251216T003029, start_date=20251216T004206, end_date=20251216T004228
[2025-12-16T00:42:28.975+0000] {local_task_job_runner.py:240} INFO - Task exited with return code 0
[2025-12-16T00:42:28.997+0000] {taskinstance.py:3482} INFO - 1 downstream tasks scheduled from follow-on schedule check
[2025-12-16T00:42:29.001+0000] {local_task_job_runner.py:222} INFO - ::endgroup::
