[2025-12-14T17:49:28.444+0000] {local_task_job_runner.py:120} INFO - ::group::Pre task execution logs
[2025-12-14T17:49:28.470+0000] {taskinstance.py:2073} INFO - Dependencies all met for dep_context=non-requeueable deps ti=<TaskInstance: mfg_data_quality_monitoring_dag.dq_alert_on_issues scheduled__2025-12-13T06:00:00+00:00 [queued]>
[2025-12-14T17:49:28.478+0000] {taskinstance.py:2073} INFO - Dependencies all met for dep_context=requeueable deps ti=<TaskInstance: mfg_data_quality_monitoring_dag.dq_alert_on_issues scheduled__2025-12-13T06:00:00+00:00 [queued]>
[2025-12-14T17:49:28.479+0000] {taskinstance.py:2303} INFO - Starting attempt 1 of 2
[2025-12-14T17:49:28.493+0000] {taskinstance.py:2327} INFO - Executing <Task(PythonOperator): dq_alert_on_issues> on 2025-12-13 06:00:00+00:00
[2025-12-14T17:49:28.503+0000] {logging_mixin.py:188} WARNING - /home/***/.local/lib/python3.12/site-packages/***/task/task_runner/standard_task_runner.py:61 DeprecationWarning: This process (pid=4744) is multi-threaded, use of fork() may lead to deadlocks in the child.
[2025-12-14T17:49:28.505+0000] {standard_task_runner.py:63} INFO - Started process 4747 to run task
[2025-12-14T17:49:28.503+0000] {standard_task_runner.py:90} INFO - Running: ['***', 'tasks', 'run', 'mfg_data_quality_monitoring_dag', 'dq_alert_on_issues', 'scheduled__2025-12-13T06:00:00+00:00', '--job-id', '59', '--raw', '--subdir', 'DAGS_FOLDER/mfg_data_quality_monitoring_dag.py', '--cfg-path', '/tmp/tmp0504jzaw']
[2025-12-14T17:49:28.506+0000] {standard_task_runner.py:91} INFO - Job 59: Subtask dq_alert_on_issues
[2025-12-14T17:49:28.559+0000] {task_command.py:426} INFO - Running <TaskInstance: mfg_data_quality_monitoring_dag.dq_alert_on_issues scheduled__2025-12-13T06:00:00+00:00 [running]> on host 1cab3e949a95
[2025-12-14T17:49:28.647+0000] {taskinstance.py:2644} INFO - Exporting env vars: AIRFLOW_CTX_DAG_OWNER='data-platform' AIRFLOW_CTX_DAG_ID='mfg_data_quality_monitoring_dag' AIRFLOW_CTX_TASK_ID='dq_alert_on_issues' AIRFLOW_CTX_EXECUTION_DATE='2025-12-13T06:00:00+00:00' AIRFLOW_CTX_TRY_NUMBER='1' AIRFLOW_CTX_DAG_RUN_ID='scheduled__2025-12-13T06:00:00+00:00'
[2025-12-14T17:49:28.648+0000] {taskinstance.py:430} INFO - ::endgroup::
[2025-12-14T17:49:28.671+0000] {logging_mixin.py:188} INFO - 🚦 *MFG Data Quality Report*
- dag_run_id: scheduled__2025-12-13T06:00:00+00:00
- run_ts_utc: 2025-12-14T17:49:22.202417
- errors: 0 | warnings: 1

⚠️ *WARNINGS* (showing up to 5)
- null_actual_start_date: {"check": "null_actual_start_date", "severity": "WARN", "null_count": 2120}
[2025-12-14T17:49:29.021+0000] {logging_mixin.py:188} INFO - [OK] Slack notification sent.
[2025-12-14T17:49:29.023+0000] {python.py:237} INFO - Done. Returned value was: None
[2025-12-14T17:49:29.024+0000] {taskinstance.py:441} INFO - ::group::Post task execution logs
[2025-12-14T17:49:29.036+0000] {taskinstance.py:1205} INFO - Marking task as SUCCESS. dag_id=mfg_data_quality_monitoring_dag, task_id=dq_alert_on_issues, execution_date=20251213T060000, start_date=20251214T174928, end_date=20251214T174929
[2025-12-14T17:49:29.081+0000] {local_task_job_runner.py:240} INFO - Task exited with return code 0
[2025-12-14T17:49:29.098+0000] {taskinstance.py:3482} INFO - 0 downstream tasks scheduled from follow-on schedule check
[2025-12-14T17:49:29.103+0000] {local_task_job_runner.py:222} INFO - ::endgroup::
