[2025-12-15T14:00:27.615+0000] {local_task_job_runner.py:120} INFO - ::group::Pre task execution logs
[2025-12-15T14:00:27.704+0000] {taskinstance.py:2073} INFO - Dependencies all met for dep_context=non-requeueable deps ti=<TaskInstance: mfg_raw_ingestion_dag.ingest_raw_to_snowflake manual__2025-12-15T14:00:27.031931+00:00 [queued]>
[2025-12-15T14:00:27.712+0000] {taskinstance.py:2073} INFO - Dependencies all met for dep_context=requeueable deps ti=<TaskInstance: mfg_raw_ingestion_dag.ingest_raw_to_snowflake manual__2025-12-15T14:00:27.031931+00:00 [queued]>
[2025-12-15T14:00:27.713+0000] {taskinstance.py:2303} INFO - Starting attempt 1 of 3
[2025-12-15T14:00:27.727+0000] {taskinstance.py:2327} INFO - Executing <Task(BashOperator): ingest_raw_to_snowflake> on 2025-12-15 14:00:27.031931+00:00
[2025-12-15T14:00:27.734+0000] {standard_task_runner.py:90} INFO - Running: ['***', 'tasks', 'run', 'mfg_raw_ingestion_dag', 'ingest_raw_to_snowflake', 'manual__2025-12-15T14:00:27.031931+00:00', '--job-id', '24', '--raw', '--subdir', 'DAGS_FOLDER/mfg_raw_ingestion_dag.py', '--cfg-path', '/tmp/tmp54e59joo']
[2025-12-15T14:00:27.739+0000] {standard_task_runner.py:91} INFO - Job 24: Subtask ingest_raw_to_snowflake
[2025-12-15T14:00:27.739+0000] {logging_mixin.py:188} WARNING - /home/***/.local/lib/python3.12/site-packages/***/task/task_runner/standard_task_runner.py:61 DeprecationWarning: This process (pid=1827) is multi-threaded, use of fork() may lead to deadlocks in the child.
[2025-12-15T14:00:27.740+0000] {standard_task_runner.py:63} INFO - Started process 1828 to run task
[2025-12-15T14:00:27.795+0000] {task_command.py:426} INFO - Running <TaskInstance: mfg_raw_ingestion_dag.ingest_raw_to_snowflake manual__2025-12-15T14:00:27.031931+00:00 [running]> on host 3799fda194bc
[2025-12-15T14:00:27.883+0000] {taskinstance.py:2644} INFO - Exporting env vars: AIRFLOW_CTX_DAG_OWNER='data-engineering' AIRFLOW_CTX_DAG_ID='mfg_raw_ingestion_dag' AIRFLOW_CTX_TASK_ID='ingest_raw_to_snowflake' AIRFLOW_CTX_EXECUTION_DATE='2025-12-15T14:00:27.031931+00:00' AIRFLOW_CTX_TRY_NUMBER='1' AIRFLOW_CTX_DAG_RUN_ID='manual__2025-12-15T14:00:27.031931+00:00'
[2025-12-15T14:00:27.884+0000] {taskinstance.py:430} INFO - ::endgroup::
[2025-12-15T14:00:27.900+0000] {subprocess.py:63} INFO - Tmp dir root location: /tmp
[2025-12-15T14:00:27.902+0000] {subprocess.py:75} INFO - Running command: ['/usr/bin/bash', '-c', 'set -euo pipefail; python /opt/***/ingestion/python/load_raw_to_snowflake.py']
[2025-12-15T14:00:27.911+0000] {subprocess.py:86} INFO - Output:
[2025-12-15T14:00:29.574+0000] {subprocess.py:93} INFO - [INFO] 2025-12-15 14:00:29 - Loaded environment variables from /opt/***/.env
[2025-12-15T14:00:29.581+0000] {subprocess.py:93} INFO - [INFO] 2025-12-15 14:00:29 - Starting RAW load. load_run_id=dcc812ff-3f46-42da-87b2-9b8366667c43
[2025-12-15T14:00:29.582+0000] {subprocess.py:93} INFO - [INFO] 2025-12-15 14:00:29 - Using data directory: /opt/***/data/raw/source_system
[2025-12-15T14:00:29.582+0000] {subprocess.py:93} INFO - [INFO] 2025-12-15 14:00:29 - Connecting to Snowflake...
[2025-12-15T14:00:31.056+0000] {subprocess.py:93} INFO - [INFO] 2025-12-15 14:00:31 - Ensuring RAW tables exist (run-aware append-only)...
[2025-12-15T14:00:32.248+0000] {subprocess.py:93} INFO - [INFO] 2025-12-15 14:00:32 - RAW tables are ready.
[2025-12-15T14:00:32.249+0000] {subprocess.py:93} INFO - [INFO] 2025-12-15 14:00:32 - Ensuring RAW_LOAD_AUDIT table exists...
[2025-12-15T14:00:32.523+0000] {subprocess.py:93} INFO - [INFO] 2025-12-15 14:00:32 - RAW_LOAD_AUDIT is ready.
[2025-12-15T14:00:32.535+0000] {subprocess.py:93} INFO - [INFO] 2025-12-15 14:00:32 - Read 500 rows from materials.csv
[2025-12-15T14:00:32.563+0000] {subprocess.py:93} INFO - [INFO] 2025-12-15 14:00:32 - Read 10,000 rows from batches.csv
[2025-12-15T14:00:32.598+0000] {subprocess.py:93} INFO - [INFO] 2025-12-15 14:00:32 - Read 10,000 rows from production_orders.csv
[2025-12-15T14:00:37.812+0000] {subprocess.py:93} INFO - [ERROR] 2025-12-15 14:00:37 - [MATERIALS] Load failed: 000904 (42000): SQL compilation error: error line 2 at position 11
[2025-12-15T14:00:37.812+0000] {subprocess.py:93} INFO - invalid identifier 'LOAD_RUN_ID'
[2025-12-15T14:00:37.812+0000] {subprocess.py:93} INFO - Traceback (most recent call last):
[2025-12-15T14:00:37.813+0000] {subprocess.py:93} INFO -   File "/opt/***/ingestion/python/load_raw_to_snowflake.py", line 272, in load_df
[2025-12-15T14:00:37.813+0000] {subprocess.py:93} INFO -     _audit(cur, load_run_id, source_file, table_name, rows_read, int(rows_loaded), "SUCCESS", None)
[2025-12-15T14:00:37.814+0000] {subprocess.py:93} INFO -   File "/opt/***/ingestion/python/load_raw_to_snowflake.py", line 220, in _audit
[2025-12-15T14:00:37.814+0000] {subprocess.py:93} INFO -     cur.execute(
[2025-12-15T14:00:37.814+0000] {subprocess.py:93} INFO -   File "/home/***/.local/lib/python3.12/site-packages/snowflake/connector/cursor.py", line 1134, in execute
[2025-12-15T14:00:37.815+0000] {subprocess.py:93} INFO -     Error.errorhandler_wrapper(self.connection, self, error_class, errvalue)
[2025-12-15T14:00:37.815+0000] {subprocess.py:93} INFO -   File "/home/***/.local/lib/python3.12/site-packages/snowflake/connector/errors.py", line 286, in errorhandler_wrapper
[2025-12-15T14:00:37.816+0000] {subprocess.py:93} INFO -     handed_over = Error.hand_to_other_handler(
[2025-12-15T14:00:37.816+0000] {subprocess.py:93} INFO -                   ^^^^^^^^^^^^^^^^^^^^^^^^^^^^
[2025-12-15T14:00:37.816+0000] {subprocess.py:93} INFO -   File "/home/***/.local/lib/python3.12/site-packages/snowflake/connector/errors.py", line 341, in hand_to_other_handler
[2025-12-15T14:00:37.817+0000] {subprocess.py:93} INFO -     cursor.errorhandler(connection, cursor, error_class, error_value)
[2025-12-15T14:00:37.817+0000] {subprocess.py:93} INFO -   File "/home/***/.local/lib/python3.12/site-packages/snowflake/connector/errors.py", line 217, in default_errorhandler
[2025-12-15T14:00:37.817+0000] {subprocess.py:93} INFO -     raise error_class(
[2025-12-15T14:00:37.818+0000] {subprocess.py:93} INFO - snowflake.connector.errors.ProgrammingError: 000904 (42000): SQL compilation error: error line 2 at position 11
[2025-12-15T14:00:37.818+0000] {subprocess.py:93} INFO - invalid identifier 'LOAD_RUN_ID'
[2025-12-15T14:00:38.172+0000] {subprocess.py:93} INFO - [ERROR] 2025-12-15 14:00:38 - [MATERIALS] Also failed to write audit row: 000904 (42000): SQL compilation error: error line 2 at position 11
[2025-12-15T14:00:38.172+0000] {subprocess.py:93} INFO - invalid identifier 'LOAD_RUN_ID'
[2025-12-15T14:00:43.282+0000] {subprocess.py:93} INFO - [ERROR] 2025-12-15 14:00:43 - [BATCHES] Load failed: 000904 (42000): SQL compilation error: error line 2 at position 11
[2025-12-15T14:00:43.282+0000] {subprocess.py:93} INFO - invalid identifier 'LOAD_RUN_ID'
[2025-12-15T14:00:43.283+0000] {subprocess.py:93} INFO - Traceback (most recent call last):
[2025-12-15T14:00:43.284+0000] {subprocess.py:93} INFO -   File "/opt/***/ingestion/python/load_raw_to_snowflake.py", line 272, in load_df
[2025-12-15T14:00:43.285+0000] {subprocess.py:93} INFO -     _audit(cur, load_run_id, source_file, table_name, rows_read, int(rows_loaded), "SUCCESS", None)
[2025-12-15T14:00:43.285+0000] {subprocess.py:93} INFO -   File "/opt/***/ingestion/python/load_raw_to_snowflake.py", line 220, in _audit
[2025-12-15T14:00:43.286+0000] {subprocess.py:93} INFO -     cur.execute(
[2025-12-15T14:00:43.287+0000] {subprocess.py:93} INFO -   File "/home/***/.local/lib/python3.12/site-packages/snowflake/connector/cursor.py", line 1134, in execute
[2025-12-15T14:00:43.288+0000] {subprocess.py:93} INFO -     Error.errorhandler_wrapper(self.connection, self, error_class, errvalue)
[2025-12-15T14:00:43.288+0000] {subprocess.py:93} INFO -   File "/home/***/.local/lib/python3.12/site-packages/snowflake/connector/errors.py", line 286, in errorhandler_wrapper
[2025-12-15T14:00:43.289+0000] {subprocess.py:93} INFO -     handed_over = Error.hand_to_other_handler(
[2025-12-15T14:00:43.290+0000] {subprocess.py:93} INFO -                   ^^^^^^^^^^^^^^^^^^^^^^^^^^^^
[2025-12-15T14:00:43.290+0000] {subprocess.py:93} INFO -   File "/home/***/.local/lib/python3.12/site-packages/snowflake/connector/errors.py", line 341, in hand_to_other_handler
[2025-12-15T14:00:43.291+0000] {subprocess.py:93} INFO -     cursor.errorhandler(connection, cursor, error_class, error_value)
[2025-12-15T14:00:43.292+0000] {subprocess.py:93} INFO -   File "/home/***/.local/lib/python3.12/site-packages/snowflake/connector/errors.py", line 217, in default_errorhandler
[2025-12-15T14:00:43.293+0000] {subprocess.py:93} INFO -     raise error_class(
[2025-12-15T14:00:43.294+0000] {subprocess.py:93} INFO - snowflake.connector.errors.ProgrammingError: 000904 (42000): SQL compilation error: error line 2 at position 11
[2025-12-15T14:00:43.295+0000] {subprocess.py:93} INFO - invalid identifier 'LOAD_RUN_ID'
[2025-12-15T14:00:43.508+0000] {subprocess.py:93} INFO - [ERROR] 2025-12-15 14:00:43 - [BATCHES] Also failed to write audit row: 000904 (42000): SQL compilation error: error line 2 at position 11
[2025-12-15T14:00:43.509+0000] {subprocess.py:93} INFO - invalid identifier 'LOAD_RUN_ID'
[2025-12-15T14:00:48.135+0000] {subprocess.py:93} INFO - [ERROR] 2025-12-15 14:00:48 - [PRODUCTION_ORDERS] Load failed: 000904 (42000): SQL compilation error: error line 2 at position 11
[2025-12-15T14:00:48.136+0000] {subprocess.py:93} INFO - invalid identifier 'LOAD_RUN_ID'
[2025-12-15T14:00:48.137+0000] {subprocess.py:93} INFO - Traceback (most recent call last):
[2025-12-15T14:00:48.137+0000] {subprocess.py:93} INFO -   File "/opt/***/ingestion/python/load_raw_to_snowflake.py", line 272, in load_df
[2025-12-15T14:00:48.137+0000] {subprocess.py:93} INFO -     _audit(cur, load_run_id, source_file, table_name, rows_read, int(rows_loaded), "SUCCESS", None)
[2025-12-15T14:00:48.138+0000] {subprocess.py:93} INFO -   File "/opt/***/ingestion/python/load_raw_to_snowflake.py", line 220, in _audit
[2025-12-15T14:00:48.138+0000] {subprocess.py:93} INFO -     cur.execute(
[2025-12-15T14:00:48.139+0000] {subprocess.py:93} INFO -   File "/home/***/.local/lib/python3.12/site-packages/snowflake/connector/cursor.py", line 1134, in execute
[2025-12-15T14:00:48.139+0000] {subprocess.py:93} INFO -     Error.errorhandler_wrapper(self.connection, self, error_class, errvalue)
[2025-12-15T14:00:48.140+0000] {subprocess.py:93} INFO -   File "/home/***/.local/lib/python3.12/site-packages/snowflake/connector/errors.py", line 286, in errorhandler_wrapper
[2025-12-15T14:00:48.140+0000] {subprocess.py:93} INFO -     handed_over = Error.hand_to_other_handler(
[2025-12-15T14:00:48.140+0000] {subprocess.py:93} INFO -                   ^^^^^^^^^^^^^^^^^^^^^^^^^^^^
[2025-12-15T14:00:48.141+0000] {subprocess.py:93} INFO -   File "/home/***/.local/lib/python3.12/site-packages/snowflake/connector/errors.py", line 341, in hand_to_other_handler
[2025-12-15T14:00:48.142+0000] {subprocess.py:93} INFO -     cursor.errorhandler(connection, cursor, error_class, error_value)
[2025-12-15T14:00:48.142+0000] {subprocess.py:93} INFO -   File "/home/***/.local/lib/python3.12/site-packages/snowflake/connector/errors.py", line 217, in default_errorhandler
[2025-12-15T14:00:48.143+0000] {subprocess.py:93} INFO -     raise error_class(
[2025-12-15T14:00:48.143+0000] {subprocess.py:93} INFO - snowflake.connector.errors.ProgrammingError: 000904 (42000): SQL compilation error: error line 2 at position 11
[2025-12-15T14:00:48.144+0000] {subprocess.py:93} INFO - invalid identifier 'LOAD_RUN_ID'
[2025-12-15T14:00:48.391+0000] {subprocess.py:93} INFO - [ERROR] 2025-12-15 14:00:48 - [PRODUCTION_ORDERS] Also failed to write audit row: 000904 (42000): SQL compilation error: error line 2 at position 11
[2025-12-15T14:00:48.391+0000] {subprocess.py:93} INFO - invalid identifier 'LOAD_RUN_ID'
[2025-12-15T14:00:48.814+0000] {subprocess.py:93} INFO - [INFO] 2025-12-15 14:00:48 - Snowflake connection closed.
[2025-12-15T14:00:48.968+0000] {subprocess.py:97} INFO - Command exited with return code 1
[2025-12-15T14:00:48.969+0000] {taskinstance.py:441} INFO - ::group::Post task execution logs
[2025-12-15T14:00:48.978+0000] {taskinstance.py:2890} ERROR - Task failed with exception
Traceback (most recent call last):
  File "/home/airflow/.local/lib/python3.12/site-packages/airflow/models/taskinstance.py", line 460, in _execute_task
    result = _execute_callable(context=context, **execute_callable_kwargs)
             ^^^^^^^^^^^^^^^^^^^^^^^^^^^^^^^^^^^^^^^^^^^^^^^^^^^^^^^^^^^^^
  File "/home/airflow/.local/lib/python3.12/site-packages/airflow/models/taskinstance.py", line 432, in _execute_callable
    return execute_callable(context=context, **execute_callable_kwargs)
           ^^^^^^^^^^^^^^^^^^^^^^^^^^^^^^^^^^^^^^^^^^^^^^^^^^^^^^^^^^^^
  File "/home/airflow/.local/lib/python3.12/site-packages/airflow/models/baseoperator.py", line 400, in wrapper
    return func(self, *args, **kwargs)
           ^^^^^^^^^^^^^^^^^^^^^^^^^^^
  File "/home/airflow/.local/lib/python3.12/site-packages/airflow/operators/bash.py", line 243, in execute
    raise AirflowException(
airflow.exceptions.AirflowException: Bash command failed. The command returned a non-zero exit code 1.
[2025-12-15T14:00:48.981+0000] {taskinstance.py:1205} INFO - Marking task as UP_FOR_RETRY. dag_id=mfg_raw_ingestion_dag, task_id=ingest_raw_to_snowflake, execution_date=20251215T140027, start_date=20251215T140027, end_date=20251215T140048
[2025-12-15T14:00:48.996+0000] {standard_task_runner.py:110} ERROR - Failed to execute job 24 for task ingest_raw_to_snowflake (Bash command failed. The command returned a non-zero exit code 1.; 1828)
[2025-12-15T14:00:49.019+0000] {local_task_job_runner.py:240} INFO - Task exited with return code 1
[2025-12-15T14:00:49.036+0000] {taskinstance.py:3482} INFO - 0 downstream tasks scheduled from follow-on schedule check
[2025-12-15T14:00:49.041+0000] {local_task_job_runner.py:222} INFO - ::endgroup::
