[2025-12-15T14:11:10.634+0000] {local_task_job_runner.py:120} INFO - ::group::Pre task execution logs
[2025-12-15T14:11:10.662+0000] {taskinstance.py:2073} INFO - Dependencies all met for dep_context=non-requeueable deps ti=<TaskInstance: mfg_raw_ingestion_dag.ingest_raw_to_snowflake manual__2025-12-15T14:00:27.031931+00:00 [queued]>
[2025-12-15T14:11:10.669+0000] {taskinstance.py:2073} INFO - Dependencies all met for dep_context=requeueable deps ti=<TaskInstance: mfg_raw_ingestion_dag.ingest_raw_to_snowflake manual__2025-12-15T14:00:27.031931+00:00 [queued]>
[2025-12-15T14:11:10.670+0000] {taskinstance.py:2303} INFO - Starting attempt 3 of 3
[2025-12-15T14:11:10.684+0000] {taskinstance.py:2327} INFO - Executing <Task(BashOperator): ingest_raw_to_snowflake> on 2025-12-15 14:00:27.031931+00:00
[2025-12-15T14:11:10.690+0000] {standard_task_runner.py:90} INFO - Running: ['***', 'tasks', 'run', 'mfg_raw_ingestion_dag', 'ingest_raw_to_snowflake', 'manual__2025-12-15T14:00:27.031931+00:00', '--job-id', '26', '--raw', '--subdir', 'DAGS_FOLDER/mfg_raw_ingestion_dag.py', '--cfg-path', '/tmp/tmpa6efkceo']
[2025-12-15T14:11:10.692+0000] {standard_task_runner.py:91} INFO - Job 26: Subtask ingest_raw_to_snowflake
[2025-12-15T14:11:10.693+0000] {logging_mixin.py:188} WARNING - /home/***/.local/lib/python3.12/site-packages/***/task/task_runner/standard_task_runner.py:61 DeprecationWarning: This process (pid=2359) is multi-threaded, use of fork() may lead to deadlocks in the child.
[2025-12-15T14:11:10.694+0000] {standard_task_runner.py:63} INFO - Started process 2360 to run task
[2025-12-15T14:11:10.737+0000] {task_command.py:426} INFO - Running <TaskInstance: mfg_raw_ingestion_dag.ingest_raw_to_snowflake manual__2025-12-15T14:00:27.031931+00:00 [running]> on host 3799fda194bc
[2025-12-15T14:11:10.807+0000] {taskinstance.py:2644} INFO - Exporting env vars: AIRFLOW_CTX_DAG_OWNER='data-engineering' AIRFLOW_CTX_DAG_ID='mfg_raw_ingestion_dag' AIRFLOW_CTX_TASK_ID='ingest_raw_to_snowflake' AIRFLOW_CTX_EXECUTION_DATE='2025-12-15T14:00:27.031931+00:00' AIRFLOW_CTX_TRY_NUMBER='3' AIRFLOW_CTX_DAG_RUN_ID='manual__2025-12-15T14:00:27.031931+00:00'
[2025-12-15T14:11:10.808+0000] {taskinstance.py:430} INFO - ::endgroup::
[2025-12-15T14:11:10.822+0000] {subprocess.py:63} INFO - Tmp dir root location: /tmp
[2025-12-15T14:11:10.823+0000] {subprocess.py:75} INFO - Running command: ['/usr/bin/bash', '-c', 'set -euo pipefail; python /opt/***/ingestion/python/load_raw_to_snowflake.py']
[2025-12-15T14:11:10.832+0000] {subprocess.py:86} INFO - Output:
[2025-12-15T14:11:12.365+0000] {subprocess.py:93} INFO - [INFO] 2025-12-15 14:11:12 - Loaded environment variables from /opt/***/.env
[2025-12-15T14:11:12.371+0000] {subprocess.py:93} INFO - [INFO] 2025-12-15 14:11:12 - Starting RAW load. load_run_id=9f2a91d4-0b90-4911-9ce8-63ffea423d2f
[2025-12-15T14:11:12.372+0000] {subprocess.py:93} INFO - [INFO] 2025-12-15 14:11:12 - Using data directory: /opt/***/data/raw/source_system
[2025-12-15T14:11:12.373+0000] {subprocess.py:93} INFO - [INFO] 2025-12-15 14:11:12 - Connecting to Snowflake...
[2025-12-15T14:11:13.978+0000] {subprocess.py:93} INFO - [INFO] 2025-12-15 14:11:13 - Ensuring RAW tables exist (run-aware append-only)...
[2025-12-15T14:11:15.370+0000] {subprocess.py:93} INFO - [INFO] 2025-12-15 14:11:15 - RAW tables are ready.
[2025-12-15T14:11:15.370+0000] {subprocess.py:93} INFO - [INFO] 2025-12-15 14:11:15 - Ensuring RAW_LOAD_AUDIT table exists...
[2025-12-15T14:11:15.688+0000] {subprocess.py:93} INFO - [INFO] 2025-12-15 14:11:15 - RAW_LOAD_AUDIT is ready.
[2025-12-15T14:11:15.708+0000] {subprocess.py:93} INFO - [INFO] 2025-12-15 14:11:15 - Read 500 rows from materials.csv
[2025-12-15T14:11:15.736+0000] {subprocess.py:93} INFO - [INFO] 2025-12-15 14:11:15 - Read 10,000 rows from batches.csv
[2025-12-15T14:11:15.765+0000] {subprocess.py:93} INFO - [INFO] 2025-12-15 14:11:15 - Read 10,000 rows from production_orders.csv
[2025-12-15T14:11:21.105+0000] {subprocess.py:93} INFO - [ERROR] 2025-12-15 14:11:21 - [MATERIALS] Load failed: 000904 (42000): SQL compilation error: error line 2 at position 11
[2025-12-15T14:11:21.105+0000] {subprocess.py:93} INFO - invalid identifier 'LOAD_RUN_ID'
[2025-12-15T14:11:21.106+0000] {subprocess.py:93} INFO - Traceback (most recent call last):
[2025-12-15T14:11:21.106+0000] {subprocess.py:93} INFO -   File "/opt/***/ingestion/python/load_raw_to_snowflake.py", line 272, in load_df
[2025-12-15T14:11:21.107+0000] {subprocess.py:93} INFO -     _audit(cur, load_run_id, source_file, table_name, rows_read, int(rows_loaded), "SUCCESS", None)
[2025-12-15T14:11:21.107+0000] {subprocess.py:93} INFO -   File "/opt/***/ingestion/python/load_raw_to_snowflake.py", line 220, in _audit
[2025-12-15T14:11:21.107+0000] {subprocess.py:93} INFO -     cur.execute(
[2025-12-15T14:11:21.108+0000] {subprocess.py:93} INFO -   File "/home/***/.local/lib/python3.12/site-packages/snowflake/connector/cursor.py", line 1134, in execute
[2025-12-15T14:11:21.108+0000] {subprocess.py:93} INFO -     Error.errorhandler_wrapper(self.connection, self, error_class, errvalue)
[2025-12-15T14:11:21.108+0000] {subprocess.py:93} INFO -   File "/home/***/.local/lib/python3.12/site-packages/snowflake/connector/errors.py", line 286, in errorhandler_wrapper
[2025-12-15T14:11:21.109+0000] {subprocess.py:93} INFO -     handed_over = Error.hand_to_other_handler(
[2025-12-15T14:11:21.109+0000] {subprocess.py:93} INFO -                   ^^^^^^^^^^^^^^^^^^^^^^^^^^^^
[2025-12-15T14:11:21.109+0000] {subprocess.py:93} INFO -   File "/home/***/.local/lib/python3.12/site-packages/snowflake/connector/errors.py", line 341, in hand_to_other_handler
[2025-12-15T14:11:21.110+0000] {subprocess.py:93} INFO -     cursor.errorhandler(connection, cursor, error_class, error_value)
[2025-12-15T14:11:21.110+0000] {subprocess.py:93} INFO -   File "/home/***/.local/lib/python3.12/site-packages/snowflake/connector/errors.py", line 217, in default_errorhandler
[2025-12-15T14:11:21.110+0000] {subprocess.py:93} INFO -     raise error_class(
[2025-12-15T14:11:21.111+0000] {subprocess.py:93} INFO - snowflake.connector.errors.ProgrammingError: 000904 (42000): SQL compilation error: error line 2 at position 11
[2025-12-15T14:11:21.111+0000] {subprocess.py:93} INFO - invalid identifier 'LOAD_RUN_ID'
[2025-12-15T14:11:21.391+0000] {subprocess.py:93} INFO - [ERROR] 2025-12-15 14:11:21 - [MATERIALS] Also failed to write audit row: 000904 (42000): SQL compilation error: error line 2 at position 11
[2025-12-15T14:11:21.392+0000] {subprocess.py:93} INFO - invalid identifier 'LOAD_RUN_ID'
[2025-12-15T14:11:26.448+0000] {subprocess.py:93} INFO - [ERROR] 2025-12-15 14:11:26 - [BATCHES] Load failed: 000904 (42000): SQL compilation error: error line 2 at position 11
[2025-12-15T14:11:26.448+0000] {subprocess.py:93} INFO - invalid identifier 'LOAD_RUN_ID'
[2025-12-15T14:11:26.449+0000] {subprocess.py:93} INFO - Traceback (most recent call last):
[2025-12-15T14:11:26.449+0000] {subprocess.py:93} INFO -   File "/opt/***/ingestion/python/load_raw_to_snowflake.py", line 272, in load_df
[2025-12-15T14:11:26.450+0000] {subprocess.py:93} INFO -     _audit(cur, load_run_id, source_file, table_name, rows_read, int(rows_loaded), "SUCCESS", None)
[2025-12-15T14:11:26.450+0000] {subprocess.py:93} INFO -   File "/opt/***/ingestion/python/load_raw_to_snowflake.py", line 220, in _audit
[2025-12-15T14:11:26.451+0000] {subprocess.py:93} INFO -     cur.execute(
[2025-12-15T14:11:26.451+0000] {subprocess.py:93} INFO -   File "/home/***/.local/lib/python3.12/site-packages/snowflake/connector/cursor.py", line 1134, in execute
[2025-12-15T14:11:26.452+0000] {subprocess.py:93} INFO -     Error.errorhandler_wrapper(self.connection, self, error_class, errvalue)
[2025-12-15T14:11:26.452+0000] {subprocess.py:93} INFO -   File "/home/***/.local/lib/python3.12/site-packages/snowflake/connector/errors.py", line 286, in errorhandler_wrapper
[2025-12-15T14:11:26.453+0000] {subprocess.py:93} INFO -     handed_over = Error.hand_to_other_handler(
[2025-12-15T14:11:26.453+0000] {subprocess.py:93} INFO -                   ^^^^^^^^^^^^^^^^^^^^^^^^^^^^
[2025-12-15T14:11:26.454+0000] {subprocess.py:93} INFO -   File "/home/***/.local/lib/python3.12/site-packages/snowflake/connector/errors.py", line 341, in hand_to_other_handler
[2025-12-15T14:11:26.454+0000] {subprocess.py:93} INFO -     cursor.errorhandler(connection, cursor, error_class, error_value)
[2025-12-15T14:11:26.455+0000] {subprocess.py:93} INFO -   File "/home/***/.local/lib/python3.12/site-packages/snowflake/connector/errors.py", line 217, in default_errorhandler
[2025-12-15T14:11:26.455+0000] {subprocess.py:93} INFO -     raise error_class(
[2025-12-15T14:11:26.456+0000] {subprocess.py:93} INFO - snowflake.connector.errors.ProgrammingError: 000904 (42000): SQL compilation error: error line 2 at position 11
[2025-12-15T14:11:26.456+0000] {subprocess.py:93} INFO - invalid identifier 'LOAD_RUN_ID'
[2025-12-15T14:11:26.681+0000] {subprocess.py:93} INFO - [ERROR] 2025-12-15 14:11:26 - [BATCHES] Also failed to write audit row: 000904 (42000): SQL compilation error: error line 2 at position 11
[2025-12-15T14:11:26.682+0000] {subprocess.py:93} INFO - invalid identifier 'LOAD_RUN_ID'
[2025-12-15T14:11:31.275+0000] {subprocess.py:93} INFO - [ERROR] 2025-12-15 14:11:31 - [PRODUCTION_ORDERS] Load failed: 000904 (42000): SQL compilation error: error line 2 at position 11
[2025-12-15T14:11:31.276+0000] {subprocess.py:93} INFO - invalid identifier 'LOAD_RUN_ID'
[2025-12-15T14:11:31.276+0000] {subprocess.py:93} INFO - Traceback (most recent call last):
[2025-12-15T14:11:31.276+0000] {subprocess.py:93} INFO -   File "/opt/***/ingestion/python/load_raw_to_snowflake.py", line 272, in load_df
[2025-12-15T14:11:31.277+0000] {subprocess.py:93} INFO -     _audit(cur, load_run_id, source_file, table_name, rows_read, int(rows_loaded), "SUCCESS", None)
[2025-12-15T14:11:31.278+0000] {subprocess.py:93} INFO -   File "/opt/***/ingestion/python/load_raw_to_snowflake.py", line 220, in _audit
[2025-12-15T14:11:31.278+0000] {subprocess.py:93} INFO -     cur.execute(
[2025-12-15T14:11:31.279+0000] {subprocess.py:93} INFO -   File "/home/***/.local/lib/python3.12/site-packages/snowflake/connector/cursor.py", line 1134, in execute
[2025-12-15T14:11:31.279+0000] {subprocess.py:93} INFO -     Error.errorhandler_wrapper(self.connection, self, error_class, errvalue)
[2025-12-15T14:11:31.279+0000] {subprocess.py:93} INFO -   File "/home/***/.local/lib/python3.12/site-packages/snowflake/connector/errors.py", line 286, in errorhandler_wrapper
[2025-12-15T14:11:31.280+0000] {subprocess.py:93} INFO -     handed_over = Error.hand_to_other_handler(
[2025-12-15T14:11:31.280+0000] {subprocess.py:93} INFO -                   ^^^^^^^^^^^^^^^^^^^^^^^^^^^^
[2025-12-15T14:11:31.281+0000] {subprocess.py:93} INFO -   File "/home/***/.local/lib/python3.12/site-packages/snowflake/connector/errors.py", line 341, in hand_to_other_handler
[2025-12-15T14:11:31.281+0000] {subprocess.py:93} INFO -     cursor.errorhandler(connection, cursor, error_class, error_value)
[2025-12-15T14:11:31.282+0000] {subprocess.py:93} INFO -   File "/home/***/.local/lib/python3.12/site-packages/snowflake/connector/errors.py", line 217, in default_errorhandler
[2025-12-15T14:11:31.282+0000] {subprocess.py:93} INFO -     raise error_class(
[2025-12-15T14:11:31.283+0000] {subprocess.py:93} INFO - snowflake.connector.errors.ProgrammingError: 000904 (42000): SQL compilation error: error line 2 at position 11
[2025-12-15T14:11:31.283+0000] {subprocess.py:93} INFO - invalid identifier 'LOAD_RUN_ID'
[2025-12-15T14:11:31.504+0000] {subprocess.py:93} INFO - [ERROR] 2025-12-15 14:11:31 - [PRODUCTION_ORDERS] Also failed to write audit row: 000904 (42000): SQL compilation error: error line 2 at position 11
[2025-12-15T14:11:31.504+0000] {subprocess.py:93} INFO - invalid identifier 'LOAD_RUN_ID'
[2025-12-15T14:11:31.915+0000] {subprocess.py:93} INFO - [INFO] 2025-12-15 14:11:31 - Snowflake connection closed.
[2025-12-15T14:11:32.069+0000] {subprocess.py:97} INFO - Command exited with return code 1
[2025-12-15T14:11:32.070+0000] {taskinstance.py:441} INFO - ::group::Post task execution logs
[2025-12-15T14:11:32.078+0000] {taskinstance.py:2890} ERROR - Task failed with exception
Traceback (most recent call last):
  File "/home/airflow/.local/lib/python3.12/site-packages/airflow/models/taskinstance.py", line 460, in _execute_task
    result = _execute_callable(context=context, **execute_callable_kwargs)
             ^^^^^^^^^^^^^^^^^^^^^^^^^^^^^^^^^^^^^^^^^^^^^^^^^^^^^^^^^^^^^
  File "/home/airflow/.local/lib/python3.12/site-packages/airflow/models/taskinstance.py", line 432, in _execute_callable
    return execute_callable(context=context, **execute_callable_kwargs)
           ^^^^^^^^^^^^^^^^^^^^^^^^^^^^^^^^^^^^^^^^^^^^^^^^^^^^^^^^^^^^
  File "/home/airflow/.local/lib/python3.12/site-packages/airflow/models/baseoperator.py", line 400, in wrapper
    return func(self, *args, **kwargs)
           ^^^^^^^^^^^^^^^^^^^^^^^^^^^
  File "/home/airflow/.local/lib/python3.12/site-packages/airflow/operators/bash.py", line 243, in execute
    raise AirflowException(
airflow.exceptions.AirflowException: Bash command failed. The command returned a non-zero exit code 1.
[2025-12-15T14:11:32.082+0000] {taskinstance.py:1205} INFO - Marking task as FAILED. dag_id=mfg_raw_ingestion_dag, task_id=ingest_raw_to_snowflake, execution_date=20251215T140027, start_date=20251215T141110, end_date=20251215T141132
[2025-12-15T14:11:32.095+0000] {standard_task_runner.py:110} ERROR - Failed to execute job 26 for task ingest_raw_to_snowflake (Bash command failed. The command returned a non-zero exit code 1.; 2360)
[2025-12-15T14:11:32.135+0000] {local_task_job_runner.py:240} INFO - Task exited with return code 1
[2025-12-15T14:11:32.158+0000] {taskinstance.py:3482} INFO - 0 downstream tasks scheduled from follow-on schedule check
[2025-12-15T14:11:32.165+0000] {local_task_job_runner.py:222} INFO - ::endgroup::
