[2025-12-15T14:05:49.791+0000] {local_task_job_runner.py:120} INFO - ::group::Pre task execution logs
[2025-12-15T14:05:49.819+0000] {taskinstance.py:2073} INFO - Dependencies all met for dep_context=non-requeueable deps ti=<TaskInstance: mfg_raw_ingestion_dag.ingest_raw_to_snowflake manual__2025-12-15T14:00:27.031931+00:00 [queued]>
[2025-12-15T14:05:49.827+0000] {taskinstance.py:2073} INFO - Dependencies all met for dep_context=requeueable deps ti=<TaskInstance: mfg_raw_ingestion_dag.ingest_raw_to_snowflake manual__2025-12-15T14:00:27.031931+00:00 [queued]>
[2025-12-15T14:05:49.828+0000] {taskinstance.py:2303} INFO - Starting attempt 2 of 3
[2025-12-15T14:05:49.842+0000] {taskinstance.py:2327} INFO - Executing <Task(BashOperator): ingest_raw_to_snowflake> on 2025-12-15 14:00:27.031931+00:00
[2025-12-15T14:05:49.849+0000] {standard_task_runner.py:90} INFO - Running: ['***', 'tasks', 'run', 'mfg_raw_ingestion_dag', 'ingest_raw_to_snowflake', 'manual__2025-12-15T14:00:27.031931+00:00', '--job-id', '25', '--raw', '--subdir', 'DAGS_FOLDER/mfg_raw_ingestion_dag.py', '--cfg-path', '/tmp/tmpczgd_zob']
[2025-12-15T14:05:49.852+0000] {standard_task_runner.py:91} INFO - Job 25: Subtask ingest_raw_to_snowflake
[2025-12-15T14:05:49.853+0000] {logging_mixin.py:188} WARNING - /home/***/.local/lib/python3.12/site-packages/***/task/task_runner/standard_task_runner.py:61 DeprecationWarning: This process (pid=2097) is multi-threaded, use of fork() may lead to deadlocks in the child.
[2025-12-15T14:05:49.855+0000] {standard_task_runner.py:63} INFO - Started process 2098 to run task
[2025-12-15T14:05:49.904+0000] {task_command.py:426} INFO - Running <TaskInstance: mfg_raw_ingestion_dag.ingest_raw_to_snowflake manual__2025-12-15T14:00:27.031931+00:00 [running]> on host 3799fda194bc
[2025-12-15T14:05:49.975+0000] {taskinstance.py:2644} INFO - Exporting env vars: AIRFLOW_CTX_DAG_OWNER='data-engineering' AIRFLOW_CTX_DAG_ID='mfg_raw_ingestion_dag' AIRFLOW_CTX_TASK_ID='ingest_raw_to_snowflake' AIRFLOW_CTX_EXECUTION_DATE='2025-12-15T14:00:27.031931+00:00' AIRFLOW_CTX_TRY_NUMBER='2' AIRFLOW_CTX_DAG_RUN_ID='manual__2025-12-15T14:00:27.031931+00:00'
[2025-12-15T14:05:49.977+0000] {taskinstance.py:430} INFO - ::endgroup::
[2025-12-15T14:05:49.993+0000] {subprocess.py:63} INFO - Tmp dir root location: /tmp
[2025-12-15T14:05:49.994+0000] {subprocess.py:75} INFO - Running command: ['/usr/bin/bash', '-c', 'set -euo pipefail; python /opt/***/ingestion/python/load_raw_to_snowflake.py']
[2025-12-15T14:05:50.002+0000] {subprocess.py:86} INFO - Output:
[2025-12-15T14:05:51.431+0000] {subprocess.py:93} INFO - [INFO] 2025-12-15 14:05:51 - Loaded environment variables from /opt/***/.env
[2025-12-15T14:05:51.435+0000] {subprocess.py:93} INFO - [INFO] 2025-12-15 14:05:51 - Starting RAW load. load_run_id=96805068-88d2-49a0-99eb-ab7917c4cffb
[2025-12-15T14:05:51.435+0000] {subprocess.py:93} INFO - [INFO] 2025-12-15 14:05:51 - Using data directory: /opt/***/data/raw/source_system
[2025-12-15T14:05:51.436+0000] {subprocess.py:93} INFO - [INFO] 2025-12-15 14:05:51 - Connecting to Snowflake...
[2025-12-15T14:05:52.821+0000] {subprocess.py:93} INFO - [INFO] 2025-12-15 14:05:52 - Ensuring RAW tables exist (run-aware append-only)...
[2025-12-15T14:05:53.797+0000] {subprocess.py:93} INFO - [INFO] 2025-12-15 14:05:53 - RAW tables are ready.
[2025-12-15T14:05:53.798+0000] {subprocess.py:93} INFO - [INFO] 2025-12-15 14:05:53 - Ensuring RAW_LOAD_AUDIT table exists...
[2025-12-15T14:05:54.067+0000] {subprocess.py:93} INFO - [INFO] 2025-12-15 14:05:54 - RAW_LOAD_AUDIT is ready.
[2025-12-15T14:05:54.080+0000] {subprocess.py:93} INFO - [INFO] 2025-12-15 14:05:54 - Read 500 rows from materials.csv
[2025-12-15T14:05:54.109+0000] {subprocess.py:93} INFO - [INFO] 2025-12-15 14:05:54 - Read 10,000 rows from batches.csv
[2025-12-15T14:05:54.139+0000] {subprocess.py:93} INFO - [INFO] 2025-12-15 14:05:54 - Read 10,000 rows from production_orders.csv
[2025-12-15T14:05:58.813+0000] {subprocess.py:93} INFO - [ERROR] 2025-12-15 14:05:58 - [MATERIALS] Load failed: 000904 (42000): SQL compilation error: error line 2 at position 11
[2025-12-15T14:05:58.814+0000] {subprocess.py:93} INFO - invalid identifier 'LOAD_RUN_ID'
[2025-12-15T14:05:58.814+0000] {subprocess.py:93} INFO - Traceback (most recent call last):
[2025-12-15T14:05:58.814+0000] {subprocess.py:93} INFO -   File "/opt/***/ingestion/python/load_raw_to_snowflake.py", line 272, in load_df
[2025-12-15T14:05:58.815+0000] {subprocess.py:93} INFO -     _audit(cur, load_run_id, source_file, table_name, rows_read, int(rows_loaded), "SUCCESS", None)
[2025-12-15T14:05:58.815+0000] {subprocess.py:93} INFO -   File "/opt/***/ingestion/python/load_raw_to_snowflake.py", line 220, in _audit
[2025-12-15T14:05:58.816+0000] {subprocess.py:93} INFO -     cur.execute(
[2025-12-15T14:05:58.816+0000] {subprocess.py:93} INFO -   File "/home/***/.local/lib/python3.12/site-packages/snowflake/connector/cursor.py", line 1134, in execute
[2025-12-15T14:05:58.817+0000] {subprocess.py:93} INFO -     Error.errorhandler_wrapper(self.connection, self, error_class, errvalue)
[2025-12-15T14:05:58.817+0000] {subprocess.py:93} INFO -   File "/home/***/.local/lib/python3.12/site-packages/snowflake/connector/errors.py", line 286, in errorhandler_wrapper
[2025-12-15T14:05:58.818+0000] {subprocess.py:93} INFO -     handed_over = Error.hand_to_other_handler(
[2025-12-15T14:05:58.818+0000] {subprocess.py:93} INFO -                   ^^^^^^^^^^^^^^^^^^^^^^^^^^^^
[2025-12-15T14:05:58.819+0000] {subprocess.py:93} INFO -   File "/home/***/.local/lib/python3.12/site-packages/snowflake/connector/errors.py", line 341, in hand_to_other_handler
[2025-12-15T14:05:58.819+0000] {subprocess.py:93} INFO -     cursor.errorhandler(connection, cursor, error_class, error_value)
[2025-12-15T14:05:58.820+0000] {subprocess.py:93} INFO -   File "/home/***/.local/lib/python3.12/site-packages/snowflake/connector/errors.py", line 217, in default_errorhandler
[2025-12-15T14:05:58.820+0000] {subprocess.py:93} INFO -     raise error_class(
[2025-12-15T14:05:58.821+0000] {subprocess.py:93} INFO - snowflake.connector.errors.ProgrammingError: 000904 (42000): SQL compilation error: error line 2 at position 11
[2025-12-15T14:05:58.821+0000] {subprocess.py:93} INFO - invalid identifier 'LOAD_RUN_ID'
[2025-12-15T14:05:59.057+0000] {subprocess.py:93} INFO - [ERROR] 2025-12-15 14:05:59 - [MATERIALS] Also failed to write audit row: 000904 (42000): SQL compilation error: error line 2 at position 11
[2025-12-15T14:05:59.058+0000] {subprocess.py:93} INFO - invalid identifier 'LOAD_RUN_ID'
[2025-12-15T14:06:04.260+0000] {subprocess.py:93} INFO - [ERROR] 2025-12-15 14:06:04 - [BATCHES] Load failed: 000904 (42000): SQL compilation error: error line 2 at position 11
[2025-12-15T14:06:04.260+0000] {subprocess.py:93} INFO - invalid identifier 'LOAD_RUN_ID'
[2025-12-15T14:06:04.261+0000] {subprocess.py:93} INFO - Traceback (most recent call last):
[2025-12-15T14:06:04.262+0000] {subprocess.py:93} INFO -   File "/opt/***/ingestion/python/load_raw_to_snowflake.py", line 272, in load_df
[2025-12-15T14:06:04.262+0000] {subprocess.py:93} INFO -     _audit(cur, load_run_id, source_file, table_name, rows_read, int(rows_loaded), "SUCCESS", None)
[2025-12-15T14:06:04.263+0000] {subprocess.py:93} INFO -   File "/opt/***/ingestion/python/load_raw_to_snowflake.py", line 220, in _audit
[2025-12-15T14:06:04.263+0000] {subprocess.py:93} INFO -     cur.execute(
[2025-12-15T14:06:04.264+0000] {subprocess.py:93} INFO -   File "/home/***/.local/lib/python3.12/site-packages/snowflake/connector/cursor.py", line 1134, in execute
[2025-12-15T14:06:04.264+0000] {subprocess.py:93} INFO -     Error.errorhandler_wrapper(self.connection, self, error_class, errvalue)
[2025-12-15T14:06:04.265+0000] {subprocess.py:93} INFO -   File "/home/***/.local/lib/python3.12/site-packages/snowflake/connector/errors.py", line 286, in errorhandler_wrapper
[2025-12-15T14:06:04.265+0000] {subprocess.py:93} INFO -     handed_over = Error.hand_to_other_handler(
[2025-12-15T14:06:04.266+0000] {subprocess.py:93} INFO -                   ^^^^^^^^^^^^^^^^^^^^^^^^^^^^
[2025-12-15T14:06:04.266+0000] {subprocess.py:93} INFO -   File "/home/***/.local/lib/python3.12/site-packages/snowflake/connector/errors.py", line 341, in hand_to_other_handler
[2025-12-15T14:06:04.267+0000] {subprocess.py:93} INFO -     cursor.errorhandler(connection, cursor, error_class, error_value)
[2025-12-15T14:06:04.267+0000] {subprocess.py:93} INFO -   File "/home/***/.local/lib/python3.12/site-packages/snowflake/connector/errors.py", line 217, in default_errorhandler
[2025-12-15T14:06:04.268+0000] {subprocess.py:93} INFO -     raise error_class(
[2025-12-15T14:06:04.268+0000] {subprocess.py:93} INFO - snowflake.connector.errors.ProgrammingError: 000904 (42000): SQL compilation error: error line 2 at position 11
[2025-12-15T14:06:04.269+0000] {subprocess.py:93} INFO - invalid identifier 'LOAD_RUN_ID'
[2025-12-15T14:06:04.486+0000] {subprocess.py:93} INFO - [ERROR] 2025-12-15 14:06:04 - [BATCHES] Also failed to write audit row: 000904 (42000): SQL compilation error: error line 2 at position 11
[2025-12-15T14:06:04.487+0000] {subprocess.py:93} INFO - invalid identifier 'LOAD_RUN_ID'
[2025-12-15T14:06:09.499+0000] {subprocess.py:93} INFO - [ERROR] 2025-12-15 14:06:09 - [PRODUCTION_ORDERS] Load failed: 000904 (42000): SQL compilation error: error line 2 at position 11
[2025-12-15T14:06:09.500+0000] {subprocess.py:93} INFO - invalid identifier 'LOAD_RUN_ID'
[2025-12-15T14:06:09.500+0000] {subprocess.py:93} INFO - Traceback (most recent call last):
[2025-12-15T14:06:09.501+0000] {subprocess.py:93} INFO -   File "/opt/***/ingestion/python/load_raw_to_snowflake.py", line 272, in load_df
[2025-12-15T14:06:09.502+0000] {subprocess.py:93} INFO -     _audit(cur, load_run_id, source_file, table_name, rows_read, int(rows_loaded), "SUCCESS", None)
[2025-12-15T14:06:09.502+0000] {subprocess.py:93} INFO -   File "/opt/***/ingestion/python/load_raw_to_snowflake.py", line 220, in _audit
[2025-12-15T14:06:09.502+0000] {subprocess.py:93} INFO -     cur.execute(
[2025-12-15T14:06:09.503+0000] {subprocess.py:93} INFO -   File "/home/***/.local/lib/python3.12/site-packages/snowflake/connector/cursor.py", line 1134, in execute
[2025-12-15T14:06:09.503+0000] {subprocess.py:93} INFO -     Error.errorhandler_wrapper(self.connection, self, error_class, errvalue)
[2025-12-15T14:06:09.504+0000] {subprocess.py:93} INFO -   File "/home/***/.local/lib/python3.12/site-packages/snowflake/connector/errors.py", line 286, in errorhandler_wrapper
[2025-12-15T14:06:09.504+0000] {subprocess.py:93} INFO -     handed_over = Error.hand_to_other_handler(
[2025-12-15T14:06:09.505+0000] {subprocess.py:93} INFO -                   ^^^^^^^^^^^^^^^^^^^^^^^^^^^^
[2025-12-15T14:06:09.505+0000] {subprocess.py:93} INFO -   File "/home/***/.local/lib/python3.12/site-packages/snowflake/connector/errors.py", line 341, in hand_to_other_handler
[2025-12-15T14:06:09.505+0000] {subprocess.py:93} INFO -     cursor.errorhandler(connection, cursor, error_class, error_value)
[2025-12-15T14:06:09.506+0000] {subprocess.py:93} INFO -   File "/home/***/.local/lib/python3.12/site-packages/snowflake/connector/errors.py", line 217, in default_errorhandler
[2025-12-15T14:06:09.506+0000] {subprocess.py:93} INFO -     raise error_class(
[2025-12-15T14:06:09.507+0000] {subprocess.py:93} INFO - snowflake.connector.errors.ProgrammingError: 000904 (42000): SQL compilation error: error line 2 at position 11
[2025-12-15T14:06:09.507+0000] {subprocess.py:93} INFO - invalid identifier 'LOAD_RUN_ID'
[2025-12-15T14:06:09.722+0000] {subprocess.py:93} INFO - [ERROR] 2025-12-15 14:06:09 - [PRODUCTION_ORDERS] Also failed to write audit row: 000904 (42000): SQL compilation error: error line 2 at position 11
[2025-12-15T14:06:09.723+0000] {subprocess.py:93} INFO - invalid identifier 'LOAD_RUN_ID'
[2025-12-15T14:06:10.147+0000] {subprocess.py:93} INFO - [INFO] 2025-12-15 14:06:10 - Snowflake connection closed.
[2025-12-15T14:06:10.286+0000] {subprocess.py:97} INFO - Command exited with return code 1
[2025-12-15T14:06:10.287+0000] {taskinstance.py:441} INFO - ::group::Post task execution logs
[2025-12-15T14:06:10.295+0000] {taskinstance.py:2890} ERROR - Task failed with exception
Traceback (most recent call last):
  File "/home/airflow/.local/lib/python3.12/site-packages/airflow/models/taskinstance.py", line 460, in _execute_task
    result = _execute_callable(context=context, **execute_callable_kwargs)
             ^^^^^^^^^^^^^^^^^^^^^^^^^^^^^^^^^^^^^^^^^^^^^^^^^^^^^^^^^^^^^
  File "/home/airflow/.local/lib/python3.12/site-packages/airflow/models/taskinstance.py", line 432, in _execute_callable
    return execute_callable(context=context, **execute_callable_kwargs)
           ^^^^^^^^^^^^^^^^^^^^^^^^^^^^^^^^^^^^^^^^^^^^^^^^^^^^^^^^^^^^
  File "/home/airflow/.local/lib/python3.12/site-packages/airflow/models/baseoperator.py", line 400, in wrapper
    return func(self, *args, **kwargs)
           ^^^^^^^^^^^^^^^^^^^^^^^^^^^
  File "/home/airflow/.local/lib/python3.12/site-packages/airflow/operators/bash.py", line 243, in execute
    raise AirflowException(
airflow.exceptions.AirflowException: Bash command failed. The command returned a non-zero exit code 1.
[2025-12-15T14:06:10.299+0000] {taskinstance.py:1205} INFO - Marking task as UP_FOR_RETRY. dag_id=mfg_raw_ingestion_dag, task_id=ingest_raw_to_snowflake, execution_date=20251215T140027, start_date=20251215T140549, end_date=20251215T140610
[2025-12-15T14:06:10.314+0000] {standard_task_runner.py:110} ERROR - Failed to execute job 25 for task ingest_raw_to_snowflake (Bash command failed. The command returned a non-zero exit code 1.; 2098)
[2025-12-15T14:06:10.330+0000] {local_task_job_runner.py:240} INFO - Task exited with return code 1
[2025-12-15T14:06:10.349+0000] {taskinstance.py:3482} INFO - 0 downstream tasks scheduled from follow-on schedule check
[2025-12-15T14:06:10.353+0000] {local_task_job_runner.py:222} INFO - ::endgroup::
