[2025-12-14T17:46:23.240+0000] {local_task_job_runner.py:120} INFO - ::group::Pre task execution logs
[2025-12-14T17:46:23.288+0000] {taskinstance.py:2073} INFO - Dependencies all met for dep_context=non-requeueable deps ti=<TaskInstance: mfg_dbt_transform_dag.dbt_run_marts scheduled__2025-12-13T04:15:00+00:00 [queued]>
[2025-12-14T17:46:23.302+0000] {taskinstance.py:2073} INFO - Dependencies all met for dep_context=requeueable deps ti=<TaskInstance: mfg_dbt_transform_dag.dbt_run_marts scheduled__2025-12-13T04:15:00+00:00 [queued]>
[2025-12-14T17:46:23.303+0000] {taskinstance.py:2303} INFO - Starting attempt 1 of 3
[2025-12-14T17:46:23.325+0000] {taskinstance.py:2327} INFO - Executing <Task(BashOperator): dbt_run_marts> on 2025-12-13 04:15:00+00:00
[2025-12-14T17:46:23.337+0000] {logging_mixin.py:188} WARNING - /home/***/.local/lib/python3.12/site-packages/***/task/task_runner/standard_task_runner.py:61 DeprecationWarning: This process (pid=4542) is multi-threaded, use of fork() may lead to deadlocks in the child.
[2025-12-14T17:46:23.336+0000] {standard_task_runner.py:90} INFO - Running: ['***', 'tasks', 'run', 'mfg_dbt_transform_dag', 'dbt_run_marts', 'scheduled__2025-12-13T04:15:00+00:00', '--job-id', '54', '--raw', '--subdir', 'DAGS_FOLDER/mfg_dbt_transform_dag.py', '--cfg-path', '/tmp/tmpfs6q68b3']
[2025-12-14T17:46:23.340+0000] {standard_task_runner.py:63} INFO - Started process 4543 to run task
[2025-12-14T17:46:23.340+0000] {standard_task_runner.py:91} INFO - Job 54: Subtask dbt_run_marts
[2025-12-14T17:46:23.425+0000] {task_command.py:426} INFO - Running <TaskInstance: mfg_dbt_transform_dag.dbt_run_marts scheduled__2025-12-13T04:15:00+00:00 [running]> on host 1cab3e949a95
[2025-12-14T17:46:23.569+0000] {taskinstance.py:2644} INFO - Exporting env vars: AIRFLOW_CTX_DAG_OWNER='data-engineering' AIRFLOW_CTX_DAG_ID='mfg_dbt_transform_dag' AIRFLOW_CTX_TASK_ID='dbt_run_marts' AIRFLOW_CTX_EXECUTION_DATE='2025-12-13T04:15:00+00:00' AIRFLOW_CTX_TRY_NUMBER='1' AIRFLOW_CTX_DAG_RUN_ID='scheduled__2025-12-13T04:15:00+00:00'
[2025-12-14T17:46:23.571+0000] {taskinstance.py:430} INFO - ::endgroup::
[2025-12-14T17:46:23.597+0000] {subprocess.py:63} INFO - Tmp dir root location: /tmp
[2025-12-14T17:46:23.599+0000] {subprocess.py:75} INFO - Running command: ['/usr/bin/bash', '-c', 'cd /opt/***/dbt_project && dbt run --select marts --profiles-dir /opt/***/dbt_profiles']
[2025-12-14T17:46:23.614+0000] {subprocess.py:86} INFO - Output:
[2025-12-14T17:46:28.097+0000] {subprocess.py:93} INFO - [0m17:46:28  Running with dbt=1.10.15
[2025-12-14T17:46:30.014+0000] {subprocess.py:93} INFO - [0m17:46:30  Registered adapter: snowflake=1.10.4
[2025-12-14T17:46:31.527+0000] {subprocess.py:93} INFO - [0m17:46:31  Found 8 models, 24 data tests, 3 sources, 504 macros
[2025-12-14T17:46:31.534+0000] {subprocess.py:93} INFO - [0m17:46:31
[2025-12-14T17:46:31.536+0000] {subprocess.py:93} INFO - [0m17:46:31  Concurrency: 4 threads (target='dev')
[2025-12-14T17:46:31.538+0000] {subprocess.py:93} INFO - [0m17:46:31
[2025-12-14T17:46:33.614+0000] {subprocess.py:93} INFO - [0m17:46:33  1 of 2 START sql table model ANALYTICS_analytics.mfg_ml_features_orders ........ [RUN]
[2025-12-14T17:46:33.617+0000] {subprocess.py:93} INFO - [0m17:46:33  2 of 2 START sql table model ANALYTICS_analytics.mfg_plant_daily_kpis .......... [RUN]
[2025-12-14T17:46:35.496+0000] {subprocess.py:93} INFO - [0m17:46:35  1 of 2 OK created sql table model ANALYTICS_analytics.mfg_ml_features_orders ... [[32mSUCCESS 1[0m in 1.86s]
[2025-12-14T17:46:36.663+0000] {subprocess.py:93} INFO - [0m17:46:36  2 of 2 OK created sql table model ANALYTICS_analytics.mfg_plant_daily_kpis ..... [[32mSUCCESS 1[0m in 3.03s]
[2025-12-14T17:46:37.598+0000] {subprocess.py:93} INFO - [0m17:46:37
[2025-12-14T17:46:37.601+0000] {subprocess.py:93} INFO - [0m17:46:37  Finished running 2 table models in 0 hours 0 minutes and 6.06 seconds (6.06s).
[2025-12-14T17:46:37.751+0000] {subprocess.py:93} INFO - [0m17:46:37
[2025-12-14T17:46:37.753+0000] {subprocess.py:93} INFO - [0m17:46:37  [32mCompleted successfully[0m
[2025-12-14T17:46:37.755+0000] {subprocess.py:93} INFO - [0m17:46:37
[2025-12-14T17:46:37.757+0000] {subprocess.py:93} INFO - [0m17:46:37  Done. PASS=2 WARN=0 ERROR=0 SKIP=0 NO-OP=0 TOTAL=2
[2025-12-14T17:46:39.124+0000] {subprocess.py:97} INFO - Command exited with return code 0
[2025-12-14T17:46:39.126+0000] {taskinstance.py:441} INFO - ::group::Post task execution logs
[2025-12-14T17:46:39.165+0000] {taskinstance.py:1205} INFO - Marking task as SUCCESS. dag_id=mfg_dbt_transform_dag, task_id=dbt_run_marts, execution_date=20251213T041500, start_date=20251214T174623, end_date=20251214T174639
[2025-12-14T17:46:39.218+0000] {local_task_job_runner.py:240} INFO - Task exited with return code 0
[2025-12-14T17:46:39.242+0000] {taskinstance.py:3482} INFO - 0 downstream tasks scheduled from follow-on schedule check
[2025-12-14T17:46:39.248+0000] {local_task_job_runner.py:222} INFO - ::endgroup::
