[2025-12-13T22:19:59.316+0000] {local_task_job_runner.py:120} INFO - ::group::Pre task execution logs
[2025-12-13T22:19:59.346+0000] {taskinstance.py:2073} INFO - Dependencies all met for dep_context=non-requeueable deps ti=<TaskInstance: mfg_dbt_transform_dag.dbt_run_core manual__2025-12-13T22:18:44.299996+00:00 [queued]>
[2025-12-13T22:19:59.355+0000] {taskinstance.py:2073} INFO - Dependencies all met for dep_context=requeueable deps ti=<TaskInstance: mfg_dbt_transform_dag.dbt_run_core manual__2025-12-13T22:18:44.299996+00:00 [queued]>
[2025-12-13T22:19:59.356+0000] {taskinstance.py:2303} INFO - Starting attempt 1 of 3
[2025-12-13T22:19:59.373+0000] {taskinstance.py:2327} INFO - Executing <Task(BashOperator): dbt_run_core> on 2025-12-13 22:18:44.299996+00:00
[2025-12-13T22:19:59.381+0000] {standard_task_runner.py:90} INFO - Running: ['***', 'tasks', 'run', 'mfg_dbt_transform_dag', 'dbt_run_core', 'manual__2025-12-13T22:18:44.299996+00:00', '--job-id', '15', '--raw', '--subdir', 'DAGS_FOLDER/mfg_dbt_transform_dag.py', '--cfg-path', '/tmp/tmpsp55fabr']
[2025-12-13T22:19:59.384+0000] {standard_task_runner.py:91} INFO - Job 15: Subtask dbt_run_core
[2025-12-13T22:19:59.384+0000] {logging_mixin.py:188} WARNING - /home/***/.local/lib/python3.12/site-packages/***/task/task_runner/standard_task_runner.py:61 DeprecationWarning: This process (pid=559) is multi-threaded, use of fork() may lead to deadlocks in the child.
[2025-12-13T22:19:59.385+0000] {standard_task_runner.py:63} INFO - Started process 560 to run task
[2025-12-13T22:19:59.440+0000] {task_command.py:426} INFO - Running <TaskInstance: mfg_dbt_transform_dag.dbt_run_core manual__2025-12-13T22:18:44.299996+00:00 [running]> on host 1cab3e949a95
[2025-12-13T22:19:59.575+0000] {taskinstance.py:2644} INFO - Exporting env vars: AIRFLOW_CTX_DAG_OWNER='data-engineering' AIRFLOW_CTX_DAG_ID='mfg_dbt_transform_dag' AIRFLOW_CTX_TASK_ID='dbt_run_core' AIRFLOW_CTX_EXECUTION_DATE='2025-12-13T22:18:44.299996+00:00' AIRFLOW_CTX_TRY_NUMBER='1' AIRFLOW_CTX_DAG_RUN_ID='manual__2025-12-13T22:18:44.299996+00:00'
[2025-12-13T22:19:59.577+0000] {taskinstance.py:430} INFO - ::endgroup::
[2025-12-13T22:19:59.597+0000] {subprocess.py:63} INFO - Tmp dir root location: /tmp
[2025-12-13T22:19:59.599+0000] {subprocess.py:75} INFO - Running command: ['/usr/bin/bash', '-c', 'cd /opt/***/dbt_project && dbt run --select core --profiles-dir /opt/***/dbt_profiles']
[2025-12-13T22:19:59.610+0000] {subprocess.py:86} INFO - Output:
[2025-12-13T22:20:02.661+0000] {subprocess.py:93} INFO - [0m22:20:02  Running with dbt=1.10.15
[2025-12-13T22:20:03.944+0000] {subprocess.py:93} INFO - [0m22:20:03  Registered adapter: snowflake=1.10.4
[2025-12-13T22:20:04.804+0000] {subprocess.py:93} INFO - [0m22:20:04  Found 8 models, 24 data tests, 3 sources, 504 macros
[2025-12-13T22:20:04.810+0000] {subprocess.py:93} INFO - [0m22:20:04
[2025-12-13T22:20:04.811+0000] {subprocess.py:93} INFO - [0m22:20:04  Concurrency: 4 threads (target='dev')
[2025-12-13T22:20:04.813+0000] {subprocess.py:93} INFO - [0m22:20:04
[2025-12-13T22:20:06.896+0000] {subprocess.py:93} INFO - [0m22:20:06  1 of 3 START sql table model ANALYTICS_analytics.core_materials ................ [RUN]
[2025-12-13T22:20:08.042+0000] {subprocess.py:93} INFO - [0m22:20:08  1 of 3 OK created sql table model ANALYTICS_analytics.core_materials ........... [[32mSUCCESS 1[0m in 1.14s]
[2025-12-13T22:20:08.051+0000] {subprocess.py:93} INFO - [0m22:20:08  2 of 3 START sql table model ANALYTICS_analytics.core_batches .................. [RUN]
[2025-12-13T22:20:08.053+0000] {subprocess.py:93} INFO - [0m22:20:08  3 of 3 START sql table model ANALYTICS_analytics.fct_production_orders ......... [RUN]
[2025-12-13T22:20:11.164+0000] {subprocess.py:93} INFO - [0m22:20:11  2 of 3 OK created sql table model ANALYTICS_analytics.core_batches ............. [[32mSUCCESS 1[0m in 3.11s]
[2025-12-13T22:20:11.376+0000] {subprocess.py:93} INFO - [0m22:20:11  3 of 3 OK created sql table model ANALYTICS_analytics.fct_production_orders .... [[32mSUCCESS 1[0m in 3.32s]
[2025-12-13T22:20:12.749+0000] {subprocess.py:93} INFO - [0m22:20:12
[2025-12-13T22:20:12.751+0000] {subprocess.py:93} INFO - [0m22:20:12  Finished running 3 table models in 0 hours 0 minutes and 7.93 seconds (7.93s).
[2025-12-13T22:20:12.837+0000] {subprocess.py:93} INFO - [0m22:20:12
[2025-12-13T22:20:12.839+0000] {subprocess.py:93} INFO - [0m22:20:12  [32mCompleted successfully[0m
[2025-12-13T22:20:12.840+0000] {subprocess.py:93} INFO - [0m22:20:12
[2025-12-13T22:20:12.841+0000] {subprocess.py:93} INFO - [0m22:20:12  Done. PASS=3 WARN=0 ERROR=0 SKIP=0 NO-OP=0 TOTAL=3
[2025-12-13T22:20:13.861+0000] {subprocess.py:97} INFO - Command exited with return code 0
[2025-12-13T22:20:13.863+0000] {taskinstance.py:441} INFO - ::group::Post task execution logs
[2025-12-13T22:20:13.890+0000] {taskinstance.py:1205} INFO - Marking task as SUCCESS. dag_id=mfg_dbt_transform_dag, task_id=dbt_run_core, execution_date=20251213T221844, start_date=20251213T221959, end_date=20251213T222013
[2025-12-13T22:20:13.926+0000] {local_task_job_runner.py:240} INFO - Task exited with return code 0
[2025-12-13T22:20:13.949+0000] {taskinstance.py:3482} INFO - 1 downstream tasks scheduled from follow-on schedule check
[2025-12-13T22:20:13.954+0000] {local_task_job_runner.py:222} INFO - ::endgroup::
