[2025-12-13T22:03:31.019+0000] {local_task_job_runner.py:120} INFO - ::group::Pre task execution logs
[2025-12-13T22:03:31.053+0000] {taskinstance.py:2073} INFO - Dependencies all met for dep_context=non-requeueable deps ti=<TaskInstance: mfg_data_quality_monitoring_dag.dq_alert_on_issues scheduled__2025-12-12T06:00:00+00:00 [queued]>
[2025-12-13T22:03:31.062+0000] {taskinstance.py:2073} INFO - Dependencies all met for dep_context=requeueable deps ti=<TaskInstance: mfg_data_quality_monitoring_dag.dq_alert_on_issues scheduled__2025-12-12T06:00:00+00:00 [queued]>
[2025-12-13T22:03:31.063+0000] {taskinstance.py:2303} INFO - Starting attempt 1 of 2
[2025-12-13T22:03:31.081+0000] {taskinstance.py:2327} INFO - Executing <Task(PythonOperator): dq_alert_on_issues> on 2025-12-12 06:00:00+00:00
[2025-12-13T22:03:31.096+0000] {logging_mixin.py:188} WARNING - /home/***/.local/lib/python3.12/site-packages/***/task/task_runner/standard_task_runner.py:61 DeprecationWarning: This process (pid=424) is multi-threaded, use of fork() may lead to deadlocks in the child.
[2025-12-13T22:03:31.092+0000] {standard_task_runner.py:90} INFO - Running: ['***', 'tasks', 'run', 'mfg_data_quality_monitoring_dag', 'dq_alert_on_issues', 'scheduled__2025-12-12T06:00:00+00:00', '--job-id', '14', '--raw', '--subdir', 'DAGS_FOLDER/mfg_data_quality_monitoring_dag.py', '--cfg-path', '/tmp/tmpyy3kahrn']
[2025-12-13T22:03:31.098+0000] {standard_task_runner.py:63} INFO - Started process 431 to run task
[2025-12-13T22:03:31.098+0000] {standard_task_runner.py:91} INFO - Job 14: Subtask dq_alert_on_issues
[2025-12-13T22:03:31.166+0000] {task_command.py:426} INFO - Running <TaskInstance: mfg_data_quality_monitoring_dag.dq_alert_on_issues scheduled__2025-12-12T06:00:00+00:00 [running]> on host 54d82317add3
[2025-12-13T22:03:31.267+0000] {taskinstance.py:2644} INFO - Exporting env vars: AIRFLOW_CTX_DAG_OWNER='data-platform' AIRFLOW_CTX_DAG_ID='mfg_data_quality_monitoring_dag' AIRFLOW_CTX_TASK_ID='dq_alert_on_issues' AIRFLOW_CTX_EXECUTION_DATE='2025-12-12T06:00:00+00:00' AIRFLOW_CTX_TRY_NUMBER='1' AIRFLOW_CTX_DAG_RUN_ID='scheduled__2025-12-12T06:00:00+00:00'
[2025-12-13T22:03:31.269+0000] {taskinstance.py:430} INFO - ::endgroup::
[2025-12-13T22:03:31.299+0000] {logging_mixin.py:188} INFO - 🚦 *MFG Data Quality Report*
- dag_run_id: scheduled__2025-12-12T06:00:00+00:00
- run_ts_utc: 2025-12-13T22:03:24.030097
- errors: 0 | warnings: 1

⚠️ *WARNINGS*
- null_actual_start_date: {"check": "null_actual_start_date", "severity": "WARN", "null_count": 2120}
[2025-12-13T22:03:31.647+0000] {logging_mixin.py:188} INFO - [OK] Slack notification sent.
[2025-12-13T22:03:31.648+0000] {python.py:237} INFO - Done. Returned value was: None
[2025-12-13T22:03:31.649+0000] {taskinstance.py:441} INFO - ::group::Post task execution logs
[2025-12-13T22:03:31.661+0000] {taskinstance.py:1205} INFO - Marking task as SUCCESS. dag_id=mfg_data_quality_monitoring_dag, task_id=dq_alert_on_issues, execution_date=20251212T060000, start_date=20251213T220331, end_date=20251213T220331
[2025-12-13T22:03:31.717+0000] {local_task_job_runner.py:240} INFO - Task exited with return code 0
[2025-12-13T22:03:31.734+0000] {taskinstance.py:3482} INFO - 0 downstream tasks scheduled from follow-on schedule check
[2025-12-13T22:03:31.739+0000] {local_task_job_runner.py:222} INFO - ::endgroup::
[2025-12-13T22:22:09.540+0000] {local_task_job_runner.py:120} INFO - ::group::Pre task execution logs
[2025-12-13T22:22:09.570+0000] {taskinstance.py:2073} INFO - Dependencies all met for dep_context=non-requeueable deps ti=<TaskInstance: mfg_data_quality_monitoring_dag.dq_alert_on_issues scheduled__2025-12-12T06:00:00+00:00 [queued]>
[2025-12-13T22:22:09.577+0000] {taskinstance.py:2073} INFO - Dependencies all met for dep_context=requeueable deps ti=<TaskInstance: mfg_data_quality_monitoring_dag.dq_alert_on_issues scheduled__2025-12-12T06:00:00+00:00 [queued]>
[2025-12-13T22:22:09.578+0000] {taskinstance.py:2303} INFO - Starting attempt 1 of 2
[2025-12-13T22:22:09.592+0000] {taskinstance.py:2327} INFO - Executing <Task(PythonOperator): dq_alert_on_issues> on 2025-12-12 06:00:00+00:00
[2025-12-13T22:22:09.604+0000] {standard_task_runner.py:90} INFO - Running: ['***', 'tasks', 'run', 'mfg_data_quality_monitoring_dag', 'dq_alert_on_issues', 'scheduled__2025-12-12T06:00:00+00:00', '--job-id', '30', '--raw', '--subdir', 'DAGS_FOLDER/mfg_data_quality_monitoring_dag.py', '--cfg-path', '/tmp/tmply9znc0y']
[2025-12-13T22:22:09.613+0000] {standard_task_runner.py:91} INFO - Job 30: Subtask dq_alert_on_issues
[2025-12-13T22:22:09.613+0000] {logging_mixin.py:188} WARNING - /home/***/.local/lib/python3.12/site-packages/***/task/task_runner/standard_task_runner.py:61 DeprecationWarning: This process (pid=831) is multi-threaded, use of fork() may lead to deadlocks in the child.
[2025-12-13T22:22:09.615+0000] {standard_task_runner.py:63} INFO - Started process 834 to run task
[2025-12-13T22:22:09.680+0000] {task_command.py:426} INFO - Running <TaskInstance: mfg_data_quality_monitoring_dag.dq_alert_on_issues scheduled__2025-12-12T06:00:00+00:00 [running]> on host 1cab3e949a95
[2025-12-13T22:22:09.794+0000] {taskinstance.py:2644} INFO - Exporting env vars: AIRFLOW_CTX_DAG_OWNER='data-platform' AIRFLOW_CTX_DAG_ID='mfg_data_quality_monitoring_dag' AIRFLOW_CTX_TASK_ID='dq_alert_on_issues' AIRFLOW_CTX_EXECUTION_DATE='2025-12-12T06:00:00+00:00' AIRFLOW_CTX_TRY_NUMBER='1' AIRFLOW_CTX_DAG_RUN_ID='scheduled__2025-12-12T06:00:00+00:00'
[2025-12-13T22:22:09.797+0000] {taskinstance.py:430} INFO - ::endgroup::
[2025-12-13T22:22:09.829+0000] {logging_mixin.py:188} INFO - 🚦 *MFG Data Quality Report*
- dag_run_id: scheduled__2025-12-12T06:00:00+00:00
- run_ts_utc: 2025-12-13T22:22:03.996013
- errors: 3 | warnings: 0

❌ *ERRORS* (showing up to 5)
- table_rowcount_mismatch: {"check": "table_rowcount_mismatch", "severity": "ERROR", "raw_table": "RAW.MATERIALS", "core_table": "ANALYTICS_ANALYTICS.CORE_MATERIALS", "raw_count": 0, "core_count": 500, "diff": -500}
- table_rowcount_mismatch: {"check": "table_rowcount_mismatch", "severity": "ERROR", "raw_table": "RAW.BATCHES", "core_table": "ANALYTICS_ANALYTICS.CORE_BATCHES", "raw_count": 0, "core_count": 10000, "diff": -10000}
- table_rowcount_mismatch: {"check": "table_rowcount_mismatch", "severity": "ERROR", "raw_table": "RAW.PRODUCTION_ORDERS", "core_table": "ANALYTICS_ANALYTICS.FCT_PRODUCTION_ORDERS", "raw_count": 0, "core_count": 10000, "diff": -10000}
[2025-12-13T22:22:10.262+0000] {logging_mixin.py:188} INFO - [OK] Slack notification sent.
[2025-12-13T22:22:10.264+0000] {python.py:237} INFO - Done. Returned value was: None
[2025-12-13T22:22:10.272+0000] {taskinstance.py:441} INFO - ::group::Post task execution logs
[2025-12-13T22:22:10.291+0000] {taskinstance.py:1205} INFO - Marking task as SUCCESS. dag_id=mfg_data_quality_monitoring_dag, task_id=dq_alert_on_issues, execution_date=20251212T060000, start_date=20251213T222209, end_date=20251213T222210
[2025-12-13T22:22:10.406+0000] {local_task_job_runner.py:240} INFO - Task exited with return code 0
[2025-12-13T22:22:10.455+0000] {taskinstance.py:3482} INFO - 0 downstream tasks scheduled from follow-on schedule check
[2025-12-13T22:22:10.481+0000] {local_task_job_runner.py:222} INFO - ::endgroup::
